[0.586s] Invoking command in '/home/virkt/CS497F/ros-lab-2/py_pubsub': PS1=<ROS2-Jazzy>[\u@\h \W]$ PYTHONPATH=/home/virkt/CS497F/ros-lab-2/build/py_pubsub/prefix_override:/usr/lib/python3/dist-packages/colcon_core/task/python/colcon_distutils_commands:/home/virkt/CS497F/ros-lab-2/install/py_pubsub/lib/python3.12/site-packages:${PYTHONPATH} /usr/bin/python3 -W ignore:setup.py install is deprecated -W ignore:easy_install command is deprecated setup.py egg_info --egg-base ../build/py_pubsub build --build-base /home/virkt/CS497F/ros-lab-2/build/py_pubsub/build install --record /home/virkt/CS497F/ros-lab-2/build/py_pubsub/install.log --single-version-externally-managed install_data
[0.724s] running egg_info
[0.733s] writing ../build/py_pubsub/py_pubsub.egg-info/PKG-INFO
[0.737s] writing dependency_links to ../build/py_pubsub/py_pubsub.egg-info/dependency_links.txt
[0.739s] writing entry points to ../build/py_pubsub/py_pubsub.egg-info/entry_points.txt
[0.741s] writing requirements to ../build/py_pubsub/py_pubsub.egg-info/requires.txt
[0.743s] writing top-level names to ../build/py_pubsub/py_pubsub.egg-info/top_level.txt
[0.773s] reading manifest file '../build/py_pubsub/py_pubsub.egg-info/SOURCES.txt'
[0.775s] adding license file 'LICENSE'
[0.775s] writing manifest file '../build/py_pubsub/py_pubsub.egg-info/SOURCES.txt'
[0.778s] running build
[0.778s] running build_py
[0.779s] copying py_pubsub/publisher_member_function.py -> /home/virkt/CS497F/ros-lab-2/build/py_pubsub/build/lib/py_pubsub
[0.783s] running install
[0.793s] running install_lib
[0.806s] copying /home/virkt/CS497F/ros-lab-2/build/py_pubsub/build/lib/py_pubsub/publisher_member_function.py -> /home/virkt/CS497F/ros-lab-2/install/py_pubsub/lib/python3.12/site-packages/py_pubsub
[0.812s] byte-compiling /home/virkt/CS497F/ros-lab-2/install/py_pubsub/lib/python3.12/site-packages/py_pubsub/publisher_member_function.py to publisher_member_function.cpython-312.pyc
[0.817s] running install_data
[0.818s] running install_egg_info
[0.848s] removing '/home/virkt/CS497F/ros-lab-2/install/py_pubsub/lib/python3.12/site-packages/py_pubsub-0.0.0-py3.12.egg-info' (and everything under it)
[0.856s] Copying ../build/py_pubsub/py_pubsub.egg-info to /home/virkt/CS497F/ros-lab-2/install/py_pubsub/lib/python3.12/site-packages/py_pubsub-0.0.0-py3.12.egg-info
[0.896s] running install_scripts
[1.107s] Installing publisher_member_function script to /home/virkt/CS497F/ros-lab-2/install/py_pubsub/lib/py_pubsub
[1.110s] writing list of installed files to '/home/virkt/CS497F/ros-lab-2/build/py_pubsub/install.log'
[1.126s] Invoked command in '/home/virkt/CS497F/ros-lab-2/py_pubsub' returned '0': PS1=<ROS2-Jazzy>[\u@\h \W]$ PYTHONPATH=/home/virkt/CS497F/ros-lab-2/build/py_pubsub/prefix_override:/usr/lib/python3/dist-packages/colcon_core/task/python/colcon_distutils_commands:/home/virkt/CS497F/ros-lab-2/install/py_pubsub/lib/python3.12/site-packages:${PYTHONPATH} /usr/bin/python3 -W ignore:setup.py install is deprecated -W ignore:easy_install command is deprecated setup.py egg_info --egg-base ../build/py_pubsub build --build-base /home/virkt/CS497F/ros-lab-2/build/py_pubsub/build install --record /home/virkt/CS497F/ros-lab-2/build/py_pubsub/install.log --single-version-externally-managed install_data
