[0.041s] Invoking command in '/home/virkt/CS497F/ros-lab-2/build/ros_gz_description': CMAKE_PREFIX_PATH=${CMAKE_PREFIX_PATH}:/opt/ros/jazzy PS1=<ROS2-Jazzy>[\u@\h \W]$ /usr/bin/cmake --build /home/virkt/CS497F/ros-lab-2/build/ros_gz_description -- -j28 -l28
[0.338s] Invoked command in '/home/virkt/CS497F/ros-lab-2/build/ros_gz_description' returned '0': CMAKE_PREFIX_PATH=${CMAKE_PREFIX_PATH}:/opt/ros/jazzy PS1=<ROS2-Jazzy>[\u@\h \W]$ /usr/bin/cmake --build /home/virkt/CS497F/ros-lab-2/build/ros_gz_description -- -j28 -l28
[0.350s] Invoking command in '/home/virkt/CS497F/ros-lab-2/build/ros_gz_description': CMAKE_PREFIX_PATH=${CMAKE_PREFIX_PATH}:/opt/ros/jazzy PS1=<ROS2-Jazzy>[\u@\h \W]$ /usr/bin/cmake --install /home/virkt/CS497F/ros-lab-2/build/ros_gz_description
[0.357s] -- Install configuration: ""
[0.358s] -- Up-to-date: /home/virkt/CS497F/ros-lab-2/install/ros_gz_description/share/ros_gz_description/models
[0.359s] -- Up-to-date: /home/virkt/CS497F/ros-lab-2/install/ros_gz_description/share/ros_gz_description/models/diff_drive
[0.361s] -- Installing: /home/virkt/CS497F/ros-lab-2/install/ros_gz_description/share/ros_gz_description/models/diff_drive/model.sdf
[0.369s] -- Up-to-date: /home/virkt/CS497F/ros-lab-2/install/ros_gz_description/share/ros_gz_description/models/diff_drive/model.config
[0.371s] -- Up-to-date: /home/virkt/CS497F/ros-lab-2/install/ros_gz_description/share/ros_gz_description/environment/ros_gz_description.dsv
[0.373s] -- Up-to-date: /home/virkt/CS497F/ros-lab-2/install/ros_gz_description/share/ros_gz_description/environment/ros_gz_description.sh
[0.374s] -- Up-to-date: /home/virkt/CS497F/ros-lab-2/install/ros_gz_description/share/ament_index/resource_index/package_run_dependencies/ros_gz_description
[0.375s] -- Up-to-date: /home/virkt/CS497F/ros-lab-2/install/ros_gz_description/share/ament_index/resource_index/parent_prefix_path/ros_gz_description
[0.376s] -- Up-to-date: /home/virkt/CS497F/ros-lab-2/install/ros_gz_description/share/ros_gz_description/environment/ament_prefix_path.sh
[0.376s] -- Up-to-date: /home/virkt/CS497F/ros-lab-2/install/ros_gz_description/share/ros_gz_description/environment/ament_prefix_path.dsv
[0.377s] -- Up-to-date: /home/virkt/CS497F/ros-lab-2/install/ros_gz_description/share/ros_gz_description/environment/path.sh
[0.378s] -- Up-to-date: /home/virkt/CS497F/ros-lab-2/install/ros_gz_description/share/ros_gz_description/environment/path.dsv
[0.378s] -- Up-to-date: /home/virkt/CS497F/ros-lab-2/install/ros_gz_description/share/ros_gz_description/local_setup.bash
[0.379s] -- Up-to-date: /home/virkt/CS497F/ros-lab-2/install/ros_gz_description/share/ros_gz_description/local_setup.sh
[0.380s] -- Up-to-date: /home/virkt/CS497F/ros-lab-2/install/ros_gz_description/share/ros_gz_description/local_setup.zsh
[0.381s] -- Up-to-date: /home/virkt/CS497F/ros-lab-2/install/ros_gz_description/share/ros_gz_description/local_setup.dsv
[0.382s] -- Installing: /home/virkt/CS497F/ros-lab-2/install/ros_gz_description/share/ros_gz_description/package.dsv
[0.388s] -- Up-to-date: /home/virkt/CS497F/ros-lab-2/install/ros_gz_description/share/ament_index/resource_index/packages/ros_gz_description
[0.389s] -- Up-to-date: /home/virkt/CS497F/ros-lab-2/install/ros_gz_description/share/ros_gz_description/cmake/ros_gz_descriptionConfig.cmake
[0.391s] -- Up-to-date: /home/virkt/CS497F/ros-lab-2/install/ros_gz_description/share/ros_gz_description/cmake/ros_gz_descriptionConfig-version.cmake
[0.392s] -- Up-to-date: /home/virkt/CS497F/ros-lab-2/install/ros_gz_description/share/ros_gz_description/package.xml
[0.461s] Invoked command in '/home/virkt/CS497F/ros-lab-2/build/ros_gz_description' returned '0': CMAKE_PREFIX_PATH=${CMAKE_PREFIX_PATH}:/opt/ros/jazzy PS1=<ROS2-Jazzy>[\u@\h \W]$ /usr/bin/cmake --install /home/virkt/CS497F/ros-lab-2/build/ros_gz_description
