[0.038s] Invoking command in '/home/virkt/CS497F/ros-lab-2/build/ros_gz_app': CMAKE_PREFIX_PATH=${CMAKE_PREFIX_PATH}:/opt/ros/jazzy PS1=<ROS2-Jazzy>[\u@\h \W]$ /usr/bin/cmake --build /home/virkt/CS497F/ros-lab-2/build/ros_gz_app -- -j24 -l24
[0.552s] Invoked command in '/home/virkt/CS497F/ros-lab-2/build/ros_gz_app' returned '0': CMAKE_PREFIX_PATH=${CMAKE_PREFIX_PATH}:/opt/ros/jazzy PS1=<ROS2-Jazzy>[\u@\h \W]$ /usr/bin/cmake --build /home/virkt/CS497F/ros-lab-2/build/ros_gz_app -- -j24 -l24
[0.580s] Invoking command in '/home/virkt/CS497F/ros-lab-2/build/ros_gz_app': CMAKE_PREFIX_PATH=${CMAKE_PREFIX_PATH}:/opt/ros/jazzy PS1=<ROS2-Jazzy>[\u@\h \W]$ /usr/bin/cmake --install /home/virkt/CS497F/ros-lab-2/build/ros_gz_app
[0.602s] -- Install configuration: ""
[0.606s] -- Up-to-date: /home/virkt/CS497F/ros-lab-2/install/ros_gz_app/share/ament_index/resource_index/package_run_dependencies/ros_gz_app
[0.608s] -- Up-to-date: /home/virkt/CS497F/ros-lab-2/install/ros_gz_app/share/ament_index/resource_index/parent_prefix_path/ros_gz_app
[0.609s] -- Up-to-date: /home/virkt/CS497F/ros-lab-2/install/ros_gz_app/share/ros_gz_app/environment/ament_prefix_path.sh
[0.610s] -- Up-to-date: /home/virkt/CS497F/ros-lab-2/install/ros_gz_app/share/ros_gz_app/environment/ament_prefix_path.dsv
[0.611s] -- Up-to-date: /home/virkt/CS497F/ros-lab-2/install/ros_gz_app/share/ros_gz_app/environment/path.sh
[0.612s] -- Up-to-date: /home/virkt/CS497F/ros-lab-2/install/ros_gz_app/share/ros_gz_app/environment/path.dsv
[0.612s] -- Up-to-date: /home/virkt/CS497F/ros-lab-2/install/ros_gz_app/share/ros_gz_app/local_setup.bash
[0.613s] -- Up-to-date: /home/virkt/CS497F/ros-lab-2/install/ros_gz_app/share/ros_gz_app/local_setup.sh
[0.614s] -- Up-to-date: /home/virkt/CS497F/ros-lab-2/install/ros_gz_app/share/ros_gz_app/local_setup.zsh
[0.616s] -- Up-to-date: /home/virkt/CS497F/ros-lab-2/install/ros_gz_app/share/ros_gz_app/local_setup.dsv
[0.616s] -- Up-to-date: /home/virkt/CS497F/ros-lab-2/install/ros_gz_app/share/ros_gz_app/package.dsv
[0.618s] -- Up-to-date: /home/virkt/CS497F/ros-lab-2/install/ros_gz_app/share/ament_index/resource_index/packages/ros_gz_app
[0.619s] -- Up-to-date: /home/virkt/CS497F/ros-lab-2/install/ros_gz_app/share/ros_gz_app/cmake/ros_gz_appConfig.cmake
[0.620s] -- Up-to-date: /home/virkt/CS497F/ros-lab-2/install/ros_gz_app/share/ros_gz_app/cmake/ros_gz_appConfig-version.cmake
[0.621s] -- Up-to-date: /home/virkt/CS497F/ros-lab-2/install/ros_gz_app/share/ros_gz_app/package.xml
[0.624s] Invoked command in '/home/virkt/CS497F/ros-lab-2/build/ros_gz_app' returned '0': CMAKE_PREFIX_PATH=${CMAKE_PREFIX_PATH}:/opt/ros/jazzy PS1=<ROS2-Jazzy>[\u@\h \W]$ /usr/bin/cmake --install /home/virkt/CS497F/ros-lab-2/build/ros_gz_app
