[0.032s] Invoking command in '/home/virkt/CS497F/ros-lab-2/build/ros_gz_bringup': AMENT_PREFIX_PATH=/home/virkt/CS497F/ros-lab-2/install/ros_gz_gazebo:${AMENT_PREFIX_PATH} CMAKE_PREFIX_PATH=/home/virkt/CS497F/ros-lab-2/install/ros_gz_gazebo:/home/virkt/CS497F/ros-lab-2/install/ros_gz_description:/opt/ros/jazzy/opt/gz_sim_vendor:/opt/ros/jazzy/opt/gz_sensors_vendor:/opt/ros/jazzy/opt/gz_physics_vendor:/opt/ros/jazzy/opt/sdformat_vendor:/opt/ros/jazzy/opt/gz_gui_vendor:/opt/ros/jazzy/opt/gz_transport_vendor:/opt/ros/jazzy/opt/gz_rendering_vendor:/opt/ros/jazzy/opt/gz_plugin_vendor:/opt/ros/jazzy/opt/gz_fuel_tools_vendor:/opt/ros/jazzy/opt/gz_msgs_vendor:/opt/ros/jazzy/opt/gz_common_vendor:/opt/ros/jazzy/opt/gz_math_vendor:/opt/ros/jazzy/opt/gz_utils_vendor:/opt/ros/jazzy/opt/gz_tools_vendor:/opt/ros/jazzy/opt/gz_ogre_next_vendor:/opt/ros/jazzy/opt/gz_dartsim_vendor:/opt/ros/jazzy/opt/gz_cmake_vendor:/opt/ros/jazzy GZ_SIM_PLUGIN_PATH=/home/virkt/CS497F/ros-lab-2/install/ros_gz_gazebo/lib/ros_gz_gazebo GZ_SIM_RESOURCE_PATH=/home/virkt/CS497F/ros-lab-2/install/ros_gz_gazebo/share/ros_gz_gazebo/worlds PS1=<ROS2-Jazzy>[\u@\h \W]$ /usr/bin/cmake /home/virkt/CS497F/ros-lab-2/ros_gz_bringup -DBUILD_TESTING=ON -DCMAKE_INSTALL_PREFIX=/home/virkt/CS497F/ros-lab-2/install/ros_gz_bringup
[0.171s] -- The C compiler identification is GNU 13.3.0
[0.278s] -- The CXX compiler identification is GNU 13.3.0
[0.317s] -- Detecting C compiler ABI info
[0.627s] -- Detecting C compiler ABI info - done
[0.644s] -- Check for working C compiler: /usr/bin/cc - skipped
[0.644s] -- Detecting C compile features
[0.645s] -- Detecting C compile features - done
[0.677s] -- Detecting CXX compiler ABI info
[0.979s] -- Detecting CXX compiler ABI info - done
[0.990s] -- Check for working CXX compiler: /usr/bin/c++ - skipped
[0.990s] -- Detecting CXX compile features
[0.990s] -- Detecting CXX compile features - done
[1.036s] -- Found ament_cmake: 2.5.3 (/opt/ros/jazzy/share/ament_cmake/cmake)
[1.249s] -- Found Python3: /usr/bin/python3 (found version "3.12.3") found components: Interpreter 
[1.716s] -- Found ros_gz_description: 0.0.0 (/home/virkt/CS497F/ros-lab-2/install/ros_gz_description/share/ros_gz_description/cmake)
[1.726s] -- Found ros_gz_gazebo: 0.0.0 (/home/virkt/CS497F/ros-lab-2/install/ros_gz_gazebo/share/ros_gz_gazebo/cmake)
[1.754s] -- Found ament_lint_auto: 0.17.2 (/opt/ros/jazzy/share/ament_lint_auto/cmake)
[1.906s] -- Configuring done (1.9s)
[2.009s] -- Generating done (0.1s)
[2.056s] -- Build files have been written to: /home/virkt/CS497F/ros-lab-2/build/ros_gz_bringup
[2.063s] Invoked command in '/home/virkt/CS497F/ros-lab-2/build/ros_gz_bringup' returned '0': AMENT_PREFIX_PATH=/home/virkt/CS497F/ros-lab-2/install/ros_gz_gazebo:${AMENT_PREFIX_PATH} CMAKE_PREFIX_PATH=/home/virkt/CS497F/ros-lab-2/install/ros_gz_gazebo:/home/virkt/CS497F/ros-lab-2/install/ros_gz_description:/opt/ros/jazzy/opt/gz_sim_vendor:/opt/ros/jazzy/opt/gz_sensors_vendor:/opt/ros/jazzy/opt/gz_physics_vendor:/opt/ros/jazzy/opt/sdformat_vendor:/opt/ros/jazzy/opt/gz_gui_vendor:/opt/ros/jazzy/opt/gz_transport_vendor:/opt/ros/jazzy/opt/gz_rendering_vendor:/opt/ros/jazzy/opt/gz_plugin_vendor:/opt/ros/jazzy/opt/gz_fuel_tools_vendor:/opt/ros/jazzy/opt/gz_msgs_vendor:/opt/ros/jazzy/opt/gz_common_vendor:/opt/ros/jazzy/opt/gz_math_vendor:/opt/ros/jazzy/opt/gz_utils_vendor:/opt/ros/jazzy/opt/gz_tools_vendor:/opt/ros/jazzy/opt/gz_ogre_next_vendor:/opt/ros/jazzy/opt/gz_dartsim_vendor:/opt/ros/jazzy/opt/gz_cmake_vendor:/opt/ros/jazzy GZ_SIM_PLUGIN_PATH=/home/virkt/CS497F/ros-lab-2/install/ros_gz_gazebo/lib/ros_gz_gazebo GZ_SIM_RESOURCE_PATH=/home/virkt/CS497F/ros-lab-2/install/ros_gz_gazebo/share/ros_gz_gazebo/worlds PS1=<ROS2-Jazzy>[\u@\h \W]$ /usr/bin/cmake /home/virkt/CS497F/ros-lab-2/ros_gz_bringup -DBUILD_TESTING=ON -DCMAKE_INSTALL_PREFIX=/home/virkt/CS497F/ros-lab-2/install/ros_gz_bringup
[2.066s] Invoking command in '/home/virkt/CS497F/ros-lab-2/build/ros_gz_bringup': AMENT_PREFIX_PATH=/home/virkt/CS497F/ros-lab-2/install/ros_gz_gazebo:${AMENT_PREFIX_PATH} CMAKE_PREFIX_PATH=/home/virkt/CS497F/ros-lab-2/install/ros_gz_gazebo:/home/virkt/CS497F/ros-lab-2/install/ros_gz_description:/opt/ros/jazzy/opt/gz_sim_vendor:/opt/ros/jazzy/opt/gz_sensors_vendor:/opt/ros/jazzy/opt/gz_physics_vendor:/opt/ros/jazzy/opt/sdformat_vendor:/opt/ros/jazzy/opt/gz_gui_vendor:/opt/ros/jazzy/opt/gz_transport_vendor:/opt/ros/jazzy/opt/gz_rendering_vendor:/opt/ros/jazzy/opt/gz_plugin_vendor:/opt/ros/jazzy/opt/gz_fuel_tools_vendor:/opt/ros/jazzy/opt/gz_msgs_vendor:/opt/ros/jazzy/opt/gz_common_vendor:/opt/ros/jazzy/opt/gz_math_vendor:/opt/ros/jazzy/opt/gz_utils_vendor:/opt/ros/jazzy/opt/gz_tools_vendor:/opt/ros/jazzy/opt/gz_ogre_next_vendor:/opt/ros/jazzy/opt/gz_dartsim_vendor:/opt/ros/jazzy/opt/gz_cmake_vendor:/opt/ros/jazzy GZ_SIM_PLUGIN_PATH=/home/virkt/CS497F/ros-lab-2/install/ros_gz_gazebo/lib/ros_gz_gazebo GZ_SIM_RESOURCE_PATH=/home/virkt/CS497F/ros-lab-2/install/ros_gz_gazebo/share/ros_gz_gazebo/worlds PS1=<ROS2-Jazzy>[\u@\h \W]$ /usr/bin/cmake --build /home/virkt/CS497F/ros-lab-2/build/ros_gz_bringup -- -j28 -l28
[2.176s] Invoked command in '/home/virkt/CS497F/ros-lab-2/build/ros_gz_bringup' returned '0': AMENT_PREFIX_PATH=/home/virkt/CS497F/ros-lab-2/install/ros_gz_gazebo:${AMENT_PREFIX_PATH} CMAKE_PREFIX_PATH=/home/virkt/CS497F/ros-lab-2/install/ros_gz_gazebo:/home/virkt/CS497F/ros-lab-2/install/ros_gz_description:/opt/ros/jazzy/opt/gz_sim_vendor:/opt/ros/jazzy/opt/gz_sensors_vendor:/opt/ros/jazzy/opt/gz_physics_vendor:/opt/ros/jazzy/opt/sdformat_vendor:/opt/ros/jazzy/opt/gz_gui_vendor:/opt/ros/jazzy/opt/gz_transport_vendor:/opt/ros/jazzy/opt/gz_rendering_vendor:/opt/ros/jazzy/opt/gz_plugin_vendor:/opt/ros/jazzy/opt/gz_fuel_tools_vendor:/opt/ros/jazzy/opt/gz_msgs_vendor:/opt/ros/jazzy/opt/gz_common_vendor:/opt/ros/jazzy/opt/gz_math_vendor:/opt/ros/jazzy/opt/gz_utils_vendor:/opt/ros/jazzy/opt/gz_tools_vendor:/opt/ros/jazzy/opt/gz_ogre_next_vendor:/opt/ros/jazzy/opt/gz_dartsim_vendor:/opt/ros/jazzy/opt/gz_cmake_vendor:/opt/ros/jazzy GZ_SIM_PLUGIN_PATH=/home/virkt/CS497F/ros-lab-2/install/ros_gz_gazebo/lib/ros_gz_gazebo GZ_SIM_RESOURCE_PATH=/home/virkt/CS497F/ros-lab-2/install/ros_gz_gazebo/share/ros_gz_gazebo/worlds PS1=<ROS2-Jazzy>[\u@\h \W]$ /usr/bin/cmake --build /home/virkt/CS497F/ros-lab-2/build/ros_gz_bringup -- -j28 -l28
[2.179s] Invoking command in '/home/virkt/CS497F/ros-lab-2/build/ros_gz_bringup': AMENT_PREFIX_PATH=/home/virkt/CS497F/ros-lab-2/install/ros_gz_gazebo:${AMENT_PREFIX_PATH} CMAKE_PREFIX_PATH=/home/virkt/CS497F/ros-lab-2/install/ros_gz_gazebo:/home/virkt/CS497F/ros-lab-2/install/ros_gz_description:/opt/ros/jazzy/opt/gz_sim_vendor:/opt/ros/jazzy/opt/gz_sensors_vendor:/opt/ros/jazzy/opt/gz_physics_vendor:/opt/ros/jazzy/opt/sdformat_vendor:/opt/ros/jazzy/opt/gz_gui_vendor:/opt/ros/jazzy/opt/gz_transport_vendor:/opt/ros/jazzy/opt/gz_rendering_vendor:/opt/ros/jazzy/opt/gz_plugin_vendor:/opt/ros/jazzy/opt/gz_fuel_tools_vendor:/opt/ros/jazzy/opt/gz_msgs_vendor:/opt/ros/jazzy/opt/gz_common_vendor:/opt/ros/jazzy/opt/gz_math_vendor:/opt/ros/jazzy/opt/gz_utils_vendor:/opt/ros/jazzy/opt/gz_tools_vendor:/opt/ros/jazzy/opt/gz_ogre_next_vendor:/opt/ros/jazzy/opt/gz_dartsim_vendor:/opt/ros/jazzy/opt/gz_cmake_vendor:/opt/ros/jazzy GZ_SIM_PLUGIN_PATH=/home/virkt/CS497F/ros-lab-2/install/ros_gz_gazebo/lib/ros_gz_gazebo GZ_SIM_RESOURCE_PATH=/home/virkt/CS497F/ros-lab-2/install/ros_gz_gazebo/share/ros_gz_gazebo/worlds PS1=<ROS2-Jazzy>[\u@\h \W]$ /usr/bin/cmake --install /home/virkt/CS497F/ros-lab-2/build/ros_gz_bringup
[2.202s] -- Install configuration: ""
[2.202s] -- Installing: /home/virkt/CS497F/ros-lab-2/install/ros_gz_bringup/share/ros_gz_bringup/launch
[2.210s] -- Installing: /home/virkt/CS497F/ros-lab-2/install/ros_gz_bringup/share/ros_gz_bringup/launch/diff_drive.launch.py
[2.216s] -- Installing: /home/virkt/CS497F/ros-lab-2/install/ros_gz_bringup/share/ros_gz_bringup/config
[2.221s] -- Installing: /home/virkt/CS497F/ros-lab-2/install/ros_gz_bringup/share/ros_gz_bringup/config/ros_gz_bridge.yaml
[2.227s] -- Installing: /home/virkt/CS497F/ros-lab-2/install/ros_gz_bringup/share/ros_gz_bringup/config/diff_drive.rviz
[2.239s] -- Installing: /home/virkt/CS497F/ros-lab-2/install/ros_gz_bringup/share/ament_index/resource_index/package_run_dependencies/ros_gz_bringup
[2.249s] -- Installing: /home/virkt/CS497F/ros-lab-2/install/ros_gz_bringup/share/ament_index/resource_index/parent_prefix_path/ros_gz_bringup
[2.259s] -- Installing: /home/virkt/CS497F/ros-lab-2/install/ros_gz_bringup/share/ros_gz_bringup/environment/ament_prefix_path.sh
[2.265s] -- Installing: /home/virkt/CS497F/ros-lab-2/install/ros_gz_bringup/share/ros_gz_bringup/environment/ament_prefix_path.dsv
[2.273s] -- Installing: /home/virkt/CS497F/ros-lab-2/install/ros_gz_bringup/share/ros_gz_bringup/environment/path.sh
[2.279s] -- Installing: /home/virkt/CS497F/ros-lab-2/install/ros_gz_bringup/share/ros_gz_bringup/environment/path.dsv
[2.287s] -- Installing: /home/virkt/CS497F/ros-lab-2/install/ros_gz_bringup/share/ros_gz_bringup/local_setup.bash
[2.294s] -- Installing: /home/virkt/CS497F/ros-lab-2/install/ros_gz_bringup/share/ros_gz_bringup/local_setup.sh
[2.302s] -- Installing: /home/virkt/CS497F/ros-lab-2/install/ros_gz_bringup/share/ros_gz_bringup/local_setup.zsh
[2.309s] -- Installing: /home/virkt/CS497F/ros-lab-2/install/ros_gz_bringup/share/ros_gz_bringup/local_setup.dsv
[2.316s] -- Installing: /home/virkt/CS497F/ros-lab-2/install/ros_gz_bringup/share/ros_gz_bringup/package.dsv
[2.326s] -- Installing: /home/virkt/CS497F/ros-lab-2/install/ros_gz_bringup/share/ament_index/resource_index/packages/ros_gz_bringup
[2.336s] -- Installing: /home/virkt/CS497F/ros-lab-2/install/ros_gz_bringup/share/ros_gz_bringup/cmake/ros_gz_bringupConfig.cmake
[2.343s] -- Installing: /home/virkt/CS497F/ros-lab-2/install/ros_gz_bringup/share/ros_gz_bringup/cmake/ros_gz_bringupConfig-version.cmake
[2.350s] -- Installing: /home/virkt/CS497F/ros-lab-2/install/ros_gz_bringup/share/ros_gz_bringup/package.xml
[2.360s] Invoked command in '/home/virkt/CS497F/ros-lab-2/build/ros_gz_bringup' returned '0': AMENT_PREFIX_PATH=/home/virkt/CS497F/ros-lab-2/install/ros_gz_gazebo:${AMENT_PREFIX_PATH} CMAKE_PREFIX_PATH=/home/virkt/CS497F/ros-lab-2/install/ros_gz_gazebo:/home/virkt/CS497F/ros-lab-2/install/ros_gz_description:/opt/ros/jazzy/opt/gz_sim_vendor:/opt/ros/jazzy/opt/gz_sensors_vendor:/opt/ros/jazzy/opt/gz_physics_vendor:/opt/ros/jazzy/opt/sdformat_vendor:/opt/ros/jazzy/opt/gz_gui_vendor:/opt/ros/jazzy/opt/gz_transport_vendor:/opt/ros/jazzy/opt/gz_rendering_vendor:/opt/ros/jazzy/opt/gz_plugin_vendor:/opt/ros/jazzy/opt/gz_fuel_tools_vendor:/opt/ros/jazzy/opt/gz_msgs_vendor:/opt/ros/jazzy/opt/gz_common_vendor:/opt/ros/jazzy/opt/gz_math_vendor:/opt/ros/jazzy/opt/gz_utils_vendor:/opt/ros/jazzy/opt/gz_tools_vendor:/opt/ros/jazzy/opt/gz_ogre_next_vendor:/opt/ros/jazzy/opt/gz_dartsim_vendor:/opt/ros/jazzy/opt/gz_cmake_vendor:/opt/ros/jazzy GZ_SIM_PLUGIN_PATH=/home/virkt/CS497F/ros-lab-2/install/ros_gz_gazebo/lib/ros_gz_gazebo GZ_SIM_RESOURCE_PATH=/home/virkt/CS497F/ros-lab-2/install/ros_gz_gazebo/share/ros_gz_gazebo/worlds PS1=<ROS2-Jazzy>[\u@\h \W]$ /usr/bin/cmake --install /home/virkt/CS497F/ros-lab-2/build/ros_gz_bringup
