[0.149s] Invoking command in '/home/virkt/CS497F/ros-lab-2/build/ros_gz_app': CMAKE_PREFIX_PATH=${CMAKE_PREFIX_PATH}:/opt/ros/jazzy PS1=<ROS2-Jazzy>[\u@\h \W]$ /usr/bin/cmake --build /home/virkt/CS497F/ros-lab-2/build/ros_gz_app -- -j28 -l28
[0.183s] Invoked command in '/home/virkt/CS497F/ros-lab-2/build/ros_gz_app' returned '0': CMAKE_PREFIX_PATH=${CMAKE_PREFIX_PATH}:/opt/ros/jazzy PS1=<ROS2-Jazzy>[\u@\h \W]$ /usr/bin/cmake --build /home/virkt/CS497F/ros-lab-2/build/ros_gz_app -- -j28 -l28
[0.186s] Invoking command in '/home/virkt/CS497F/ros-lab-2/build/ros_gz_app': CMAKE_PREFIX_PATH=${CMAKE_PREFIX_PATH}:/opt/ros/jazzy PS1=<ROS2-Jazzy>[\u@\h \W]$ /usr/bin/cmake --install /home/virkt/CS497F/ros-lab-2/build/ros_gz_app
[0.194s] -- Install configuration: ""
[0.196s] -- Up-to-date: /home/virkt/CS497F/ros-lab-2/install/ros_gz_app/share/ament_index/resource_index/package_run_dependencies/ros_gz_app
[0.196s] -- Up-to-date: /home/virkt/CS497F/ros-lab-2/install/ros_gz_app/share/ament_index/resource_index/parent_prefix_path/ros_gz_app
[0.197s] -- Up-to-date: /home/virkt/CS497F/ros-lab-2/install/ros_gz_app/share/ros_gz_app/environment/ament_prefix_path.sh
[0.198s] -- Up-to-date: /home/virkt/CS497F/ros-lab-2/install/ros_gz_app/share/ros_gz_app/environment/ament_prefix_path.dsv
[0.198s] -- Up-to-date: /home/virkt/CS497F/ros-lab-2/install/ros_gz_app/share/ros_gz_app/environment/path.sh
[0.199s] -- Up-to-date: /home/virkt/CS497F/ros-lab-2/install/ros_gz_app/share/ros_gz_app/environment/path.dsv
[0.200s] -- Up-to-date: /home/virkt/CS497F/ros-lab-2/install/ros_gz_app/share/ros_gz_app/local_setup.bash
[0.201s] -- Up-to-date: /home/virkt/CS497F/ros-lab-2/install/ros_gz_app/share/ros_gz_app/local_setup.sh
[0.201s] -- Up-to-date: /home/virkt/CS497F/ros-lab-2/install/ros_gz_app/share/ros_gz_app/local_setup.zsh
[0.202s] -- Up-to-date: /home/virkt/CS497F/ros-lab-2/install/ros_gz_app/share/ros_gz_app/local_setup.dsv
[0.203s] -- Installing: /home/virkt/CS497F/ros-lab-2/install/ros_gz_app/share/ros_gz_app/package.dsv
[0.208s] -- Up-to-date: /home/virkt/CS497F/ros-lab-2/install/ros_gz_app/share/ament_index/resource_index/packages/ros_gz_app
[0.209s] -- Up-to-date: /home/virkt/CS497F/ros-lab-2/install/ros_gz_app/share/ros_gz_app/cmake/ros_gz_appConfig.cmake
[0.210s] -- Up-to-date: /home/virkt/CS497F/ros-lab-2/install/ros_gz_app/share/ros_gz_app/cmake/ros_gz_appConfig-version.cmake
[0.210s] -- Up-to-date: /home/virkt/CS497F/ros-lab-2/install/ros_gz_app/share/ros_gz_app/package.xml
[0.254s] Invoked command in '/home/virkt/CS497F/ros-lab-2/build/ros_gz_app' returned '0': CMAKE_PREFIX_PATH=${CMAKE_PREFIX_PATH}:/opt/ros/jazzy PS1=<ROS2-Jazzy>[\u@\h \W]$ /usr/bin/cmake --install /home/virkt/CS497F/ros-lab-2/build/ros_gz_app
