[0.035s] Invoking command in '/home/virkt/CS497F/ros-lab-2/build/ros_gz_bringup': AMENT_PREFIX_PATH=/home/virkt/CS497F/ros-lab-2/install/ros_gz_gazebo:${AMENT_PREFIX_PATH} CMAKE_PREFIX_PATH=/home/virkt/CS497F/ros-lab-2/install/ros_gz_gazebo:/home/virkt/CS497F/ros-lab-2/install/ros_gz_description:/opt/ros/jazzy/opt/gz_sim_vendor:/opt/ros/jazzy/opt/gz_sensors_vendor:/opt/ros/jazzy/opt/gz_physics_vendor:/opt/ros/jazzy/opt/sdformat_vendor:/opt/ros/jazzy/opt/gz_gui_vendor:/opt/ros/jazzy/opt/gz_transport_vendor:/opt/ros/jazzy/opt/gz_rendering_vendor:/opt/ros/jazzy/opt/gz_plugin_vendor:/opt/ros/jazzy/opt/gz_fuel_tools_vendor:/opt/ros/jazzy/opt/gz_msgs_vendor:/opt/ros/jazzy/opt/gz_common_vendor:/opt/ros/jazzy/opt/gz_math_vendor:/opt/ros/jazzy/opt/gz_utils_vendor:/opt/ros/jazzy/opt/gz_tools_vendor:/opt/ros/jazzy/opt/gz_ogre_next_vendor:/opt/ros/jazzy/opt/gz_dartsim_vendor:/opt/ros/jazzy/opt/gz_cmake_vendor:/opt/ros/jazzy GZ_SIM_PLUGIN_PATH=/home/virkt/CS497F/ros-lab-2/install/ros_gz_gazebo/lib/ros_gz_gazebo GZ_SIM_RESOURCE_PATH=/home/virkt/CS497F/ros-lab-2/install/ros_gz_gazebo/share/ros_gz_gazebo/worlds PS1=<ROS2-Jazzy>[\u@\h \W]$ /usr/bin/cmake --build /home/virkt/CS497F/ros-lab-2/build/ros_gz_bringup -- -j24 -l24
[0.124s] Invoked command in '/home/virkt/CS497F/ros-lab-2/build/ros_gz_bringup' returned '0': AMENT_PREFIX_PATH=/home/virkt/CS497F/ros-lab-2/install/ros_gz_gazebo:${AMENT_PREFIX_PATH} CMAKE_PREFIX_PATH=/home/virkt/CS497F/ros-lab-2/install/ros_gz_gazebo:/home/virkt/CS497F/ros-lab-2/install/ros_gz_description:/opt/ros/jazzy/opt/gz_sim_vendor:/opt/ros/jazzy/opt/gz_sensors_vendor:/opt/ros/jazzy/opt/gz_physics_vendor:/opt/ros/jazzy/opt/sdformat_vendor:/opt/ros/jazzy/opt/gz_gui_vendor:/opt/ros/jazzy/opt/gz_transport_vendor:/opt/ros/jazzy/opt/gz_rendering_vendor:/opt/ros/jazzy/opt/gz_plugin_vendor:/opt/ros/jazzy/opt/gz_fuel_tools_vendor:/opt/ros/jazzy/opt/gz_msgs_vendor:/opt/ros/jazzy/opt/gz_common_vendor:/opt/ros/jazzy/opt/gz_math_vendor:/opt/ros/jazzy/opt/gz_utils_vendor:/opt/ros/jazzy/opt/gz_tools_vendor:/opt/ros/jazzy/opt/gz_ogre_next_vendor:/opt/ros/jazzy/opt/gz_dartsim_vendor:/opt/ros/jazzy/opt/gz_cmake_vendor:/opt/ros/jazzy GZ_SIM_PLUGIN_PATH=/home/virkt/CS497F/ros-lab-2/install/ros_gz_gazebo/lib/ros_gz_gazebo GZ_SIM_RESOURCE_PATH=/home/virkt/CS497F/ros-lab-2/install/ros_gz_gazebo/share/ros_gz_gazebo/worlds PS1=<ROS2-Jazzy>[\u@\h \W]$ /usr/bin/cmake --build /home/virkt/CS497F/ros-lab-2/build/ros_gz_bringup -- -j24 -l24
[0.130s] Invoking command in '/home/virkt/CS497F/ros-lab-2/build/ros_gz_bringup': AMENT_PREFIX_PATH=/home/virkt/CS497F/ros-lab-2/install/ros_gz_gazebo:${AMENT_PREFIX_PATH} CMAKE_PREFIX_PATH=/home/virkt/CS497F/ros-lab-2/install/ros_gz_gazebo:/home/virkt/CS497F/ros-lab-2/install/ros_gz_description:/opt/ros/jazzy/opt/gz_sim_vendor:/opt/ros/jazzy/opt/gz_sensors_vendor:/opt/ros/jazzy/opt/gz_physics_vendor:/opt/ros/jazzy/opt/sdformat_vendor:/opt/ros/jazzy/opt/gz_gui_vendor:/opt/ros/jazzy/opt/gz_transport_vendor:/opt/ros/jazzy/opt/gz_rendering_vendor:/opt/ros/jazzy/opt/gz_plugin_vendor:/opt/ros/jazzy/opt/gz_fuel_tools_vendor:/opt/ros/jazzy/opt/gz_msgs_vendor:/opt/ros/jazzy/opt/gz_common_vendor:/opt/ros/jazzy/opt/gz_math_vendor:/opt/ros/jazzy/opt/gz_utils_vendor:/opt/ros/jazzy/opt/gz_tools_vendor:/opt/ros/jazzy/opt/gz_ogre_next_vendor:/opt/ros/jazzy/opt/gz_dartsim_vendor:/opt/ros/jazzy/opt/gz_cmake_vendor:/opt/ros/jazzy GZ_SIM_PLUGIN_PATH=/home/virkt/CS497F/ros-lab-2/install/ros_gz_gazebo/lib/ros_gz_gazebo GZ_SIM_RESOURCE_PATH=/home/virkt/CS497F/ros-lab-2/install/ros_gz_gazebo/share/ros_gz_gazebo/worlds PS1=<ROS2-Jazzy>[\u@\h \W]$ /usr/bin/cmake --install /home/virkt/CS497F/ros-lab-2/build/ros_gz_bringup
[0.153s] -- Install configuration: ""
[0.154s] -- Up-to-date: /home/virkt/CS497F/ros-lab-2/install/ros_gz_bringup/share/ros_gz_bringup/launch
[0.156s] -- Up-to-date: /home/virkt/CS497F/ros-lab-2/install/ros_gz_bringup/share/ros_gz_bringup/launch/diff_drive.launch.py
[0.157s] -- Up-to-date: /home/virkt/CS497F/ros-lab-2/install/ros_gz_bringup/share/ros_gz_bringup/config
[0.159s] -- Up-to-date: /home/virkt/CS497F/ros-lab-2/install/ros_gz_bringup/share/ros_gz_bringup/config/ros_gz_bridge.yaml
[0.160s] -- Up-to-date: /home/virkt/CS497F/ros-lab-2/install/ros_gz_bringup/share/ros_gz_bringup/config/diff_drive.rviz
[0.162s] -- Up-to-date: /home/virkt/CS497F/ros-lab-2/install/ros_gz_bringup/share/ament_index/resource_index/package_run_dependencies/ros_gz_bringup
[0.163s] -- Up-to-date: /home/virkt/CS497F/ros-lab-2/install/ros_gz_bringup/share/ament_index/resource_index/parent_prefix_path/ros_gz_bringup
[0.165s] -- Up-to-date: /home/virkt/CS497F/ros-lab-2/install/ros_gz_bringup/share/ros_gz_bringup/environment/ament_prefix_path.sh
[0.166s] -- Up-to-date: /home/virkt/CS497F/ros-lab-2/install/ros_gz_bringup/share/ros_gz_bringup/environment/ament_prefix_path.dsv
[0.167s] -- Up-to-date: /home/virkt/CS497F/ros-lab-2/install/ros_gz_bringup/share/ros_gz_bringup/environment/path.sh
[0.168s] -- Up-to-date: /home/virkt/CS497F/ros-lab-2/install/ros_gz_bringup/share/ros_gz_bringup/environment/path.dsv
[0.169s] -- Up-to-date: /home/virkt/CS497F/ros-lab-2/install/ros_gz_bringup/share/ros_gz_bringup/local_setup.bash
[0.170s] -- Up-to-date: /home/virkt/CS497F/ros-lab-2/install/ros_gz_bringup/share/ros_gz_bringup/local_setup.sh
[0.172s] -- Up-to-date: /home/virkt/CS497F/ros-lab-2/install/ros_gz_bringup/share/ros_gz_bringup/local_setup.zsh
[0.173s] -- Up-to-date: /home/virkt/CS497F/ros-lab-2/install/ros_gz_bringup/share/ros_gz_bringup/local_setup.dsv
[0.174s] -- Up-to-date: /home/virkt/CS497F/ros-lab-2/install/ros_gz_bringup/share/ros_gz_bringup/package.dsv
[0.176s] -- Up-to-date: /home/virkt/CS497F/ros-lab-2/install/ros_gz_bringup/share/ament_index/resource_index/packages/ros_gz_bringup
[0.177s] -- Up-to-date: /home/virkt/CS497F/ros-lab-2/install/ros_gz_bringup/share/ros_gz_bringup/cmake/ros_gz_bringupConfig.cmake
[0.179s] -- Up-to-date: /home/virkt/CS497F/ros-lab-2/install/ros_gz_bringup/share/ros_gz_bringup/cmake/ros_gz_bringupConfig-version.cmake
[0.180s] -- Up-to-date: /home/virkt/CS497F/ros-lab-2/install/ros_gz_bringup/share/ros_gz_bringup/package.xml
[0.186s] Invoked command in '/home/virkt/CS497F/ros-lab-2/build/ros_gz_bringup' returned '0': AMENT_PREFIX_PATH=/home/virkt/CS497F/ros-lab-2/install/ros_gz_gazebo:${AMENT_PREFIX_PATH} CMAKE_PREFIX_PATH=/home/virkt/CS497F/ros-lab-2/install/ros_gz_gazebo:/home/virkt/CS497F/ros-lab-2/install/ros_gz_description:/opt/ros/jazzy/opt/gz_sim_vendor:/opt/ros/jazzy/opt/gz_sensors_vendor:/opt/ros/jazzy/opt/gz_physics_vendor:/opt/ros/jazzy/opt/sdformat_vendor:/opt/ros/jazzy/opt/gz_gui_vendor:/opt/ros/jazzy/opt/gz_transport_vendor:/opt/ros/jazzy/opt/gz_rendering_vendor:/opt/ros/jazzy/opt/gz_plugin_vendor:/opt/ros/jazzy/opt/gz_fuel_tools_vendor:/opt/ros/jazzy/opt/gz_msgs_vendor:/opt/ros/jazzy/opt/gz_common_vendor:/opt/ros/jazzy/opt/gz_math_vendor:/opt/ros/jazzy/opt/gz_utils_vendor:/opt/ros/jazzy/opt/gz_tools_vendor:/opt/ros/jazzy/opt/gz_ogre_next_vendor:/opt/ros/jazzy/opt/gz_dartsim_vendor:/opt/ros/jazzy/opt/gz_cmake_vendor:/opt/ros/jazzy GZ_SIM_PLUGIN_PATH=/home/virkt/CS497F/ros-lab-2/install/ros_gz_gazebo/lib/ros_gz_gazebo GZ_SIM_RESOURCE_PATH=/home/virkt/CS497F/ros-lab-2/install/ros_gz_gazebo/share/ros_gz_gazebo/worlds PS1=<ROS2-Jazzy>[\u@\h \W]$ /usr/bin/cmake --install /home/virkt/CS497F/ros-lab-2/build/ros_gz_bringup
