[0.072s] DEBUG:colcon:Command line arguments: ['/usr/bin/colcon', 'build', '--cmake-args', '-DBUILD_TESTING=ON']
[0.072s] DEBUG:colcon:Parsed command line arguments: Namespace(log_base=None, log_level=None, verb_name='build', build_base='build', install_base='install', merge_install=False, symlink_install=False, test_result_base=None, continue_on_error=False, executor='parallel', parallel_workers=28, event_handlers=None, ignore_user_meta=False, metas=['./colcon.meta'], base_paths=['.'], packages_ignore=None, packages_ignore_regex=None, paths=None, packages_up_to=None, packages_up_to_regex=None, packages_above=None, packages_above_and_dependencies=None, packages_above_depth=None, packages_select_by_dep=None, packages_skip_by_dep=None, packages_skip_up_to=None, packages_select_build_failed=False, packages_skip_build_finished=False, packages_select_test_failures=False, packages_skip_test_passed=False, packages_select=None, packages_skip=None, packages_select_regex=None, packages_skip_regex=None, packages_start=None, packages_end=None, allow_overriding=[], cmake_args=['-DBUILD_TESTING=ON'], cmake_target=None, cmake_target_skip_unavailable=False, cmake_clean_cache=False, cmake_clean_first=False, cmake_force_configure=False, ament_cmake_args=None, catkin_cmake_args=None, catkin_skip_building_tests=False, mixin_files=None, mixin=None, verb_parser=<colcon_mixin.mixin.mixin_argument.MixinArgumentDecorator object at 0x7fbbef146d50>, verb_extension=<colcon_core.verb.build.BuildVerb object at 0x7fbbef2e3530>, main=<bound method BuildVerb.main of <colcon_core.verb.build.BuildVerb object at 0x7fbbef2e3530>>, mixin_verb=('build',))
[0.092s] Level 1:colcon.colcon_core.package_discovery:discover_packages(colcon_meta) check parameters
[0.092s] Level 1:colcon.colcon_core.package_discovery:discover_packages(recursive) check parameters
[0.092s] Level 1:colcon.colcon_core.package_discovery:discover_packages(ignore) check parameters
[0.092s] Level 1:colcon.colcon_core.package_discovery:discover_packages(path) check parameters
[0.092s] Level 1:colcon.colcon_core.package_discovery:discover_packages(colcon_meta) discover
[0.092s] Level 1:colcon.colcon_core.package_discovery:discover_packages(recursive) discover
[0.092s] INFO:colcon.colcon_core.package_discovery:Crawling recursively for packages in '/home/virkt/CS497F/ros-lab-2'
[0.093s] Level 1:colcon.colcon_core.package_identification:_identify(.) by extensions ['ignore', 'ignore_ament_install']
[0.093s] Level 1:colcon.colcon_core.package_identification:_identify(.) by extension 'ignore'
[0.093s] Level 1:colcon.colcon_core.package_identification:_identify(.) by extension 'ignore_ament_install'
[0.093s] Level 1:colcon.colcon_core.package_identification:_identify(.) by extensions ['colcon_pkg']
[0.093s] Level 1:colcon.colcon_core.package_identification:_identify(.) by extension 'colcon_pkg'
[0.093s] Level 1:colcon.colcon_core.package_identification:_identify(.) by extensions ['colcon_meta']
[0.093s] Level 1:colcon.colcon_core.package_identification:_identify(.) by extension 'colcon_meta'
[0.093s] Level 1:colcon.colcon_core.package_identification:_identify(.) by extensions ['ros']
[0.093s] Level 1:colcon.colcon_core.package_identification:_identify(.) by extension 'ros'
[0.106s] Level 1:colcon.colcon_core.package_identification:_identify(.) by extensions ['cmake', 'python']
[0.106s] Level 1:colcon.colcon_core.package_identification:_identify(.) by extension 'cmake'
[0.106s] Level 1:colcon.colcon_core.package_identification:_identify(.) by extension 'python'
[0.106s] Level 1:colcon.colcon_core.package_identification:_identify(.) by extensions ['python_setup_py']
[0.106s] Level 1:colcon.colcon_core.package_identification:_identify(.) by extension 'python_setup_py'
[0.106s] Level 1:colcon.colcon_core.package_identification:_identify(build) by extensions ['ignore', 'ignore_ament_install']
[0.106s] Level 1:colcon.colcon_core.package_identification:_identify(build) by extension 'ignore'
[0.106s] Level 1:colcon.colcon_core.package_identification:_identify(build) ignored
[0.106s] Level 1:colcon.colcon_core.package_identification:_identify(figs) by extensions ['ignore', 'ignore_ament_install']
[0.106s] Level 1:colcon.colcon_core.package_identification:_identify(figs) by extension 'ignore'
[0.106s] Level 1:colcon.colcon_core.package_identification:_identify(figs) by extension 'ignore_ament_install'
[0.106s] Level 1:colcon.colcon_core.package_identification:_identify(figs) by extensions ['colcon_pkg']
[0.106s] Level 1:colcon.colcon_core.package_identification:_identify(figs) by extension 'colcon_pkg'
[0.106s] Level 1:colcon.colcon_core.package_identification:_identify(figs) by extensions ['colcon_meta']
[0.106s] Level 1:colcon.colcon_core.package_identification:_identify(figs) by extension 'colcon_meta'
[0.106s] Level 1:colcon.colcon_core.package_identification:_identify(figs) by extensions ['ros']
[0.106s] Level 1:colcon.colcon_core.package_identification:_identify(figs) by extension 'ros'
[0.106s] Level 1:colcon.colcon_core.package_identification:_identify(figs) by extensions ['cmake', 'python']
[0.106s] Level 1:colcon.colcon_core.package_identification:_identify(figs) by extension 'cmake'
[0.106s] Level 1:colcon.colcon_core.package_identification:_identify(figs) by extension 'python'
[0.106s] Level 1:colcon.colcon_core.package_identification:_identify(figs) by extensions ['python_setup_py']
[0.106s] Level 1:colcon.colcon_core.package_identification:_identify(figs) by extension 'python_setup_py'
[0.107s] Level 1:colcon.colcon_core.package_identification:_identify(install) by extensions ['ignore', 'ignore_ament_install']
[0.107s] Level 1:colcon.colcon_core.package_identification:_identify(install) by extension 'ignore'
[0.107s] Level 1:colcon.colcon_core.package_identification:_identify(install) ignored
[0.108s] Level 1:colcon.colcon_core.package_identification:_identify(log) by extensions ['ignore', 'ignore_ament_install']
[0.108s] Level 1:colcon.colcon_core.package_identification:_identify(log) by extension 'ignore'
[0.108s] Level 1:colcon.colcon_core.package_identification:_identify(log) ignored
[0.108s] Level 1:colcon.colcon_core.package_identification:_identify(py_pubsub) by extensions ['ignore', 'ignore_ament_install']
[0.108s] Level 1:colcon.colcon_core.package_identification:_identify(py_pubsub) by extension 'ignore'
[0.108s] Level 1:colcon.colcon_core.package_identification:_identify(py_pubsub) by extension 'ignore_ament_install'
[0.108s] Level 1:colcon.colcon_core.package_identification:_identify(py_pubsub) by extensions ['colcon_pkg']
[0.108s] Level 1:colcon.colcon_core.package_identification:_identify(py_pubsub) by extension 'colcon_pkg'
[0.108s] Level 1:colcon.colcon_core.package_identification:_identify(py_pubsub) by extensions ['colcon_meta']
[0.108s] Level 1:colcon.colcon_core.package_identification:_identify(py_pubsub) by extension 'colcon_meta'
[0.108s] Level 1:colcon.colcon_core.package_identification:_identify(py_pubsub) by extensions ['ros']
[0.108s] Level 1:colcon.colcon_core.package_identification:_identify(py_pubsub) by extension 'ros'
[0.110s] DEBUG:colcon.colcon_core.package_identification:Package 'py_pubsub' with type 'ros.ament_python' and name 'py_pubsub'
[0.110s] Level 1:colcon.colcon_core.package_identification:_identify(ros_gz_app) by extensions ['ignore', 'ignore_ament_install']
[0.110s] Level 1:colcon.colcon_core.package_identification:_identify(ros_gz_app) by extension 'ignore'
[0.110s] Level 1:colcon.colcon_core.package_identification:_identify(ros_gz_app) by extension 'ignore_ament_install'
[0.110s] Level 1:colcon.colcon_core.package_identification:_identify(ros_gz_app) by extensions ['colcon_pkg']
[0.110s] Level 1:colcon.colcon_core.package_identification:_identify(ros_gz_app) by extension 'colcon_pkg'
[0.110s] Level 1:colcon.colcon_core.package_identification:_identify(ros_gz_app) by extensions ['colcon_meta']
[0.110s] Level 1:colcon.colcon_core.package_identification:_identify(ros_gz_app) by extension 'colcon_meta'
[0.110s] Level 1:colcon.colcon_core.package_identification:_identify(ros_gz_app) by extensions ['ros']
[0.110s] Level 1:colcon.colcon_core.package_identification:_identify(ros_gz_app) by extension 'ros'
[0.111s] DEBUG:colcon.colcon_core.package_identification:Package 'ros_gz_app' with type 'ros.ament_cmake' and name 'ros_gz_app'
[0.111s] Level 1:colcon.colcon_core.package_identification:_identify(ros_gz_bringup) by extensions ['ignore', 'ignore_ament_install']
[0.111s] Level 1:colcon.colcon_core.package_identification:_identify(ros_gz_bringup) by extension 'ignore'
[0.111s] Level 1:colcon.colcon_core.package_identification:_identify(ros_gz_bringup) by extension 'ignore_ament_install'
[0.111s] Level 1:colcon.colcon_core.package_identification:_identify(ros_gz_bringup) by extensions ['colcon_pkg']
[0.111s] Level 1:colcon.colcon_core.package_identification:_identify(ros_gz_bringup) by extension 'colcon_pkg'
[0.111s] Level 1:colcon.colcon_core.package_identification:_identify(ros_gz_bringup) by extensions ['colcon_meta']
[0.111s] Level 1:colcon.colcon_core.package_identification:_identify(ros_gz_bringup) by extension 'colcon_meta'
[0.111s] Level 1:colcon.colcon_core.package_identification:_identify(ros_gz_bringup) by extensions ['ros']
[0.111s] Level 1:colcon.colcon_core.package_identification:_identify(ros_gz_bringup) by extension 'ros'
[0.112s] DEBUG:colcon.colcon_core.package_identification:Package 'ros_gz_bringup' with type 'ros.ament_cmake' and name 'ros_gz_bringup'
[0.112s] Level 1:colcon.colcon_core.package_identification:_identify(ros_gz_description) by extensions ['ignore', 'ignore_ament_install']
[0.112s] Level 1:colcon.colcon_core.package_identification:_identify(ros_gz_description) by extension 'ignore'
[0.112s] Level 1:colcon.colcon_core.package_identification:_identify(ros_gz_description) by extension 'ignore_ament_install'
[0.112s] Level 1:colcon.colcon_core.package_identification:_identify(ros_gz_description) by extensions ['colcon_pkg']
[0.112s] Level 1:colcon.colcon_core.package_identification:_identify(ros_gz_description) by extension 'colcon_pkg'
[0.112s] Level 1:colcon.colcon_core.package_identification:_identify(ros_gz_description) by extensions ['colcon_meta']
[0.112s] Level 1:colcon.colcon_core.package_identification:_identify(ros_gz_description) by extension 'colcon_meta'
[0.112s] Level 1:colcon.colcon_core.package_identification:_identify(ros_gz_description) by extensions ['ros']
[0.112s] Level 1:colcon.colcon_core.package_identification:_identify(ros_gz_description) by extension 'ros'
[0.113s] DEBUG:colcon.colcon_core.package_identification:Package 'ros_gz_description' with type 'ros.ament_cmake' and name 'ros_gz_description'
[0.113s] Level 1:colcon.colcon_core.package_identification:_identify(ros_gz_gazebo) by extensions ['ignore', 'ignore_ament_install']
[0.113s] Level 1:colcon.colcon_core.package_identification:_identify(ros_gz_gazebo) by extension 'ignore'
[0.113s] Level 1:colcon.colcon_core.package_identification:_identify(ros_gz_gazebo) by extension 'ignore_ament_install'
[0.113s] Level 1:colcon.colcon_core.package_identification:_identify(ros_gz_gazebo) by extensions ['colcon_pkg']
[0.113s] Level 1:colcon.colcon_core.package_identification:_identify(ros_gz_gazebo) by extension 'colcon_pkg'
[0.113s] Level 1:colcon.colcon_core.package_identification:_identify(ros_gz_gazebo) by extensions ['colcon_meta']
[0.113s] Level 1:colcon.colcon_core.package_identification:_identify(ros_gz_gazebo) by extension 'colcon_meta'
[0.113s] Level 1:colcon.colcon_core.package_identification:_identify(ros_gz_gazebo) by extensions ['ros']
[0.113s] Level 1:colcon.colcon_core.package_identification:_identify(ros_gz_gazebo) by extension 'ros'
[0.114s] DEBUG:colcon.colcon_core.package_identification:Package 'ros_gz_gazebo' with type 'ros.ament_cmake' and name 'ros_gz_gazebo'
[0.114s] Level 1:colcon.colcon_core.package_discovery:discover_packages(recursive) using defaults
[0.114s] Level 1:colcon.colcon_core.package_discovery:discover_packages(ignore) discover
[0.114s] Level 1:colcon.colcon_core.package_discovery:discover_packages(ignore) using defaults
[0.114s] Level 1:colcon.colcon_core.package_discovery:discover_packages(path) discover
[0.114s] Level 1:colcon.colcon_core.package_discovery:discover_packages(path) using defaults
[0.125s] Level 1:colcon.colcon_core.package_discovery:discover_packages(prefix_path) check parameters
[0.125s] Level 1:colcon.colcon_core.package_discovery:discover_packages(prefix_path) discover
[0.132s] DEBUG:colcon.colcon_installed_package_information.package_discovery:Found 5 installed packages in /home/virkt/CS497F/ros-lab-2/install
[0.133s] DEBUG:colcon.colcon_installed_package_information.package_discovery:Found 317 installed packages in /opt/ros/jazzy
[0.133s] Level 1:colcon.colcon_core.package_discovery:discover_packages(prefix_path) using defaults
[0.160s] Level 5:colcon.colcon_core.verb:set package 'py_pubsub' build argument 'cmake_args' from command line to '['-DBUILD_TESTING=ON']'
[0.160s] Level 5:colcon.colcon_core.verb:set package 'py_pubsub' build argument 'cmake_target' from command line to 'None'
[0.160s] Level 5:colcon.colcon_core.verb:set package 'py_pubsub' build argument 'cmake_target_skip_unavailable' from command line to 'False'
[0.160s] Level 5:colcon.colcon_core.verb:set package 'py_pubsub' build argument 'cmake_clean_cache' from command line to 'False'
[0.160s] Level 5:colcon.colcon_core.verb:set package 'py_pubsub' build argument 'cmake_clean_first' from command line to 'False'
[0.160s] Level 5:colcon.colcon_core.verb:set package 'py_pubsub' build argument 'cmake_force_configure' from command line to 'False'
[0.160s] Level 5:colcon.colcon_core.verb:set package 'py_pubsub' build argument 'ament_cmake_args' from command line to 'None'
[0.160s] Level 5:colcon.colcon_core.verb:set package 'py_pubsub' build argument 'catkin_cmake_args' from command line to 'None'
[0.160s] Level 5:colcon.colcon_core.verb:set package 'py_pubsub' build argument 'catkin_skip_building_tests' from command line to 'False'
[0.160s] DEBUG:colcon.colcon_core.verb:Building package 'py_pubsub' with the following arguments: {'ament_cmake_args': None, 'build_base': '/home/virkt/CS497F/ros-lab-2/build/py_pubsub', 'catkin_cmake_args': None, 'catkin_skip_building_tests': False, 'cmake_args': ['-DBUILD_TESTING=ON'], 'cmake_clean_cache': False, 'cmake_clean_first': False, 'cmake_force_configure': False, 'cmake_target': None, 'cmake_target_skip_unavailable': False, 'install_base': '/home/virkt/CS497F/ros-lab-2/install/py_pubsub', 'merge_install': False, 'path': '/home/virkt/CS497F/ros-lab-2/py_pubsub', 'symlink_install': False, 'test_result_base': None}
[0.160s] Level 5:colcon.colcon_core.verb:set package 'ros_gz_app' build argument 'cmake_args' from command line to '['-DBUILD_TESTING=ON']'
[0.160s] Level 5:colcon.colcon_core.verb:set package 'ros_gz_app' build argument 'cmake_target' from command line to 'None'
[0.160s] Level 5:colcon.colcon_core.verb:set package 'ros_gz_app' build argument 'cmake_target_skip_unavailable' from command line to 'False'
[0.160s] Level 5:colcon.colcon_core.verb:set package 'ros_gz_app' build argument 'cmake_clean_cache' from command line to 'False'
[0.160s] Level 5:colcon.colcon_core.verb:set package 'ros_gz_app' build argument 'cmake_clean_first' from command line to 'False'
[0.160s] Level 5:colcon.colcon_core.verb:set package 'ros_gz_app' build argument 'cmake_force_configure' from command line to 'False'
[0.160s] Level 5:colcon.colcon_core.verb:set package 'ros_gz_app' build argument 'ament_cmake_args' from command line to 'None'
[0.160s] Level 5:colcon.colcon_core.verb:set package 'ros_gz_app' build argument 'catkin_cmake_args' from command line to 'None'
[0.160s] Level 5:colcon.colcon_core.verb:set package 'ros_gz_app' build argument 'catkin_skip_building_tests' from command line to 'False'
[0.160s] DEBUG:colcon.colcon_core.verb:Building package 'ros_gz_app' with the following arguments: {'ament_cmake_args': None, 'build_base': '/home/virkt/CS497F/ros-lab-2/build/ros_gz_app', 'catkin_cmake_args': None, 'catkin_skip_building_tests': False, 'cmake_args': ['-DBUILD_TESTING=ON'], 'cmake_clean_cache': False, 'cmake_clean_first': False, 'cmake_force_configure': False, 'cmake_target': None, 'cmake_target_skip_unavailable': False, 'install_base': '/home/virkt/CS497F/ros-lab-2/install/ros_gz_app', 'merge_install': False, 'path': '/home/virkt/CS497F/ros-lab-2/ros_gz_app', 'symlink_install': False, 'test_result_base': None}
[0.160s] Level 5:colcon.colcon_core.verb:set package 'ros_gz_description' build argument 'cmake_args' from command line to '['-DBUILD_TESTING=ON']'
[0.160s] Level 5:colcon.colcon_core.verb:set package 'ros_gz_description' build argument 'cmake_target' from command line to 'None'
[0.160s] Level 5:colcon.colcon_core.verb:set package 'ros_gz_description' build argument 'cmake_target_skip_unavailable' from command line to 'False'
[0.160s] Level 5:colcon.colcon_core.verb:set package 'ros_gz_description' build argument 'cmake_clean_cache' from command line to 'False'
[0.160s] Level 5:colcon.colcon_core.verb:set package 'ros_gz_description' build argument 'cmake_clean_first' from command line to 'False'
[0.160s] Level 5:colcon.colcon_core.verb:set package 'ros_gz_description' build argument 'cmake_force_configure' from command line to 'False'
[0.160s] Level 5:colcon.colcon_core.verb:set package 'ros_gz_description' build argument 'ament_cmake_args' from command line to 'None'
[0.160s] Level 5:colcon.colcon_core.verb:set package 'ros_gz_description' build argument 'catkin_cmake_args' from command line to 'None'
[0.160s] Level 5:colcon.colcon_core.verb:set package 'ros_gz_description' build argument 'catkin_skip_building_tests' from command line to 'False'
[0.160s] DEBUG:colcon.colcon_core.verb:Building package 'ros_gz_description' with the following arguments: {'ament_cmake_args': None, 'build_base': '/home/virkt/CS497F/ros-lab-2/build/ros_gz_description', 'catkin_cmake_args': None, 'catkin_skip_building_tests': False, 'cmake_args': ['-DBUILD_TESTING=ON'], 'cmake_clean_cache': False, 'cmake_clean_first': False, 'cmake_force_configure': False, 'cmake_target': None, 'cmake_target_skip_unavailable': False, 'install_base': '/home/virkt/CS497F/ros-lab-2/install/ros_gz_description', 'merge_install': False, 'path': '/home/virkt/CS497F/ros-lab-2/ros_gz_description', 'symlink_install': False, 'test_result_base': None}
[0.160s] Level 5:colcon.colcon_core.verb:set package 'ros_gz_gazebo' build argument 'cmake_args' from command line to '['-DBUILD_TESTING=ON']'
[0.160s] Level 5:colcon.colcon_core.verb:set package 'ros_gz_gazebo' build argument 'cmake_target' from command line to 'None'
[0.160s] Level 5:colcon.colcon_core.verb:set package 'ros_gz_gazebo' build argument 'cmake_target_skip_unavailable' from command line to 'False'
[0.160s] Level 5:colcon.colcon_core.verb:set package 'ros_gz_gazebo' build argument 'cmake_clean_cache' from command line to 'False'
[0.160s] Level 5:colcon.colcon_core.verb:set package 'ros_gz_gazebo' build argument 'cmake_clean_first' from command line to 'False'
[0.160s] Level 5:colcon.colcon_core.verb:set package 'ros_gz_gazebo' build argument 'cmake_force_configure' from command line to 'False'
[0.160s] Level 5:colcon.colcon_core.verb:set package 'ros_gz_gazebo' build argument 'ament_cmake_args' from command line to 'None'
[0.160s] Level 5:colcon.colcon_core.verb:set package 'ros_gz_gazebo' build argument 'catkin_cmake_args' from command line to 'None'
[0.160s] Level 5:colcon.colcon_core.verb:set package 'ros_gz_gazebo' build argument 'catkin_skip_building_tests' from command line to 'False'
[0.160s] DEBUG:colcon.colcon_core.verb:Building package 'ros_gz_gazebo' with the following arguments: {'ament_cmake_args': None, 'build_base': '/home/virkt/CS497F/ros-lab-2/build/ros_gz_gazebo', 'catkin_cmake_args': None, 'catkin_skip_building_tests': False, 'cmake_args': ['-DBUILD_TESTING=ON'], 'cmake_clean_cache': False, 'cmake_clean_first': False, 'cmake_force_configure': False, 'cmake_target': None, 'cmake_target_skip_unavailable': False, 'install_base': '/home/virkt/CS497F/ros-lab-2/install/ros_gz_gazebo', 'merge_install': False, 'path': '/home/virkt/CS497F/ros-lab-2/ros_gz_gazebo', 'symlink_install': False, 'test_result_base': None}
[0.160s] Level 5:colcon.colcon_core.verb:set package 'ros_gz_bringup' build argument 'cmake_args' from command line to '['-DBUILD_TESTING=ON']'
[0.160s] Level 5:colcon.colcon_core.verb:set package 'ros_gz_bringup' build argument 'cmake_target' from command line to 'None'
[0.160s] Level 5:colcon.colcon_core.verb:set package 'ros_gz_bringup' build argument 'cmake_target_skip_unavailable' from command line to 'False'
[0.160s] Level 5:colcon.colcon_core.verb:set package 'ros_gz_bringup' build argument 'cmake_clean_cache' from command line to 'False'
[0.160s] Level 5:colcon.colcon_core.verb:set package 'ros_gz_bringup' build argument 'cmake_clean_first' from command line to 'False'
[0.160s] Level 5:colcon.colcon_core.verb:set package 'ros_gz_bringup' build argument 'cmake_force_configure' from command line to 'False'
[0.160s] Level 5:colcon.colcon_core.verb:set package 'ros_gz_bringup' build argument 'ament_cmake_args' from command line to 'None'
[0.160s] Level 5:colcon.colcon_core.verb:set package 'ros_gz_bringup' build argument 'catkin_cmake_args' from command line to 'None'
[0.160s] Level 5:colcon.colcon_core.verb:set package 'ros_gz_bringup' build argument 'catkin_skip_building_tests' from command line to 'False'
[0.160s] DEBUG:colcon.colcon_core.verb:Building package 'ros_gz_bringup' with the following arguments: {'ament_cmake_args': None, 'build_base': '/home/virkt/CS497F/ros-lab-2/build/ros_gz_bringup', 'catkin_cmake_args': None, 'catkin_skip_building_tests': False, 'cmake_args': ['-DBUILD_TESTING=ON'], 'cmake_clean_cache': False, 'cmake_clean_first': False, 'cmake_force_configure': False, 'cmake_target': None, 'cmake_target_skip_unavailable': False, 'install_base': '/home/virkt/CS497F/ros-lab-2/install/ros_gz_bringup', 'merge_install': False, 'path': '/home/virkt/CS497F/ros-lab-2/ros_gz_bringup', 'symlink_install': False, 'test_result_base': None}
[0.160s] INFO:colcon.colcon_core.executor:Executing jobs using 'parallel' executor
[0.161s] DEBUG:colcon.colcon_parallel_executor.executor.parallel:run_until_complete
[0.161s] INFO:colcon.colcon_ros.task.ament_cmake.build:Building ROS package in '/home/virkt/CS497F/ros-lab-2/ros_gz_description' with build type 'ament_cmake'
[0.161s] INFO:colcon.colcon_cmake.task.cmake.build:Building CMake package in '/home/virkt/CS497F/ros-lab-2/ros_gz_description'
[0.162s] INFO:colcon.colcon_core.plugin_system:Skipping extension 'colcon_core.shell.bat': Not used on non-Windows systems
[0.162s] INFO:colcon.colcon_core.shell:Skip shell extension 'powershell' for command environment: Not usable outside of PowerShell
[0.162s] DEBUG:colcon.colcon_core.shell:Skip shell extension 'dsv' for command environment
[0.169s] INFO:colcon.colcon_ros.task.ament_python.build:Building ROS package in '/home/virkt/CS497F/ros-lab-2/py_pubsub' with build type 'ament_python'
[0.169s] Level 1:colcon.colcon_core.shell:create_environment_hook('py_pubsub', 'ament_prefix_path')
[0.169s] INFO:colcon.colcon_core.shell:Creating environment hook '/home/virkt/CS497F/ros-lab-2/install/py_pubsub/share/py_pubsub/hook/ament_prefix_path.ps1'
[0.171s] INFO:colcon.colcon_core.shell:Creating environment descriptor '/home/virkt/CS497F/ros-lab-2/install/py_pubsub/share/py_pubsub/hook/ament_prefix_path.dsv'
[0.173s] INFO:colcon.colcon_core.shell:Creating environment hook '/home/virkt/CS497F/ros-lab-2/install/py_pubsub/share/py_pubsub/hook/ament_prefix_path.sh'
[0.175s] INFO:colcon.colcon_core.shell:Skip shell extension 'powershell' for command environment: Not usable outside of PowerShell
[0.175s] DEBUG:colcon.colcon_core.shell:Skip shell extension 'dsv' for command environment
[0.181s] INFO:colcon.colcon_ros.task.ament_cmake.build:Building ROS package in '/home/virkt/CS497F/ros-lab-2/ros_gz_app' with build type 'ament_cmake'
[0.181s] INFO:colcon.colcon_cmake.task.cmake.build:Building CMake package in '/home/virkt/CS497F/ros-lab-2/ros_gz_app'
[0.181s] INFO:colcon.colcon_core.shell:Skip shell extension 'powershell' for command environment: Not usable outside of PowerShell
[0.181s] DEBUG:colcon.colcon_core.shell:Skip shell extension 'dsv' for command environment
[0.202s] DEBUG:colcon.colcon_core.event_handler.log_command:Invoking command in '/home/virkt/CS497F/ros-lab-2/build/ros_gz_description': CMAKE_PREFIX_PATH=${CMAKE_PREFIX_PATH}:/home/virkt/CS497F/ros-lab-2/install/py_pubsub:/opt/ros/jazzy PS1=<ROS2-Jazzy>[\u@\h \W]$ /usr/bin/cmake --build /home/virkt/CS497F/ros-lab-2/build/ros_gz_description -- -j28 -l28
[0.340s] INFO:colcon.colcon_core.task.python.build:Building Python package in '/home/virkt/CS497F/ros-lab-2/py_pubsub'
[0.340s] INFO:colcon.colcon_core.shell:Skip shell extension 'powershell' for command environment: Not usable outside of PowerShell
[0.340s] DEBUG:colcon.colcon_core.shell:Skip shell extension 'dsv' for command environment
[0.358s] DEBUG:colcon.colcon_core.event_handler.log_command:Invoking command in '/home/virkt/CS497F/ros-lab-2/build/ros_gz_app': CMAKE_PREFIX_PATH=${CMAKE_PREFIX_PATH}:/home/virkt/CS497F/ros-lab-2/install/py_pubsub:/opt/ros/jazzy PS1=<ROS2-Jazzy>[\u@\h \W]$ /usr/bin/cmake --build /home/virkt/CS497F/ros-lab-2/build/ros_gz_app -- -j28 -l28
[0.358s] DEBUG:colcon.colcon_core.event_handler.log_command:Invoked command in '/home/virkt/CS497F/ros-lab-2/build/ros_gz_description' returned '0': CMAKE_PREFIX_PATH=${CMAKE_PREFIX_PATH}:/home/virkt/CS497F/ros-lab-2/install/py_pubsub:/opt/ros/jazzy PS1=<ROS2-Jazzy>[\u@\h \W]$ /usr/bin/cmake --build /home/virkt/CS497F/ros-lab-2/build/ros_gz_description -- -j28 -l28
[0.365s] DEBUG:colcon.colcon_core.event_handler.log_command:Invoking command in '/home/virkt/CS497F/ros-lab-2/build/ros_gz_description': CMAKE_PREFIX_PATH=${CMAKE_PREFIX_PATH}:/home/virkt/CS497F/ros-lab-2/install/py_pubsub:/opt/ros/jazzy PS1=<ROS2-Jazzy>[\u@\h \W]$ /usr/bin/cmake --install /home/virkt/CS497F/ros-lab-2/build/ros_gz_description
[0.411s] Level 1:colcon.colcon_core.environment:create_environment_scripts_only(ros_gz_description)
[0.411s] DEBUG:colcon.colcon_core.event_handler.log_command:Invoked command in '/home/virkt/CS497F/ros-lab-2/build/ros_gz_description' returned '0': CMAKE_PREFIX_PATH=${CMAKE_PREFIX_PATH}:/home/virkt/CS497F/ros-lab-2/install/py_pubsub:/opt/ros/jazzy PS1=<ROS2-Jazzy>[\u@\h \W]$ /usr/bin/cmake --install /home/virkt/CS497F/ros-lab-2/build/ros_gz_description
[0.414s] Level 1:colcon.colcon_core.environment:checking '/home/virkt/CS497F/ros-lab-2/install/ros_gz_description' for CMake module files
[0.416s] Level 1:colcon.colcon_core.environment:checking '/home/virkt/CS497F/ros-lab-2/install/ros_gz_description' for CMake config files
[0.418s] Level 1:colcon.colcon_core.shell:create_environment_hook('ros_gz_description', 'cmake_prefix_path')
[0.418s] INFO:colcon.colcon_core.shell:Creating environment hook '/home/virkt/CS497F/ros-lab-2/install/ros_gz_description/share/ros_gz_description/hook/cmake_prefix_path.ps1'
[0.421s] INFO:colcon.colcon_core.shell:Creating environment descriptor '/home/virkt/CS497F/ros-lab-2/install/ros_gz_description/share/ros_gz_description/hook/cmake_prefix_path.dsv'
[0.424s] INFO:colcon.colcon_core.shell:Creating environment hook '/home/virkt/CS497F/ros-lab-2/install/ros_gz_description/share/ros_gz_description/hook/cmake_prefix_path.sh'
[0.428s] Level 1:colcon.colcon_core.environment:checking '/home/virkt/CS497F/ros-lab-2/install/ros_gz_description/bin'
[0.428s] Level 1:colcon.colcon_core.environment:checking '/home/virkt/CS497F/ros-lab-2/install/ros_gz_description/lib/pkgconfig/ros_gz_description.pc'
[0.429s] Level 1:colcon.colcon_core.environment:checking '/home/virkt/CS497F/ros-lab-2/install/ros_gz_description/lib/python3.12/site-packages'
[0.429s] Level 1:colcon.colcon_core.environment:checking '/home/virkt/CS497F/ros-lab-2/install/ros_gz_description/bin'
[0.430s] INFO:colcon.colcon_core.shell:Creating package script '/home/virkt/CS497F/ros-lab-2/install/ros_gz_description/share/ros_gz_description/package.ps1'
[0.433s] INFO:colcon.colcon_core.shell:Creating package descriptor '/home/virkt/CS497F/ros-lab-2/install/ros_gz_description/share/ros_gz_description/package.dsv'
[0.436s] INFO:colcon.colcon_core.shell:Creating package script '/home/virkt/CS497F/ros-lab-2/install/ros_gz_description/share/ros_gz_description/package.sh'
[0.438s] INFO:colcon.colcon_core.shell:Creating package script '/home/virkt/CS497F/ros-lab-2/install/ros_gz_description/share/ros_gz_description/package.bash'
[0.440s] INFO:colcon.colcon_core.shell:Creating package script '/home/virkt/CS497F/ros-lab-2/install/ros_gz_description/share/ros_gz_description/package.zsh'
[0.443s] Level 1:colcon.colcon_core.environment:create_file_with_runtime_dependencies(/home/virkt/CS497F/ros-lab-2/install/ros_gz_description/share/colcon-core/packages/ros_gz_description)
[0.444s] Level 1:colcon.colcon_core.environment:create_environment_scripts_only(ros_gz_description)
[0.444s] Level 1:colcon.colcon_core.environment:checking '/home/virkt/CS497F/ros-lab-2/install/ros_gz_description' for CMake module files
[0.445s] Level 1:colcon.colcon_core.environment:checking '/home/virkt/CS497F/ros-lab-2/install/ros_gz_description' for CMake config files
[0.447s] Level 1:colcon.colcon_core.shell:create_environment_hook('ros_gz_description', 'cmake_prefix_path')
[0.447s] INFO:colcon.colcon_core.shell:Creating environment hook '/home/virkt/CS497F/ros-lab-2/install/ros_gz_description/share/ros_gz_description/hook/cmake_prefix_path.ps1'
[0.449s] INFO:colcon.colcon_core.shell:Creating environment descriptor '/home/virkt/CS497F/ros-lab-2/install/ros_gz_description/share/ros_gz_description/hook/cmake_prefix_path.dsv'
[0.450s] INFO:colcon.colcon_core.shell:Creating environment hook '/home/virkt/CS497F/ros-lab-2/install/ros_gz_description/share/ros_gz_description/hook/cmake_prefix_path.sh'
[0.452s] Level 1:colcon.colcon_core.environment:checking '/home/virkt/CS497F/ros-lab-2/install/ros_gz_description/bin'
[0.452s] Level 1:colcon.colcon_core.environment:checking '/home/virkt/CS497F/ros-lab-2/install/ros_gz_description/lib/pkgconfig/ros_gz_description.pc'
[0.452s] Level 1:colcon.colcon_core.environment:checking '/home/virkt/CS497F/ros-lab-2/install/ros_gz_description/lib/python3.12/site-packages'
[0.452s] Level 1:colcon.colcon_core.environment:checking '/home/virkt/CS497F/ros-lab-2/install/ros_gz_description/bin'
[0.452s] INFO:colcon.colcon_core.shell:Creating package script '/home/virkt/CS497F/ros-lab-2/install/ros_gz_description/share/ros_gz_description/package.ps1'
[0.454s] INFO:colcon.colcon_core.shell:Creating package descriptor '/home/virkt/CS497F/ros-lab-2/install/ros_gz_description/share/ros_gz_description/package.dsv'
[0.456s] INFO:colcon.colcon_core.shell:Creating package script '/home/virkt/CS497F/ros-lab-2/install/ros_gz_description/share/ros_gz_description/package.sh'
[0.458s] INFO:colcon.colcon_core.shell:Creating package script '/home/virkt/CS497F/ros-lab-2/install/ros_gz_description/share/ros_gz_description/package.bash'
[0.460s] INFO:colcon.colcon_core.shell:Creating package script '/home/virkt/CS497F/ros-lab-2/install/ros_gz_description/share/ros_gz_description/package.zsh'
[0.462s] Level 1:colcon.colcon_core.environment:create_file_with_runtime_dependencies(/home/virkt/CS497F/ros-lab-2/install/ros_gz_description/share/colcon-core/packages/ros_gz_description)
[0.462s] INFO:colcon.colcon_ros.task.ament_cmake.build:Building ROS package in '/home/virkt/CS497F/ros-lab-2/ros_gz_gazebo' with build type 'ament_cmake'
[0.462s] INFO:colcon.colcon_cmake.task.cmake.build:Building CMake package in '/home/virkt/CS497F/ros-lab-2/ros_gz_gazebo'
[0.463s] INFO:colcon.colcon_core.shell:Skip shell extension 'powershell' for command environment: Not usable outside of PowerShell
[0.463s] DEBUG:colcon.colcon_core.shell:Skip shell extension 'dsv' for command environment
[0.470s] DEBUG:colcon.colcon_core.event_handler.log_command:Invoked command in '/home/virkt/CS497F/ros-lab-2/build/ros_gz_app' returned '0': CMAKE_PREFIX_PATH=${CMAKE_PREFIX_PATH}:/home/virkt/CS497F/ros-lab-2/install/py_pubsub:/opt/ros/jazzy PS1=<ROS2-Jazzy>[\u@\h \W]$ /usr/bin/cmake --build /home/virkt/CS497F/ros-lab-2/build/ros_gz_app -- -j28 -l28
[0.472s] DEBUG:colcon.colcon_core.event_handler.log_command:Invoking command in '/home/virkt/CS497F/ros-lab-2/build/ros_gz_app': CMAKE_PREFIX_PATH=${CMAKE_PREFIX_PATH}:/home/virkt/CS497F/ros-lab-2/install/py_pubsub:/opt/ros/jazzy PS1=<ROS2-Jazzy>[\u@\h \W]$ /usr/bin/cmake --install /home/virkt/CS497F/ros-lab-2/build/ros_gz_app
[0.483s] DEBUG:colcon.colcon_core.event_handler.log_command:Invoking command in '/home/virkt/CS497F/ros-lab-2/build/ros_gz_gazebo': CMAKE_PREFIX_PATH=/home/virkt/CS497F/ros-lab-2/install/ros_gz_description:/home/virkt/CS497F/ros-lab-2/install/ros_gz_bringup:/home/virkt/CS497F/ros-lab-2/install/ros_gz_gazebo:/home/virkt/CS497F/ros-lab-2/install/ros_gz_app:/opt/ros/jazzy/opt/gz_sim_vendor:/opt/ros/jazzy/opt/gz_sensors_vendor:/opt/ros/jazzy/opt/gz_physics_vendor:/opt/ros/jazzy/opt/sdformat_vendor:/opt/ros/jazzy/opt/gz_gui_vendor:/opt/ros/jazzy/opt/gz_transport_vendor:/opt/ros/jazzy/opt/gz_rendering_vendor:/opt/ros/jazzy/opt/gz_plugin_vendor:/opt/ros/jazzy/opt/gz_fuel_tools_vendor:/opt/ros/jazzy/opt/gz_msgs_vendor:/opt/ros/jazzy/opt/gz_common_vendor:/opt/ros/jazzy/opt/gz_math_vendor:/opt/ros/jazzy/opt/gz_utils_vendor:/opt/ros/jazzy/opt/gz_tools_vendor:/opt/ros/jazzy/opt/gz_ogre_next_vendor:/opt/ros/jazzy/opt/gz_dartsim_vendor:/opt/ros/jazzy/opt/gz_cmake_vendor:/home/virkt/CS497F/ros-lab-2/install/py_pubsub:/opt/ros/jazzy PS1=<ROS2-Jazzy>[\u@\h \W]$ /usr/bin/cmake --build /home/virkt/CS497F/ros-lab-2/build/ros_gz_gazebo -- -j28 -l28
[0.496s] Level 1:colcon.colcon_core.environment:create_environment_scripts_only(ros_gz_app)
[0.496s] Level 1:colcon.colcon_core.environment:checking '/home/virkt/CS497F/ros-lab-2/install/ros_gz_app' for CMake module files
[0.496s] DEBUG:colcon.colcon_core.event_handler.log_command:Invoked command in '/home/virkt/CS497F/ros-lab-2/build/ros_gz_app' returned '0': CMAKE_PREFIX_PATH=${CMAKE_PREFIX_PATH}:/home/virkt/CS497F/ros-lab-2/install/py_pubsub:/opt/ros/jazzy PS1=<ROS2-Jazzy>[\u@\h \W]$ /usr/bin/cmake --install /home/virkt/CS497F/ros-lab-2/build/ros_gz_app
[0.497s] Level 1:colcon.colcon_core.environment:checking '/home/virkt/CS497F/ros-lab-2/install/ros_gz_app' for CMake config files
[0.498s] Level 1:colcon.colcon_core.shell:create_environment_hook('ros_gz_app', 'cmake_prefix_path')
[0.499s] INFO:colcon.colcon_core.shell:Creating environment hook '/home/virkt/CS497F/ros-lab-2/install/ros_gz_app/share/ros_gz_app/hook/cmake_prefix_path.ps1'
[0.500s] INFO:colcon.colcon_core.shell:Creating environment descriptor '/home/virkt/CS497F/ros-lab-2/install/ros_gz_app/share/ros_gz_app/hook/cmake_prefix_path.dsv'
[0.502s] INFO:colcon.colcon_core.shell:Creating environment hook '/home/virkt/CS497F/ros-lab-2/install/ros_gz_app/share/ros_gz_app/hook/cmake_prefix_path.sh'
[0.505s] Level 1:colcon.colcon_core.environment:checking '/home/virkt/CS497F/ros-lab-2/install/ros_gz_app/bin'
[0.505s] Level 1:colcon.colcon_core.environment:checking '/home/virkt/CS497F/ros-lab-2/install/ros_gz_app/lib/pkgconfig/ros_gz_app.pc'
[0.505s] Level 1:colcon.colcon_core.environment:checking '/home/virkt/CS497F/ros-lab-2/install/ros_gz_app/lib/python3.12/site-packages'
[0.505s] Level 1:colcon.colcon_core.environment:checking '/home/virkt/CS497F/ros-lab-2/install/ros_gz_app/bin'
[0.505s] INFO:colcon.colcon_core.shell:Creating package script '/home/virkt/CS497F/ros-lab-2/install/ros_gz_app/share/ros_gz_app/package.ps1'
[0.507s] INFO:colcon.colcon_core.shell:Creating package descriptor '/home/virkt/CS497F/ros-lab-2/install/ros_gz_app/share/ros_gz_app/package.dsv'
[0.508s] INFO:colcon.colcon_core.shell:Creating package script '/home/virkt/CS497F/ros-lab-2/install/ros_gz_app/share/ros_gz_app/package.sh'
[0.510s] INFO:colcon.colcon_core.shell:Creating package script '/home/virkt/CS497F/ros-lab-2/install/ros_gz_app/share/ros_gz_app/package.bash'
[0.511s] INFO:colcon.colcon_core.shell:Creating package script '/home/virkt/CS497F/ros-lab-2/install/ros_gz_app/share/ros_gz_app/package.zsh'
[0.513s] Level 1:colcon.colcon_core.environment:create_file_with_runtime_dependencies(/home/virkt/CS497F/ros-lab-2/install/ros_gz_app/share/colcon-core/packages/ros_gz_app)
[0.514s] Level 1:colcon.colcon_core.environment:create_environment_scripts_only(ros_gz_app)
[0.514s] Level 1:colcon.colcon_core.environment:checking '/home/virkt/CS497F/ros-lab-2/install/ros_gz_app' for CMake module files
[0.515s] Level 1:colcon.colcon_core.environment:checking '/home/virkt/CS497F/ros-lab-2/install/ros_gz_app' for CMake config files
[0.517s] Level 1:colcon.colcon_core.shell:create_environment_hook('ros_gz_app', 'cmake_prefix_path')
[0.517s] INFO:colcon.colcon_core.shell:Creating environment hook '/home/virkt/CS497F/ros-lab-2/install/ros_gz_app/share/ros_gz_app/hook/cmake_prefix_path.ps1'
[0.519s] INFO:colcon.colcon_core.shell:Creating environment descriptor '/home/virkt/CS497F/ros-lab-2/install/ros_gz_app/share/ros_gz_app/hook/cmake_prefix_path.dsv'
[0.521s] INFO:colcon.colcon_core.shell:Creating environment hook '/home/virkt/CS497F/ros-lab-2/install/ros_gz_app/share/ros_gz_app/hook/cmake_prefix_path.sh'
[0.522s] Level 1:colcon.colcon_core.environment:checking '/home/virkt/CS497F/ros-lab-2/install/ros_gz_app/bin'
[0.523s] Level 1:colcon.colcon_core.environment:checking '/home/virkt/CS497F/ros-lab-2/install/ros_gz_app/lib/pkgconfig/ros_gz_app.pc'
[0.523s] Level 1:colcon.colcon_core.environment:checking '/home/virkt/CS497F/ros-lab-2/install/ros_gz_app/lib/python3.12/site-packages'
[0.523s] Level 1:colcon.colcon_core.environment:checking '/home/virkt/CS497F/ros-lab-2/install/ros_gz_app/bin'
[0.523s] INFO:colcon.colcon_core.shell:Creating package script '/home/virkt/CS497F/ros-lab-2/install/ros_gz_app/share/ros_gz_app/package.ps1'
[0.525s] INFO:colcon.colcon_core.shell:Creating package descriptor '/home/virkt/CS497F/ros-lab-2/install/ros_gz_app/share/ros_gz_app/package.dsv'
[0.526s] INFO:colcon.colcon_core.shell:Creating package script '/home/virkt/CS497F/ros-lab-2/install/ros_gz_app/share/ros_gz_app/package.sh'
[0.528s] INFO:colcon.colcon_core.shell:Creating package script '/home/virkt/CS497F/ros-lab-2/install/ros_gz_app/share/ros_gz_app/package.bash'
[0.530s] INFO:colcon.colcon_core.shell:Creating package script '/home/virkt/CS497F/ros-lab-2/install/ros_gz_app/share/ros_gz_app/package.zsh'
[0.532s] Level 1:colcon.colcon_core.environment:create_file_with_runtime_dependencies(/home/virkt/CS497F/ros-lab-2/install/ros_gz_app/share/colcon-core/packages/ros_gz_app)
[0.542s] DEBUG:colcon.colcon_core.event_handler.log_command:Invoked command in '/home/virkt/CS497F/ros-lab-2/build/ros_gz_gazebo' returned '0': CMAKE_PREFIX_PATH=/home/virkt/CS497F/ros-lab-2/install/ros_gz_description:/home/virkt/CS497F/ros-lab-2/install/ros_gz_bringup:/home/virkt/CS497F/ros-lab-2/install/ros_gz_gazebo:/home/virkt/CS497F/ros-lab-2/install/ros_gz_app:/opt/ros/jazzy/opt/gz_sim_vendor:/opt/ros/jazzy/opt/gz_sensors_vendor:/opt/ros/jazzy/opt/gz_physics_vendor:/opt/ros/jazzy/opt/sdformat_vendor:/opt/ros/jazzy/opt/gz_gui_vendor:/opt/ros/jazzy/opt/gz_transport_vendor:/opt/ros/jazzy/opt/gz_rendering_vendor:/opt/ros/jazzy/opt/gz_plugin_vendor:/opt/ros/jazzy/opt/gz_fuel_tools_vendor:/opt/ros/jazzy/opt/gz_msgs_vendor:/opt/ros/jazzy/opt/gz_common_vendor:/opt/ros/jazzy/opt/gz_math_vendor:/opt/ros/jazzy/opt/gz_utils_vendor:/opt/ros/jazzy/opt/gz_tools_vendor:/opt/ros/jazzy/opt/gz_ogre_next_vendor:/opt/ros/jazzy/opt/gz_dartsim_vendor:/opt/ros/jazzy/opt/gz_cmake_vendor:/home/virkt/CS497F/ros-lab-2/install/py_pubsub:/opt/ros/jazzy PS1=<ROS2-Jazzy>[\u@\h \W]$ /usr/bin/cmake --build /home/virkt/CS497F/ros-lab-2/build/ros_gz_gazebo -- -j28 -l28
[0.544s] DEBUG:colcon.colcon_core.event_handler.log_command:Invoking command in '/home/virkt/CS497F/ros-lab-2/build/ros_gz_gazebo': CMAKE_PREFIX_PATH=/home/virkt/CS497F/ros-lab-2/install/ros_gz_description:/home/virkt/CS497F/ros-lab-2/install/ros_gz_bringup:/home/virkt/CS497F/ros-lab-2/install/ros_gz_gazebo:/home/virkt/CS497F/ros-lab-2/install/ros_gz_app:/opt/ros/jazzy/opt/gz_sim_vendor:/opt/ros/jazzy/opt/gz_sensors_vendor:/opt/ros/jazzy/opt/gz_physics_vendor:/opt/ros/jazzy/opt/sdformat_vendor:/opt/ros/jazzy/opt/gz_gui_vendor:/opt/ros/jazzy/opt/gz_transport_vendor:/opt/ros/jazzy/opt/gz_rendering_vendor:/opt/ros/jazzy/opt/gz_plugin_vendor:/opt/ros/jazzy/opt/gz_fuel_tools_vendor:/opt/ros/jazzy/opt/gz_msgs_vendor:/opt/ros/jazzy/opt/gz_common_vendor:/opt/ros/jazzy/opt/gz_math_vendor:/opt/ros/jazzy/opt/gz_utils_vendor:/opt/ros/jazzy/opt/gz_tools_vendor:/opt/ros/jazzy/opt/gz_ogre_next_vendor:/opt/ros/jazzy/opt/gz_dartsim_vendor:/opt/ros/jazzy/opt/gz_cmake_vendor:/home/virkt/CS497F/ros-lab-2/install/py_pubsub:/opt/ros/jazzy PS1=<ROS2-Jazzy>[\u@\h \W]$ /usr/bin/cmake --install /home/virkt/CS497F/ros-lab-2/build/ros_gz_gazebo
[0.576s] Level 1:colcon.colcon_core.environment:create_environment_scripts_only(ros_gz_gazebo)
[0.576s] Level 1:colcon.colcon_core.environment:checking '/home/virkt/CS497F/ros-lab-2/install/ros_gz_gazebo' for CMake module files
[0.577s] DEBUG:colcon.colcon_core.event_handler.log_command:Invoked command in '/home/virkt/CS497F/ros-lab-2/build/ros_gz_gazebo' returned '0': CMAKE_PREFIX_PATH=/home/virkt/CS497F/ros-lab-2/install/ros_gz_description:/home/virkt/CS497F/ros-lab-2/install/ros_gz_bringup:/home/virkt/CS497F/ros-lab-2/install/ros_gz_gazebo:/home/virkt/CS497F/ros-lab-2/install/ros_gz_app:/opt/ros/jazzy/opt/gz_sim_vendor:/opt/ros/jazzy/opt/gz_sensors_vendor:/opt/ros/jazzy/opt/gz_physics_vendor:/opt/ros/jazzy/opt/sdformat_vendor:/opt/ros/jazzy/opt/gz_gui_vendor:/opt/ros/jazzy/opt/gz_transport_vendor:/opt/ros/jazzy/opt/gz_rendering_vendor:/opt/ros/jazzy/opt/gz_plugin_vendor:/opt/ros/jazzy/opt/gz_fuel_tools_vendor:/opt/ros/jazzy/opt/gz_msgs_vendor:/opt/ros/jazzy/opt/gz_common_vendor:/opt/ros/jazzy/opt/gz_math_vendor:/opt/ros/jazzy/opt/gz_utils_vendor:/opt/ros/jazzy/opt/gz_tools_vendor:/opt/ros/jazzy/opt/gz_ogre_next_vendor:/opt/ros/jazzy/opt/gz_dartsim_vendor:/opt/ros/jazzy/opt/gz_cmake_vendor:/home/virkt/CS497F/ros-lab-2/install/py_pubsub:/opt/ros/jazzy PS1=<ROS2-Jazzy>[\u@\h \W]$ /usr/bin/cmake --install /home/virkt/CS497F/ros-lab-2/build/ros_gz_gazebo
[0.578s] Level 1:colcon.colcon_core.environment:checking '/home/virkt/CS497F/ros-lab-2/install/ros_gz_gazebo' for CMake config files
[0.581s] Level 1:colcon.colcon_core.shell:create_environment_hook('ros_gz_gazebo', 'cmake_prefix_path')
[0.581s] INFO:colcon.colcon_core.shell:Creating environment hook '/home/virkt/CS497F/ros-lab-2/install/ros_gz_gazebo/share/ros_gz_gazebo/hook/cmake_prefix_path.ps1'
[0.583s] INFO:colcon.colcon_core.shell:Creating environment descriptor '/home/virkt/CS497F/ros-lab-2/install/ros_gz_gazebo/share/ros_gz_gazebo/hook/cmake_prefix_path.dsv'
[0.584s] INFO:colcon.colcon_core.shell:Creating environment hook '/home/virkt/CS497F/ros-lab-2/install/ros_gz_gazebo/share/ros_gz_gazebo/hook/cmake_prefix_path.sh'
[0.586s] Level 1:colcon.colcon_core.environment:checking '/home/virkt/CS497F/ros-lab-2/install/ros_gz_gazebo/lib'
[0.586s] Level 1:colcon.colcon_core.environment:checking '/home/virkt/CS497F/ros-lab-2/install/ros_gz_gazebo/bin'
[0.586s] Level 1:colcon.colcon_core.environment:checking '/home/virkt/CS497F/ros-lab-2/install/ros_gz_gazebo/lib/pkgconfig/ros_gz_gazebo.pc'
[0.586s] Level 1:colcon.colcon_core.environment:checking '/home/virkt/CS497F/ros-lab-2/install/ros_gz_gazebo/lib/python3.12/site-packages'
[0.587s] Level 1:colcon.colcon_core.environment:checking '/home/virkt/CS497F/ros-lab-2/install/ros_gz_gazebo/bin'
[0.587s] INFO:colcon.colcon_core.shell:Creating package script '/home/virkt/CS497F/ros-lab-2/install/ros_gz_gazebo/share/ros_gz_gazebo/package.ps1'
[0.588s] INFO:colcon.colcon_core.shell:Creating package descriptor '/home/virkt/CS497F/ros-lab-2/install/ros_gz_gazebo/share/ros_gz_gazebo/package.dsv'
[0.590s] INFO:colcon.colcon_core.shell:Creating package script '/home/virkt/CS497F/ros-lab-2/install/ros_gz_gazebo/share/ros_gz_gazebo/package.sh'
[0.592s] INFO:colcon.colcon_core.shell:Creating package script '/home/virkt/CS497F/ros-lab-2/install/ros_gz_gazebo/share/ros_gz_gazebo/package.bash'
[0.593s] INFO:colcon.colcon_core.shell:Creating package script '/home/virkt/CS497F/ros-lab-2/install/ros_gz_gazebo/share/ros_gz_gazebo/package.zsh'
[0.595s] Level 1:colcon.colcon_core.environment:create_file_with_runtime_dependencies(/home/virkt/CS497F/ros-lab-2/install/ros_gz_gazebo/share/colcon-core/packages/ros_gz_gazebo)
[0.597s] Level 1:colcon.colcon_core.environment:create_environment_scripts_only(ros_gz_gazebo)
[0.597s] Level 1:colcon.colcon_core.environment:checking '/home/virkt/CS497F/ros-lab-2/install/ros_gz_gazebo' for CMake module files
[0.598s] Level 1:colcon.colcon_core.environment:checking '/home/virkt/CS497F/ros-lab-2/install/ros_gz_gazebo' for CMake config files
[0.601s] Level 1:colcon.colcon_core.shell:create_environment_hook('ros_gz_gazebo', 'cmake_prefix_path')
[0.601s] INFO:colcon.colcon_core.shell:Creating environment hook '/home/virkt/CS497F/ros-lab-2/install/ros_gz_gazebo/share/ros_gz_gazebo/hook/cmake_prefix_path.ps1'
[0.603s] INFO:colcon.colcon_core.shell:Creating environment descriptor '/home/virkt/CS497F/ros-lab-2/install/ros_gz_gazebo/share/ros_gz_gazebo/hook/cmake_prefix_path.dsv'
[0.605s] INFO:colcon.colcon_core.shell:Creating environment hook '/home/virkt/CS497F/ros-lab-2/install/ros_gz_gazebo/share/ros_gz_gazebo/hook/cmake_prefix_path.sh'
[0.607s] Level 1:colcon.colcon_core.environment:checking '/home/virkt/CS497F/ros-lab-2/install/ros_gz_gazebo/lib'
[0.607s] Level 1:colcon.colcon_core.environment:checking '/home/virkt/CS497F/ros-lab-2/install/ros_gz_gazebo/bin'
[0.607s] Level 1:colcon.colcon_core.environment:checking '/home/virkt/CS497F/ros-lab-2/install/ros_gz_gazebo/lib/pkgconfig/ros_gz_gazebo.pc'
[0.608s] Level 1:colcon.colcon_core.environment:checking '/home/virkt/CS497F/ros-lab-2/install/ros_gz_gazebo/lib/python3.12/site-packages'
[0.608s] Level 1:colcon.colcon_core.environment:checking '/home/virkt/CS497F/ros-lab-2/install/ros_gz_gazebo/bin'
[0.608s] INFO:colcon.colcon_core.shell:Creating package script '/home/virkt/CS497F/ros-lab-2/install/ros_gz_gazebo/share/ros_gz_gazebo/package.ps1'
[0.610s] INFO:colcon.colcon_core.shell:Creating package descriptor '/home/virkt/CS497F/ros-lab-2/install/ros_gz_gazebo/share/ros_gz_gazebo/package.dsv'
[0.612s] INFO:colcon.colcon_core.shell:Creating package script '/home/virkt/CS497F/ros-lab-2/install/ros_gz_gazebo/share/ros_gz_gazebo/package.sh'
[0.613s] INFO:colcon.colcon_core.shell:Creating package script '/home/virkt/CS497F/ros-lab-2/install/ros_gz_gazebo/share/ros_gz_gazebo/package.bash'
[0.615s] INFO:colcon.colcon_core.shell:Creating package script '/home/virkt/CS497F/ros-lab-2/install/ros_gz_gazebo/share/ros_gz_gazebo/package.zsh'
[0.617s] Level 1:colcon.colcon_core.environment:create_file_with_runtime_dependencies(/home/virkt/CS497F/ros-lab-2/install/ros_gz_gazebo/share/colcon-core/packages/ros_gz_gazebo)
[0.619s] INFO:colcon.colcon_ros.task.ament_cmake.build:Building ROS package in '/home/virkt/CS497F/ros-lab-2/ros_gz_bringup' with build type 'ament_cmake'
[0.619s] INFO:colcon.colcon_cmake.task.cmake.build:Building CMake package in '/home/virkt/CS497F/ros-lab-2/ros_gz_bringup'
[0.619s] INFO:colcon.colcon_core.shell:Skip shell extension 'powershell' for command environment: Not usable outside of PowerShell
[0.619s] DEBUG:colcon.colcon_core.shell:Skip shell extension 'dsv' for command environment
[0.645s] DEBUG:colcon.colcon_core.event_handler.log_command:Invoking command in '/home/virkt/CS497F/ros-lab-2/build/ros_gz_bringup': CMAKE_PREFIX_PATH=/home/virkt/CS497F/ros-lab-2/install/ros_gz_gazebo:/home/virkt/CS497F/ros-lab-2/install/ros_gz_description:/home/virkt/CS497F/ros-lab-2/install/ros_gz_bringup:/home/virkt/CS497F/ros-lab-2/install/ros_gz_app:/opt/ros/jazzy/opt/gz_sim_vendor:/opt/ros/jazzy/opt/gz_sensors_vendor:/opt/ros/jazzy/opt/gz_physics_vendor:/opt/ros/jazzy/opt/sdformat_vendor:/opt/ros/jazzy/opt/gz_gui_vendor:/opt/ros/jazzy/opt/gz_transport_vendor:/opt/ros/jazzy/opt/gz_rendering_vendor:/opt/ros/jazzy/opt/gz_plugin_vendor:/opt/ros/jazzy/opt/gz_fuel_tools_vendor:/opt/ros/jazzy/opt/gz_msgs_vendor:/opt/ros/jazzy/opt/gz_common_vendor:/opt/ros/jazzy/opt/gz_math_vendor:/opt/ros/jazzy/opt/gz_utils_vendor:/opt/ros/jazzy/opt/gz_tools_vendor:/opt/ros/jazzy/opt/gz_ogre_next_vendor:/opt/ros/jazzy/opt/gz_dartsim_vendor:/opt/ros/jazzy/opt/gz_cmake_vendor:/home/virkt/CS497F/ros-lab-2/install/py_pubsub:/opt/ros/jazzy GZ_SIM_PLUGIN_PATH=/home/virkt/CS497F/ros-lab-2/install/ros_gz_gazebo/lib/ros_gz_gazebo PS1=<ROS2-Jazzy>[\u@\h \W]$ /usr/bin/cmake --build /home/virkt/CS497F/ros-lab-2/build/ros_gz_bringup -- -j28 -l28
[0.680s] DEBUG:colcon.colcon_core.event_handler.log_command:Invoked command in '/home/virkt/CS497F/ros-lab-2/build/ros_gz_bringup' returned '0': CMAKE_PREFIX_PATH=/home/virkt/CS497F/ros-lab-2/install/ros_gz_gazebo:/home/virkt/CS497F/ros-lab-2/install/ros_gz_description:/home/virkt/CS497F/ros-lab-2/install/ros_gz_bringup:/home/virkt/CS497F/ros-lab-2/install/ros_gz_app:/opt/ros/jazzy/opt/gz_sim_vendor:/opt/ros/jazzy/opt/gz_sensors_vendor:/opt/ros/jazzy/opt/gz_physics_vendor:/opt/ros/jazzy/opt/sdformat_vendor:/opt/ros/jazzy/opt/gz_gui_vendor:/opt/ros/jazzy/opt/gz_transport_vendor:/opt/ros/jazzy/opt/gz_rendering_vendor:/opt/ros/jazzy/opt/gz_plugin_vendor:/opt/ros/jazzy/opt/gz_fuel_tools_vendor:/opt/ros/jazzy/opt/gz_msgs_vendor:/opt/ros/jazzy/opt/gz_common_vendor:/opt/ros/jazzy/opt/gz_math_vendor:/opt/ros/jazzy/opt/gz_utils_vendor:/opt/ros/jazzy/opt/gz_tools_vendor:/opt/ros/jazzy/opt/gz_ogre_next_vendor:/opt/ros/jazzy/opt/gz_dartsim_vendor:/opt/ros/jazzy/opt/gz_cmake_vendor:/home/virkt/CS497F/ros-lab-2/install/py_pubsub:/opt/ros/jazzy GZ_SIM_PLUGIN_PATH=/home/virkt/CS497F/ros-lab-2/install/ros_gz_gazebo/lib/ros_gz_gazebo PS1=<ROS2-Jazzy>[\u@\h \W]$ /usr/bin/cmake --build /home/virkt/CS497F/ros-lab-2/build/ros_gz_bringup -- -j28 -l28
[0.682s] DEBUG:colcon.colcon_core.event_handler.log_command:Invoking command in '/home/virkt/CS497F/ros-lab-2/build/ros_gz_bringup': CMAKE_PREFIX_PATH=/home/virkt/CS497F/ros-lab-2/install/ros_gz_gazebo:/home/virkt/CS497F/ros-lab-2/install/ros_gz_description:/home/virkt/CS497F/ros-lab-2/install/ros_gz_bringup:/home/virkt/CS497F/ros-lab-2/install/ros_gz_app:/opt/ros/jazzy/opt/gz_sim_vendor:/opt/ros/jazzy/opt/gz_sensors_vendor:/opt/ros/jazzy/opt/gz_physics_vendor:/opt/ros/jazzy/opt/sdformat_vendor:/opt/ros/jazzy/opt/gz_gui_vendor:/opt/ros/jazzy/opt/gz_transport_vendor:/opt/ros/jazzy/opt/gz_rendering_vendor:/opt/ros/jazzy/opt/gz_plugin_vendor:/opt/ros/jazzy/opt/gz_fuel_tools_vendor:/opt/ros/jazzy/opt/gz_msgs_vendor:/opt/ros/jazzy/opt/gz_common_vendor:/opt/ros/jazzy/opt/gz_math_vendor:/opt/ros/jazzy/opt/gz_utils_vendor:/opt/ros/jazzy/opt/gz_tools_vendor:/opt/ros/jazzy/opt/gz_ogre_next_vendor:/opt/ros/jazzy/opt/gz_dartsim_vendor:/opt/ros/jazzy/opt/gz_cmake_vendor:/home/virkt/CS497F/ros-lab-2/install/py_pubsub:/opt/ros/jazzy GZ_SIM_PLUGIN_PATH=/home/virkt/CS497F/ros-lab-2/install/ros_gz_gazebo/lib/ros_gz_gazebo PS1=<ROS2-Jazzy>[\u@\h \W]$ /usr/bin/cmake --install /home/virkt/CS497F/ros-lab-2/build/ros_gz_bringup
[0.710s] Level 1:colcon.colcon_core.environment:create_environment_scripts_only(ros_gz_bringup)
[0.711s] Level 1:colcon.colcon_core.environment:checking '/home/virkt/CS497F/ros-lab-2/install/ros_gz_bringup' for CMake module files
[0.711s] DEBUG:colcon.colcon_core.event_handler.log_command:Invoked command in '/home/virkt/CS497F/ros-lab-2/build/ros_gz_bringup' returned '0': CMAKE_PREFIX_PATH=/home/virkt/CS497F/ros-lab-2/install/ros_gz_gazebo:/home/virkt/CS497F/ros-lab-2/install/ros_gz_description:/home/virkt/CS497F/ros-lab-2/install/ros_gz_bringup:/home/virkt/CS497F/ros-lab-2/install/ros_gz_app:/opt/ros/jazzy/opt/gz_sim_vendor:/opt/ros/jazzy/opt/gz_sensors_vendor:/opt/ros/jazzy/opt/gz_physics_vendor:/opt/ros/jazzy/opt/sdformat_vendor:/opt/ros/jazzy/opt/gz_gui_vendor:/opt/ros/jazzy/opt/gz_transport_vendor:/opt/ros/jazzy/opt/gz_rendering_vendor:/opt/ros/jazzy/opt/gz_plugin_vendor:/opt/ros/jazzy/opt/gz_fuel_tools_vendor:/opt/ros/jazzy/opt/gz_msgs_vendor:/opt/ros/jazzy/opt/gz_common_vendor:/opt/ros/jazzy/opt/gz_math_vendor:/opt/ros/jazzy/opt/gz_utils_vendor:/opt/ros/jazzy/opt/gz_tools_vendor:/opt/ros/jazzy/opt/gz_ogre_next_vendor:/opt/ros/jazzy/opt/gz_dartsim_vendor:/opt/ros/jazzy/opt/gz_cmake_vendor:/home/virkt/CS497F/ros-lab-2/install/py_pubsub:/opt/ros/jazzy GZ_SIM_PLUGIN_PATH=/home/virkt/CS497F/ros-lab-2/install/ros_gz_gazebo/lib/ros_gz_gazebo PS1=<ROS2-Jazzy>[\u@\h \W]$ /usr/bin/cmake --install /home/virkt/CS497F/ros-lab-2/build/ros_gz_bringup
[0.712s] Level 1:colcon.colcon_core.environment:checking '/home/virkt/CS497F/ros-lab-2/install/ros_gz_bringup' for CMake config files
[0.716s] Level 1:colcon.colcon_core.shell:create_environment_hook('ros_gz_bringup', 'cmake_prefix_path')
[0.716s] INFO:colcon.colcon_core.shell:Creating environment hook '/home/virkt/CS497F/ros-lab-2/install/ros_gz_bringup/share/ros_gz_bringup/hook/cmake_prefix_path.ps1'
[0.718s] INFO:colcon.colcon_core.shell:Creating environment descriptor '/home/virkt/CS497F/ros-lab-2/install/ros_gz_bringup/share/ros_gz_bringup/hook/cmake_prefix_path.dsv'
[0.720s] INFO:colcon.colcon_core.shell:Creating environment hook '/home/virkt/CS497F/ros-lab-2/install/ros_gz_bringup/share/ros_gz_bringup/hook/cmake_prefix_path.sh'
[0.722s] Level 1:colcon.colcon_core.environment:checking '/home/virkt/CS497F/ros-lab-2/install/ros_gz_bringup/bin'
[0.722s] Level 1:colcon.colcon_core.environment:checking '/home/virkt/CS497F/ros-lab-2/install/ros_gz_bringup/lib/pkgconfig/ros_gz_bringup.pc'
[0.722s] Level 1:colcon.colcon_core.environment:checking '/home/virkt/CS497F/ros-lab-2/install/ros_gz_bringup/lib/python3.12/site-packages'
[0.723s] Level 1:colcon.colcon_core.environment:checking '/home/virkt/CS497F/ros-lab-2/install/ros_gz_bringup/bin'
[0.723s] INFO:colcon.colcon_core.shell:Creating package script '/home/virkt/CS497F/ros-lab-2/install/ros_gz_bringup/share/ros_gz_bringup/package.ps1'
[0.724s] INFO:colcon.colcon_core.shell:Creating package descriptor '/home/virkt/CS497F/ros-lab-2/install/ros_gz_bringup/share/ros_gz_bringup/package.dsv'
[0.727s] INFO:colcon.colcon_core.shell:Creating package script '/home/virkt/CS497F/ros-lab-2/install/ros_gz_bringup/share/ros_gz_bringup/package.sh'
[0.729s] INFO:colcon.colcon_core.shell:Creating package script '/home/virkt/CS497F/ros-lab-2/install/ros_gz_bringup/share/ros_gz_bringup/package.bash'
[0.731s] INFO:colcon.colcon_core.shell:Creating package script '/home/virkt/CS497F/ros-lab-2/install/ros_gz_bringup/share/ros_gz_bringup/package.zsh'
[0.732s] Level 1:colcon.colcon_core.environment:create_file_with_runtime_dependencies(/home/virkt/CS497F/ros-lab-2/install/ros_gz_bringup/share/colcon-core/packages/ros_gz_bringup)
[0.734s] Level 1:colcon.colcon_core.environment:create_environment_scripts_only(ros_gz_bringup)
[0.735s] Level 1:colcon.colcon_core.environment:checking '/home/virkt/CS497F/ros-lab-2/install/ros_gz_bringup' for CMake module files
[0.736s] Level 1:colcon.colcon_core.environment:checking '/home/virkt/CS497F/ros-lab-2/install/ros_gz_bringup' for CMake config files
[0.740s] Level 1:colcon.colcon_core.shell:create_environment_hook('ros_gz_bringup', 'cmake_prefix_path')
[0.740s] INFO:colcon.colcon_core.shell:Creating environment hook '/home/virkt/CS497F/ros-lab-2/install/ros_gz_bringup/share/ros_gz_bringup/hook/cmake_prefix_path.ps1'
[0.742s] INFO:colcon.colcon_core.shell:Creating environment descriptor '/home/virkt/CS497F/ros-lab-2/install/ros_gz_bringup/share/ros_gz_bringup/hook/cmake_prefix_path.dsv'
[0.745s] INFO:colcon.colcon_core.shell:Creating environment hook '/home/virkt/CS497F/ros-lab-2/install/ros_gz_bringup/share/ros_gz_bringup/hook/cmake_prefix_path.sh'
[0.748s] Level 1:colcon.colcon_core.environment:checking '/home/virkt/CS497F/ros-lab-2/install/ros_gz_bringup/bin'
[0.748s] Level 1:colcon.colcon_core.environment:checking '/home/virkt/CS497F/ros-lab-2/install/ros_gz_bringup/lib/pkgconfig/ros_gz_bringup.pc'
[0.748s] Level 1:colcon.colcon_core.environment:checking '/home/virkt/CS497F/ros-lab-2/install/ros_gz_bringup/lib/python3.12/site-packages'
[0.749s] Level 1:colcon.colcon_core.environment:checking '/home/virkt/CS497F/ros-lab-2/install/ros_gz_bringup/bin'
[0.749s] INFO:colcon.colcon_core.shell:Creating package script '/home/virkt/CS497F/ros-lab-2/install/ros_gz_bringup/share/ros_gz_bringup/package.ps1'
[0.752s] INFO:colcon.colcon_core.shell:Creating package descriptor '/home/virkt/CS497F/ros-lab-2/install/ros_gz_bringup/share/ros_gz_bringup/package.dsv'
[0.754s] INFO:colcon.colcon_core.shell:Creating package script '/home/virkt/CS497F/ros-lab-2/install/ros_gz_bringup/share/ros_gz_bringup/package.sh'
[0.757s] INFO:colcon.colcon_core.shell:Creating package script '/home/virkt/CS497F/ros-lab-2/install/ros_gz_bringup/share/ros_gz_bringup/package.bash'
[0.760s] INFO:colcon.colcon_core.shell:Creating package script '/home/virkt/CS497F/ros-lab-2/install/ros_gz_bringup/share/ros_gz_bringup/package.zsh'
[0.762s] Level 1:colcon.colcon_core.environment:create_file_with_runtime_dependencies(/home/virkt/CS497F/ros-lab-2/install/ros_gz_bringup/share/colcon-core/packages/ros_gz_bringup)
[0.776s] DEBUG:colcon.colcon_core.event_handler.log_command:Invoking command in '/home/virkt/CS497F/ros-lab-2/py_pubsub': PS1=<ROS2-Jazzy>[\u@\h \W]$ PYTHONPATH=/home/virkt/CS497F/ros-lab-2/build/py_pubsub/prefix_override:/usr/lib/python3/dist-packages/colcon_core/task/python/colcon_distutils_commands:/home/virkt/CS497F/ros-lab-2/install/py_pubsub/lib/python3.12/site-packages:${PYTHONPATH} /usr/bin/python3 -W ignore:setup.py install is deprecated -W ignore:easy_install command is deprecated setup.py egg_info --egg-base ../build/py_pubsub build --build-base /home/virkt/CS497F/ros-lab-2/build/py_pubsub/build install --record /home/virkt/CS497F/ros-lab-2/build/py_pubsub/install.log --single-version-externally-managed install_data
[1.179s] Level 1:colcon.colcon_core.environment:checking '/home/virkt/CS497F/ros-lab-2/install/py_pubsub' for CMake module files
[1.180s] DEBUG:colcon.colcon_core.event_handler.log_command:Invoked command in '/home/virkt/CS497F/ros-lab-2/py_pubsub' returned '0': PS1=<ROS2-Jazzy>[\u@\h \W]$ PYTHONPATH=/home/virkt/CS497F/ros-lab-2/build/py_pubsub/prefix_override:/usr/lib/python3/dist-packages/colcon_core/task/python/colcon_distutils_commands:/home/virkt/CS497F/ros-lab-2/install/py_pubsub/lib/python3.12/site-packages:${PYTHONPATH} /usr/bin/python3 -W ignore:setup.py install is deprecated -W ignore:easy_install command is deprecated setup.py egg_info --egg-base ../build/py_pubsub build --build-base /home/virkt/CS497F/ros-lab-2/build/py_pubsub/build install --record /home/virkt/CS497F/ros-lab-2/build/py_pubsub/install.log --single-version-externally-managed install_data
[1.181s] Level 1:colcon.colcon_core.environment:checking '/home/virkt/CS497F/ros-lab-2/install/py_pubsub' for CMake config files
[1.185s] Level 1:colcon.colcon_core.environment:checking '/home/virkt/CS497F/ros-lab-2/install/py_pubsub/lib'
[1.186s] Level 1:colcon.colcon_core.environment:checking '/home/virkt/CS497F/ros-lab-2/install/py_pubsub/bin'
[1.186s] Level 1:colcon.colcon_core.environment:checking '/home/virkt/CS497F/ros-lab-2/install/py_pubsub/lib/pkgconfig/py_pubsub.pc'
[1.186s] Level 1:colcon.colcon_core.environment:checking '/home/virkt/CS497F/ros-lab-2/install/py_pubsub/lib/python3.12/site-packages'
[1.186s] Level 1:colcon.colcon_core.shell:create_environment_hook('py_pubsub', 'pythonpath')
[1.186s] INFO:colcon.colcon_core.shell:Creating environment hook '/home/virkt/CS497F/ros-lab-2/install/py_pubsub/share/py_pubsub/hook/pythonpath.ps1'
[1.188s] INFO:colcon.colcon_core.shell:Creating environment descriptor '/home/virkt/CS497F/ros-lab-2/install/py_pubsub/share/py_pubsub/hook/pythonpath.dsv'
[1.190s] INFO:colcon.colcon_core.shell:Creating environment hook '/home/virkt/CS497F/ros-lab-2/install/py_pubsub/share/py_pubsub/hook/pythonpath.sh'
[1.191s] Level 1:colcon.colcon_core.environment:checking '/home/virkt/CS497F/ros-lab-2/install/py_pubsub/bin'
[1.191s] Level 1:colcon.colcon_core.environment:create_environment_scripts_only(py_pubsub)
[1.191s] INFO:colcon.colcon_core.shell:Creating package script '/home/virkt/CS497F/ros-lab-2/install/py_pubsub/share/py_pubsub/package.ps1'
[1.193s] INFO:colcon.colcon_core.shell:Creating package descriptor '/home/virkt/CS497F/ros-lab-2/install/py_pubsub/share/py_pubsub/package.dsv'
[1.195s] INFO:colcon.colcon_core.shell:Creating package script '/home/virkt/CS497F/ros-lab-2/install/py_pubsub/share/py_pubsub/package.sh'
[1.197s] INFO:colcon.colcon_core.shell:Creating package script '/home/virkt/CS497F/ros-lab-2/install/py_pubsub/share/py_pubsub/package.bash'
[1.198s] INFO:colcon.colcon_core.shell:Creating package script '/home/virkt/CS497F/ros-lab-2/install/py_pubsub/share/py_pubsub/package.zsh'
[1.200s] Level 1:colcon.colcon_core.environment:create_file_with_runtime_dependencies(/home/virkt/CS497F/ros-lab-2/install/py_pubsub/share/colcon-core/packages/py_pubsub)
[1.202s] DEBUG:colcon.colcon_parallel_executor.executor.parallel:closing loop
[1.202s] DEBUG:colcon.colcon_parallel_executor.executor.parallel:loop closed
[1.202s] DEBUG:colcon.colcon_parallel_executor.executor.parallel:run_until_complete finished with '0'
[1.202s] DEBUG:colcon.colcon_core.event_reactor:joining thread
[1.219s] INFO:colcon.colcon_core.plugin_system:Skipping extension 'colcon_notification.desktop_notification.notify_send': Could not find 'notify-send'
[1.219s] INFO:colcon.colcon_core.plugin_system:Skipping extension 'colcon_notification.desktop_notification.terminal_notifier': Not used on non-Darwin systems
[1.219s] INFO:colcon.colcon_core.plugin_system:Skipping extension 'colcon_notification.desktop_notification.win32': Not used on non-Windows systems
[1.219s] INFO:colcon.colcon_notification.desktop_notification:Sending desktop notification using 'notify2'
[1.234s] DEBUG:colcon.colcon_core.event_reactor:joined thread
[1.234s] INFO:colcon.colcon_core.shell:Creating prefix script '/home/virkt/CS497F/ros-lab-2/install/local_setup.ps1'
[1.237s] INFO:colcon.colcon_core.shell:Creating prefix util module '/home/virkt/CS497F/ros-lab-2/install/_local_setup_util_ps1.py'
[1.241s] INFO:colcon.colcon_core.shell:Creating prefix chain script '/home/virkt/CS497F/ros-lab-2/install/setup.ps1'
[1.246s] INFO:colcon.colcon_core.shell:Creating prefix script '/home/virkt/CS497F/ros-lab-2/install/local_setup.sh'
[1.249s] INFO:colcon.colcon_core.shell:Creating prefix util module '/home/virkt/CS497F/ros-lab-2/install/_local_setup_util_sh.py'
[1.252s] INFO:colcon.colcon_core.shell:Creating prefix chain script '/home/virkt/CS497F/ros-lab-2/install/setup.sh'
[1.257s] INFO:colcon.colcon_core.shell:Creating prefix script '/home/virkt/CS497F/ros-lab-2/install/local_setup.bash'
[1.259s] INFO:colcon.colcon_core.shell:Creating prefix chain script '/home/virkt/CS497F/ros-lab-2/install/setup.bash'
[1.265s] INFO:colcon.colcon_core.shell:Creating prefix script '/home/virkt/CS497F/ros-lab-2/install/local_setup.zsh'
[1.268s] INFO:colcon.colcon_core.shell:Creating prefix chain script '/home/virkt/CS497F/ros-lab-2/install/setup.zsh'
