[0.824s] Invoking command in '/home/virkt/CS497F/ros-lab-2/py_pubsub': PS1=<ROS2-Jazzy>[\u@\h \W]$ PYTHONPATH=/home/virkt/CS497F/ros-lab-2/build/py_pubsub/prefix_override:/usr/lib/python3/dist-packages/colcon_core/task/python/colcon_distutils_commands:/home/virkt/CS497F/ros-lab-2/install/py_pubsub/lib/python3.12/site-packages:${PYTHONPATH} /usr/bin/python3 -W ignore:setup.py install is deprecated -W ignore:easy_install command is deprecated setup.py egg_info --egg-base ../build/py_pubsub build --build-base /home/virkt/CS497F/ros-lab-2/build/py_pubsub/build install --record /home/virkt/CS497F/ros-lab-2/build/py_pubsub/install.log --single-version-externally-managed install_data
[0.954s] running egg_info
[0.955s] creating ../build/py_pubsub/py_pubsub.egg-info
[0.967s] writing ../build/py_pubsub/py_pubsub.egg-info/PKG-INFO
[0.967s] writing dependency_links to ../build/py_pubsub/py_pubsub.egg-info/dependency_links.txt
[0.968s] writing entry points to ../build/py_pubsub/py_pubsub.egg-info/entry_points.txt
[0.970s] writing requirements to ../build/py_pubsub/py_pubsub.egg-info/requires.txt
[0.971s] writing top-level names to ../build/py_pubsub/py_pubsub.egg-info/top_level.txt
[0.973s] writing manifest file '../build/py_pubsub/py_pubsub.egg-info/SOURCES.txt'
[1.001s] reading manifest file '../build/py_pubsub/py_pubsub.egg-info/SOURCES.txt'
[1.002s] adding license file 'LICENSE'
[1.002s] writing manifest file '../build/py_pubsub/py_pubsub.egg-info/SOURCES.txt'
[1.003s] running build
[1.003s] running build_py
[1.004s] creating /home/virkt/CS497F/ros-lab-2/build/py_pubsub/build
[1.004s] creating /home/virkt/CS497F/ros-lab-2/build/py_pubsub/build/lib
[1.005s] creating /home/virkt/CS497F/ros-lab-2/build/py_pubsub/build/lib/py_pubsub
[1.006s] copying py_pubsub/publisher_member_function.py -> /home/virkt/CS497F/ros-lab-2/build/py_pubsub/build/lib/py_pubsub
[1.009s] copying py_pubsub/__init__.py -> /home/virkt/CS497F/ros-lab-2/build/py_pubsub/build/lib/py_pubsub
[1.011s] running install
[1.015s] running install_lib
[1.025s] creating /home/virkt/CS497F/ros-lab-2/install/py_pubsub/lib/python3.12/site-packages/py_pubsub
[1.026s] copying /home/virkt/CS497F/ros-lab-2/build/py_pubsub/build/lib/py_pubsub/__init__.py -> /home/virkt/CS497F/ros-lab-2/install/py_pubsub/lib/python3.12/site-packages/py_pubsub
[1.028s] copying /home/virkt/CS497F/ros-lab-2/build/py_pubsub/build/lib/py_pubsub/publisher_member_function.py -> /home/virkt/CS497F/ros-lab-2/install/py_pubsub/lib/python3.12/site-packages/py_pubsub
[1.032s] byte-compiling /home/virkt/CS497F/ros-lab-2/install/py_pubsub/lib/python3.12/site-packages/py_pubsub/__init__.py to __init__.cpython-312.pyc
[1.036s] byte-compiling /home/virkt/CS497F/ros-lab-2/install/py_pubsub/lib/python3.12/site-packages/py_pubsub/publisher_member_function.py to publisher_member_function.cpython-312.pyc
[1.039s] running install_data
[1.040s] creating /home/virkt/CS497F/ros-lab-2/install/py_pubsub/share/ament_index
[1.040s] creating /home/virkt/CS497F/ros-lab-2/install/py_pubsub/share/ament_index/resource_index
[1.041s] creating /home/virkt/CS497F/ros-lab-2/install/py_pubsub/share/ament_index/resource_index/packages
[1.043s] copying resource/py_pubsub -> /home/virkt/CS497F/ros-lab-2/install/py_pubsub/share/ament_index/resource_index/packages
[1.046s] copying package.xml -> /home/virkt/CS497F/ros-lab-2/install/py_pubsub/share/py_pubsub
[1.048s] running install_egg_info
[1.082s] Copying ../build/py_pubsub/py_pubsub.egg-info to /home/virkt/CS497F/ros-lab-2/install/py_pubsub/lib/python3.12/site-packages/py_pubsub-0.0.0-py3.12.egg-info
[1.110s] running install_scripts
[1.223s] Installing publisher_member_function script to /home/virkt/CS497F/ros-lab-2/install/py_pubsub/lib/py_pubsub
[1.226s] writing list of installed files to '/home/virkt/CS497F/ros-lab-2/build/py_pubsub/install.log'
[1.239s] Invoked command in '/home/virkt/CS497F/ros-lab-2/py_pubsub' returned '0': PS1=<ROS2-Jazzy>[\u@\h \W]$ PYTHONPATH=/home/virkt/CS497F/ros-lab-2/build/py_pubsub/prefix_override:/usr/lib/python3/dist-packages/colcon_core/task/python/colcon_distutils_commands:/home/virkt/CS497F/ros-lab-2/install/py_pubsub/lib/python3.12/site-packages:${PYTHONPATH} /usr/bin/python3 -W ignore:setup.py install is deprecated -W ignore:easy_install command is deprecated setup.py egg_info --egg-base ../build/py_pubsub build --build-base /home/virkt/CS497F/ros-lab-2/build/py_pubsub/build install --record /home/virkt/CS497F/ros-lab-2/build/py_pubsub/install.log --single-version-externally-managed install_data
