[0.032s] Invoking command in '/home/virkt/CS497F/ros-lab-2/build/ros_gz_description': CMAKE_PREFIX_PATH=${CMAKE_PREFIX_PATH}:/opt/ros/jazzy PS1=<ROS2-Jazzy>[\u@\h \W]$ /usr/bin/cmake --build /home/virkt/CS497F/ros-lab-2/build/ros_gz_description -- -j28 -l28
[0.178s] Invoked command in '/home/virkt/CS497F/ros-lab-2/build/ros_gz_description' returned '0': CMAKE_PREFIX_PATH=${CMAKE_PREFIX_PATH}:/opt/ros/jazzy PS1=<ROS2-Jazzy>[\u@\h \W]$ /usr/bin/cmake --build /home/virkt/CS497F/ros-lab-2/build/ros_gz_description -- -j28 -l28
[0.188s] Invoking command in '/home/virkt/CS497F/ros-lab-2/build/ros_gz_description': CMAKE_PREFIX_PATH=${CMAKE_PREFIX_PATH}:/opt/ros/jazzy PS1=<ROS2-Jazzy>[\u@\h \W]$ /usr/bin/cmake --install /home/virkt/CS497F/ros-lab-2/build/ros_gz_description
[0.196s] -- Install configuration: ""
[0.198s] -- Up-to-date: /home/virkt/CS497F/ros-lab-2/install/ros_gz_description/share/ros_gz_description/models
[0.199s] -- Up-to-date: /home/virkt/CS497F/ros-lab-2/install/ros_gz_description/share/ros_gz_description/models/diff_drive
[0.200s] -- Up-to-date: /home/virkt/CS497F/ros-lab-2/install/ros_gz_description/share/ros_gz_description/models/diff_drive/model.sdf
[0.201s] -- Up-to-date: /home/virkt/CS497F/ros-lab-2/install/ros_gz_description/share/ros_gz_description/models/diff_drive/model.config
[0.202s] -- Up-to-date: /home/virkt/CS497F/ros-lab-2/install/ros_gz_description/share/ros_gz_description/environment/ros_gz_description.dsv
[0.202s] -- Up-to-date: /home/virkt/CS497F/ros-lab-2/install/ros_gz_description/share/ros_gz_description/environment/ros_gz_description.sh
[0.205s] -- Up-to-date: /home/virkt/CS497F/ros-lab-2/install/ros_gz_description/share/ament_index/resource_index/package_run_dependencies/ros_gz_description
[0.205s] -- Up-to-date: /home/virkt/CS497F/ros-lab-2/install/ros_gz_description/share/ament_index/resource_index/parent_prefix_path/ros_gz_description
[0.205s] -- Up-to-date: /home/virkt/CS497F/ros-lab-2/install/ros_gz_description/share/ros_gz_description/environment/ament_prefix_path.sh
[0.206s] -- Up-to-date: /home/virkt/CS497F/ros-lab-2/install/ros_gz_description/share/ros_gz_description/environment/ament_prefix_path.dsv
[0.206s] -- Up-to-date: /home/virkt/CS497F/ros-lab-2/install/ros_gz_description/share/ros_gz_description/environment/path.sh
[0.207s] -- Up-to-date: /home/virkt/CS497F/ros-lab-2/install/ros_gz_description/share/ros_gz_description/environment/path.dsv
[0.208s] -- Up-to-date: /home/virkt/CS497F/ros-lab-2/install/ros_gz_description/share/ros_gz_description/local_setup.bash
[0.209s] -- Up-to-date: /home/virkt/CS497F/ros-lab-2/install/ros_gz_description/share/ros_gz_description/local_setup.sh
[0.210s] -- Up-to-date: /home/virkt/CS497F/ros-lab-2/install/ros_gz_description/share/ros_gz_description/local_setup.zsh
[0.211s] -- Up-to-date: /home/virkt/CS497F/ros-lab-2/install/ros_gz_description/share/ros_gz_description/local_setup.dsv
[0.211s] -- Installing: /home/virkt/CS497F/ros-lab-2/install/ros_gz_description/share/ros_gz_description/package.dsv
[0.216s] -- Up-to-date: /home/virkt/CS497F/ros-lab-2/install/ros_gz_description/share/ament_index/resource_index/packages/ros_gz_description
[0.217s] -- Up-to-date: /home/virkt/CS497F/ros-lab-2/install/ros_gz_description/share/ros_gz_description/cmake/ros_gz_descriptionConfig.cmake
[0.218s] -- Up-to-date: /home/virkt/CS497F/ros-lab-2/install/ros_gz_description/share/ros_gz_description/cmake/ros_gz_descriptionConfig-version.cmake
[0.219s] -- Up-to-date: /home/virkt/CS497F/ros-lab-2/install/ros_gz_description/share/ros_gz_description/package.xml
[0.221s] Invoked command in '/home/virkt/CS497F/ros-lab-2/build/ros_gz_description' returned '0': CMAKE_PREFIX_PATH=${CMAKE_PREFIX_PATH}:/opt/ros/jazzy PS1=<ROS2-Jazzy>[\u@\h \W]$ /usr/bin/cmake --install /home/virkt/CS497F/ros-lab-2/build/ros_gz_description
