[0.160s] Invoking command in '/home/virkt/CS497F/ros-lab-2/build/ros_gz_app': CMAKE_PREFIX_PATH=${CMAKE_PREFIX_PATH}:/home/virkt/CS497F/ros-lab-2/install/py_pubsub:/opt/ros/jazzy PS1=<ROS2-Jazzy>[\u@\h \W]$ /usr/bin/cmake --build /home/virkt/CS497F/ros-lab-2/build/ros_gz_app -- -j28 -l28
[0.207s] Invoked command in '/home/virkt/CS497F/ros-lab-2/build/ros_gz_app' returned '0': CMAKE_PREFIX_PATH=${CMAKE_PREFIX_PATH}:/home/virkt/CS497F/ros-lab-2/install/py_pubsub:/opt/ros/jazzy PS1=<ROS2-Jazzy>[\u@\h \W]$ /usr/bin/cmake --build /home/virkt/CS497F/ros-lab-2/build/ros_gz_app -- -j28 -l28
[0.209s] Invoking command in '/home/virkt/CS497F/ros-lab-2/build/ros_gz_app': CMAKE_PREFIX_PATH=${CMAKE_PREFIX_PATH}:/home/virkt/CS497F/ros-lab-2/install/py_pubsub:/opt/ros/jazzy PS1=<ROS2-Jazzy>[\u@\h \W]$ /usr/bin/cmake --install /home/virkt/CS497F/ros-lab-2/build/ros_gz_app
[0.222s] -- Install configuration: ""
[0.222s] -- Up-to-date: /home/virkt/CS497F/ros-lab-2/install/ros_gz_app/share/ament_index/resource_index/package_run_dependencies/ros_gz_app
[0.223s] -- Up-to-date: /home/virkt/CS497F/ros-lab-2/install/ros_gz_app/share/ament_index/resource_index/parent_prefix_path/ros_gz_app
[0.224s] -- Up-to-date: /home/virkt/CS497F/ros-lab-2/install/ros_gz_app/share/ros_gz_app/environment/ament_prefix_path.sh
[0.224s] -- Up-to-date: /home/virkt/CS497F/ros-lab-2/install/ros_gz_app/share/ros_gz_app/environment/ament_prefix_path.dsv
[0.225s] -- Up-to-date: /home/virkt/CS497F/ros-lab-2/install/ros_gz_app/share/ros_gz_app/environment/path.sh
[0.226s] -- Up-to-date: /home/virkt/CS497F/ros-lab-2/install/ros_gz_app/share/ros_gz_app/environment/path.dsv
[0.226s] -- Up-to-date: /home/virkt/CS497F/ros-lab-2/install/ros_gz_app/share/ros_gz_app/local_setup.bash
[0.227s] -- Up-to-date: /home/virkt/CS497F/ros-lab-2/install/ros_gz_app/share/ros_gz_app/local_setup.sh
[0.227s] -- Up-to-date: /home/virkt/CS497F/ros-lab-2/install/ros_gz_app/share/ros_gz_app/local_setup.zsh
[0.228s] -- Up-to-date: /home/virkt/CS497F/ros-lab-2/install/ros_gz_app/share/ros_gz_app/local_setup.dsv
[0.229s] -- Installing: /home/virkt/CS497F/ros-lab-2/install/ros_gz_app/share/ros_gz_app/package.dsv
[0.233s] -- Up-to-date: /home/virkt/CS497F/ros-lab-2/install/ros_gz_app/share/ament_index/resource_index/packages/ros_gz_app
[0.234s] -- Up-to-date: /home/virkt/CS497F/ros-lab-2/install/ros_gz_app/share/ros_gz_app/cmake/ros_gz_appConfig.cmake
[0.234s] -- Up-to-date: /home/virkt/CS497F/ros-lab-2/install/ros_gz_app/share/ros_gz_app/cmake/ros_gz_appConfig-version.cmake
[0.235s] -- Up-to-date: /home/virkt/CS497F/ros-lab-2/install/ros_gz_app/share/ros_gz_app/package.xml
[0.263s] Invoked command in '/home/virkt/CS497F/ros-lab-2/build/ros_gz_app' returned '0': CMAKE_PREFIX_PATH=${CMAKE_PREFIX_PATH}:/home/virkt/CS497F/ros-lab-2/install/py_pubsub:/opt/ros/jazzy PS1=<ROS2-Jazzy>[\u@\h \W]$ /usr/bin/cmake --install /home/virkt/CS497F/ros-lab-2/build/ros_gz_app
