[0.477s] Invoking command in '/home/virkt/CS497F/ros-lab-2/py_pubsub': PS1=<ROS2-Jazzy>[\u@\h \W]$ PYTHONPATH=/home/virkt/CS497F/ros-lab-2/build/py_pubsub/prefix_override:/usr/lib/python3/dist-packages/colcon_core/task/python/colcon_distutils_commands:/home/virkt/CS497F/ros-lab-2/install/py_pubsub/lib/python3.12/site-packages:${PYTHONPATH} /usr/bin/python3 -W ignore:setup.py install is deprecated -W ignore:easy_install command is deprecated setup.py egg_info --egg-base ../build/py_pubsub build --build-base /home/virkt/CS497F/ros-lab-2/build/py_pubsub/build install --record /home/virkt/CS497F/ros-lab-2/build/py_pubsub/install.log --single-version-externally-managed install_data
[0.637s] running egg_info
[0.651s] writing ../build/py_pubsub/py_pubsub.egg-info/PKG-INFO
[0.654s] writing dependency_links to ../build/py_pubsub/py_pubsub.egg-info/dependency_links.txt
[0.657s] writing entry points to ../build/py_pubsub/py_pubsub.egg-info/entry_points.txt
[0.660s] writing requirements to ../build/py_pubsub/py_pubsub.egg-info/requires.txt
[0.662s] writing top-level names to ../build/py_pubsub/py_pubsub.egg-info/top_level.txt
[0.715s] reading manifest file '../build/py_pubsub/py_pubsub.egg-info/SOURCES.txt'
[0.716s] adding license file 'LICENSE'
[0.716s] writing manifest file '../build/py_pubsub/py_pubsub.egg-info/SOURCES.txt'
[0.718s] running build
[0.718s] running build_py
[0.720s] copying py_pubsub/publisher_member_function.py -> /home/virkt/CS497F/ros-lab-2/build/py_pubsub/build/lib/py_pubsub
[0.724s] running install
[0.734s] running install_lib
[0.747s] copying /home/virkt/CS497F/ros-lab-2/build/py_pubsub/build/lib/py_pubsub/publisher_member_function.py -> /home/virkt/CS497F/ros-lab-2/install/py_pubsub/lib/python3.12/site-packages/py_pubsub
[0.752s] byte-compiling /home/virkt/CS497F/ros-lab-2/install/py_pubsub/lib/python3.12/site-packages/py_pubsub/publisher_member_function.py to publisher_member_function.cpython-312.pyc
[0.756s] running install_data
[0.756s] running install_egg_info
[0.771s] removing '/home/virkt/CS497F/ros-lab-2/install/py_pubsub/lib/python3.12/site-packages/py_pubsub-0.0.0-py3.12.egg-info' (and everything under it)
[0.778s] Copying ../build/py_pubsub/py_pubsub.egg-info to /home/virkt/CS497F/ros-lab-2/install/py_pubsub/lib/python3.12/site-packages/py_pubsub-0.0.0-py3.12.egg-info
[0.814s] running install_scripts
[1.059s] Installing publisher_member_function script to /home/virkt/CS497F/ros-lab-2/install/py_pubsub/lib/py_pubsub
[1.062s] writing list of installed files to '/home/virkt/CS497F/ros-lab-2/build/py_pubsub/install.log'
[1.076s] Invoked command in '/home/virkt/CS497F/ros-lab-2/py_pubsub' returned '0': PS1=<ROS2-Jazzy>[\u@\h \W]$ PYTHONPATH=/home/virkt/CS497F/ros-lab-2/build/py_pubsub/prefix_override:/usr/lib/python3/dist-packages/colcon_core/task/python/colcon_distutils_commands:/home/virkt/CS497F/ros-lab-2/install/py_pubsub/lib/python3.12/site-packages:${PYTHONPATH} /usr/bin/python3 -W ignore:setup.py install is deprecated -W ignore:easy_install command is deprecated setup.py egg_info --egg-base ../build/py_pubsub build --build-base /home/virkt/CS497F/ros-lab-2/build/py_pubsub/build install --record /home/virkt/CS497F/ros-lab-2/build/py_pubsub/install.log --single-version-externally-managed install_data
