[0.062s] DEBUG:colcon:Command line arguments: ['/usr/bin/colcon', 'build', '--cmake-args', '-DBUILD_TESTING=ON']
[0.062s] DEBUG:colcon:Parsed command line arguments: Namespace(log_base=None, log_level=None, verb_name='build', build_base='build', install_base='install', merge_install=False, symlink_install=False, test_result_base=None, continue_on_error=False, executor='parallel', parallel_workers=28, event_handlers=None, ignore_user_meta=False, metas=['./colcon.meta'], base_paths=['.'], packages_ignore=None, packages_ignore_regex=None, paths=None, packages_up_to=None, packages_up_to_regex=None, packages_above=None, packages_above_and_dependencies=None, packages_above_depth=None, packages_select_by_dep=None, packages_skip_by_dep=None, packages_skip_up_to=None, packages_select_build_failed=False, packages_skip_build_finished=False, packages_select_test_failures=False, packages_skip_test_passed=False, packages_select=None, packages_skip=None, packages_select_regex=None, packages_skip_regex=None, packages_start=None, packages_end=None, allow_overriding=[], cmake_args=['-DBUILD_TESTING=ON'], cmake_target=None, cmake_target_skip_unavailable=False, cmake_clean_cache=False, cmake_clean_first=False, cmake_force_configure=False, ament_cmake_args=None, catkin_cmake_args=None, catkin_skip_building_tests=False, mixin_files=None, mixin=None, verb_parser=<colcon_mixin.mixin.mixin_argument.MixinArgumentDecorator object at 0x7fc04f356e40>, verb_extension=<colcon_core.verb.build.BuildVerb object at 0x7fc04f4f36e0>, main=<bound method BuildVerb.main of <colcon_core.verb.build.BuildVerb object at 0x7fc04f4f36e0>>, mixin_verb=('build',))
[0.082s] Level 1:colcon.colcon_core.package_discovery:discover_packages(colcon_meta) check parameters
[0.082s] Level 1:colcon.colcon_core.package_discovery:discover_packages(recursive) check parameters
[0.082s] Level 1:colcon.colcon_core.package_discovery:discover_packages(ignore) check parameters
[0.082s] Level 1:colcon.colcon_core.package_discovery:discover_packages(path) check parameters
[0.082s] Level 1:colcon.colcon_core.package_discovery:discover_packages(colcon_meta) discover
[0.082s] Level 1:colcon.colcon_core.package_discovery:discover_packages(recursive) discover
[0.082s] INFO:colcon.colcon_core.package_discovery:Crawling recursively for packages in '/home/virkt/CS497F/ros-lab-2'
[0.083s] Level 1:colcon.colcon_core.package_identification:_identify(.) by extensions ['ignore', 'ignore_ament_install']
[0.083s] Level 1:colcon.colcon_core.package_identification:_identify(.) by extension 'ignore'
[0.083s] Level 1:colcon.colcon_core.package_identification:_identify(.) by extension 'ignore_ament_install'
[0.083s] Level 1:colcon.colcon_core.package_identification:_identify(.) by extensions ['colcon_pkg']
[0.083s] Level 1:colcon.colcon_core.package_identification:_identify(.) by extension 'colcon_pkg'
[0.083s] Level 1:colcon.colcon_core.package_identification:_identify(.) by extensions ['colcon_meta']
[0.083s] Level 1:colcon.colcon_core.package_identification:_identify(.) by extension 'colcon_meta'
[0.083s] Level 1:colcon.colcon_core.package_identification:_identify(.) by extensions ['ros']
[0.083s] Level 1:colcon.colcon_core.package_identification:_identify(.) by extension 'ros'
[0.096s] Level 1:colcon.colcon_core.package_identification:_identify(.) by extensions ['cmake', 'python']
[0.096s] Level 1:colcon.colcon_core.package_identification:_identify(.) by extension 'cmake'
[0.096s] Level 1:colcon.colcon_core.package_identification:_identify(.) by extension 'python'
[0.096s] Level 1:colcon.colcon_core.package_identification:_identify(.) by extensions ['python_setup_py']
[0.096s] Level 1:colcon.colcon_core.package_identification:_identify(.) by extension 'python_setup_py'
[0.096s] Level 1:colcon.colcon_core.package_identification:_identify(build) by extensions ['ignore', 'ignore_ament_install']
[0.096s] Level 1:colcon.colcon_core.package_identification:_identify(build) by extension 'ignore'
[0.096s] Level 1:colcon.colcon_core.package_identification:_identify(build) ignored
[0.096s] Level 1:colcon.colcon_core.package_identification:_identify(figs) by extensions ['ignore', 'ignore_ament_install']
[0.096s] Level 1:colcon.colcon_core.package_identification:_identify(figs) by extension 'ignore'
[0.096s] Level 1:colcon.colcon_core.package_identification:_identify(figs) by extension 'ignore_ament_install'
[0.096s] Level 1:colcon.colcon_core.package_identification:_identify(figs) by extensions ['colcon_pkg']
[0.097s] Level 1:colcon.colcon_core.package_identification:_identify(figs) by extension 'colcon_pkg'
[0.097s] Level 1:colcon.colcon_core.package_identification:_identify(figs) by extensions ['colcon_meta']
[0.097s] Level 1:colcon.colcon_core.package_identification:_identify(figs) by extension 'colcon_meta'
[0.097s] Level 1:colcon.colcon_core.package_identification:_identify(figs) by extensions ['ros']
[0.097s] Level 1:colcon.colcon_core.package_identification:_identify(figs) by extension 'ros'
[0.097s] Level 1:colcon.colcon_core.package_identification:_identify(figs) by extensions ['cmake', 'python']
[0.097s] Level 1:colcon.colcon_core.package_identification:_identify(figs) by extension 'cmake'
[0.097s] Level 1:colcon.colcon_core.package_identification:_identify(figs) by extension 'python'
[0.097s] Level 1:colcon.colcon_core.package_identification:_identify(figs) by extensions ['python_setup_py']
[0.097s] Level 1:colcon.colcon_core.package_identification:_identify(figs) by extension 'python_setup_py'
[0.097s] Level 1:colcon.colcon_core.package_identification:_identify(install) by extensions ['ignore', 'ignore_ament_install']
[0.097s] Level 1:colcon.colcon_core.package_identification:_identify(install) by extension 'ignore'
[0.097s] Level 1:colcon.colcon_core.package_identification:_identify(install) ignored
[0.098s] Level 1:colcon.colcon_core.package_identification:_identify(log) by extensions ['ignore', 'ignore_ament_install']
[0.098s] Level 1:colcon.colcon_core.package_identification:_identify(log) by extension 'ignore'
[0.098s] Level 1:colcon.colcon_core.package_identification:_identify(log) ignored
[0.098s] Level 1:colcon.colcon_core.package_identification:_identify(py_pubsub) by extensions ['ignore', 'ignore_ament_install']
[0.098s] Level 1:colcon.colcon_core.package_identification:_identify(py_pubsub) by extension 'ignore'
[0.098s] Level 1:colcon.colcon_core.package_identification:_identify(py_pubsub) by extension 'ignore_ament_install'
[0.098s] Level 1:colcon.colcon_core.package_identification:_identify(py_pubsub) by extensions ['colcon_pkg']
[0.098s] Level 1:colcon.colcon_core.package_identification:_identify(py_pubsub) by extension 'colcon_pkg'
[0.098s] Level 1:colcon.colcon_core.package_identification:_identify(py_pubsub) by extensions ['colcon_meta']
[0.098s] Level 1:colcon.colcon_core.package_identification:_identify(py_pubsub) by extension 'colcon_meta'
[0.098s] Level 1:colcon.colcon_core.package_identification:_identify(py_pubsub) by extensions ['ros']
[0.098s] Level 1:colcon.colcon_core.package_identification:_identify(py_pubsub) by extension 'ros'
[0.100s] DEBUG:colcon.colcon_core.package_identification:Package 'py_pubsub' with type 'ros.ament_python' and name 'py_pubsub'
[0.100s] Level 1:colcon.colcon_core.package_identification:_identify(ros_gz_app) by extensions ['ignore', 'ignore_ament_install']
[0.100s] Level 1:colcon.colcon_core.package_identification:_identify(ros_gz_app) by extension 'ignore'
[0.100s] Level 1:colcon.colcon_core.package_identification:_identify(ros_gz_app) by extension 'ignore_ament_install'
[0.100s] Level 1:colcon.colcon_core.package_identification:_identify(ros_gz_app) by extensions ['colcon_pkg']
[0.100s] Level 1:colcon.colcon_core.package_identification:_identify(ros_gz_app) by extension 'colcon_pkg'
[0.100s] Level 1:colcon.colcon_core.package_identification:_identify(ros_gz_app) by extensions ['colcon_meta']
[0.100s] Level 1:colcon.colcon_core.package_identification:_identify(ros_gz_app) by extension 'colcon_meta'
[0.101s] Level 1:colcon.colcon_core.package_identification:_identify(ros_gz_app) by extensions ['ros']
[0.101s] Level 1:colcon.colcon_core.package_identification:_identify(ros_gz_app) by extension 'ros'
[0.102s] DEBUG:colcon.colcon_core.package_identification:Package 'ros_gz_app' with type 'ros.ament_cmake' and name 'ros_gz_app'
[0.102s] Level 1:colcon.colcon_core.package_identification:_identify(ros_gz_bringup) by extensions ['ignore', 'ignore_ament_install']
[0.102s] Level 1:colcon.colcon_core.package_identification:_identify(ros_gz_bringup) by extension 'ignore'
[0.102s] Level 1:colcon.colcon_core.package_identification:_identify(ros_gz_bringup) by extension 'ignore_ament_install'
[0.102s] Level 1:colcon.colcon_core.package_identification:_identify(ros_gz_bringup) by extensions ['colcon_pkg']
[0.102s] Level 1:colcon.colcon_core.package_identification:_identify(ros_gz_bringup) by extension 'colcon_pkg'
[0.102s] Level 1:colcon.colcon_core.package_identification:_identify(ros_gz_bringup) by extensions ['colcon_meta']
[0.102s] Level 1:colcon.colcon_core.package_identification:_identify(ros_gz_bringup) by extension 'colcon_meta'
[0.102s] Level 1:colcon.colcon_core.package_identification:_identify(ros_gz_bringup) by extensions ['ros']
[0.102s] Level 1:colcon.colcon_core.package_identification:_identify(ros_gz_bringup) by extension 'ros'
[0.103s] DEBUG:colcon.colcon_core.package_identification:Package 'ros_gz_bringup' with type 'ros.ament_cmake' and name 'ros_gz_bringup'
[0.103s] Level 1:colcon.colcon_core.package_identification:_identify(ros_gz_description) by extensions ['ignore', 'ignore_ament_install']
[0.103s] Level 1:colcon.colcon_core.package_identification:_identify(ros_gz_description) by extension 'ignore'
[0.103s] Level 1:colcon.colcon_core.package_identification:_identify(ros_gz_description) by extension 'ignore_ament_install'
[0.103s] Level 1:colcon.colcon_core.package_identification:_identify(ros_gz_description) by extensions ['colcon_pkg']
[0.103s] Level 1:colcon.colcon_core.package_identification:_identify(ros_gz_description) by extension 'colcon_pkg'
[0.103s] Level 1:colcon.colcon_core.package_identification:_identify(ros_gz_description) by extensions ['colcon_meta']
[0.103s] Level 1:colcon.colcon_core.package_identification:_identify(ros_gz_description) by extension 'colcon_meta'
[0.103s] Level 1:colcon.colcon_core.package_identification:_identify(ros_gz_description) by extensions ['ros']
[0.103s] Level 1:colcon.colcon_core.package_identification:_identify(ros_gz_description) by extension 'ros'
[0.104s] DEBUG:colcon.colcon_core.package_identification:Package 'ros_gz_description' with type 'ros.ament_cmake' and name 'ros_gz_description'
[0.104s] Level 1:colcon.colcon_core.package_identification:_identify(ros_gz_gazebo) by extensions ['ignore', 'ignore_ament_install']
[0.104s] Level 1:colcon.colcon_core.package_identification:_identify(ros_gz_gazebo) by extension 'ignore'
[0.104s] Level 1:colcon.colcon_core.package_identification:_identify(ros_gz_gazebo) by extension 'ignore_ament_install'
[0.104s] Level 1:colcon.colcon_core.package_identification:_identify(ros_gz_gazebo) by extensions ['colcon_pkg']
[0.104s] Level 1:colcon.colcon_core.package_identification:_identify(ros_gz_gazebo) by extension 'colcon_pkg'
[0.104s] Level 1:colcon.colcon_core.package_identification:_identify(ros_gz_gazebo) by extensions ['colcon_meta']
[0.104s] Level 1:colcon.colcon_core.package_identification:_identify(ros_gz_gazebo) by extension 'colcon_meta'
[0.104s] Level 1:colcon.colcon_core.package_identification:_identify(ros_gz_gazebo) by extensions ['ros']
[0.104s] Level 1:colcon.colcon_core.package_identification:_identify(ros_gz_gazebo) by extension 'ros'
[0.105s] DEBUG:colcon.colcon_core.package_identification:Package 'ros_gz_gazebo' with type 'ros.ament_cmake' and name 'ros_gz_gazebo'
[0.105s] Level 1:colcon.colcon_core.package_discovery:discover_packages(recursive) using defaults
[0.105s] Level 1:colcon.colcon_core.package_discovery:discover_packages(ignore) discover
[0.105s] Level 1:colcon.colcon_core.package_discovery:discover_packages(ignore) using defaults
[0.105s] Level 1:colcon.colcon_core.package_discovery:discover_packages(path) discover
[0.105s] Level 1:colcon.colcon_core.package_discovery:discover_packages(path) using defaults
[0.117s] Level 1:colcon.colcon_core.package_discovery:discover_packages(prefix_path) check parameters
[0.117s] Level 1:colcon.colcon_core.package_discovery:discover_packages(prefix_path) discover
[0.124s] DEBUG:colcon.colcon_installed_package_information.package_discovery:Found 5 installed packages in /home/virkt/CS497F/ros-lab-2/install
[0.126s] DEBUG:colcon.colcon_installed_package_information.package_discovery:Found 317 installed packages in /opt/ros/jazzy
[0.126s] Level 1:colcon.colcon_core.package_discovery:discover_packages(prefix_path) using defaults
[0.154s] Level 5:colcon.colcon_core.verb:set package 'py_pubsub' build argument 'cmake_args' from command line to '['-DBUILD_TESTING=ON']'
[0.154s] Level 5:colcon.colcon_core.verb:set package 'py_pubsub' build argument 'cmake_target' from command line to 'None'
[0.154s] Level 5:colcon.colcon_core.verb:set package 'py_pubsub' build argument 'cmake_target_skip_unavailable' from command line to 'False'
[0.154s] Level 5:colcon.colcon_core.verb:set package 'py_pubsub' build argument 'cmake_clean_cache' from command line to 'False'
[0.154s] Level 5:colcon.colcon_core.verb:set package 'py_pubsub' build argument 'cmake_clean_first' from command line to 'False'
[0.154s] Level 5:colcon.colcon_core.verb:set package 'py_pubsub' build argument 'cmake_force_configure' from command line to 'False'
[0.154s] Level 5:colcon.colcon_core.verb:set package 'py_pubsub' build argument 'ament_cmake_args' from command line to 'None'
[0.154s] Level 5:colcon.colcon_core.verb:set package 'py_pubsub' build argument 'catkin_cmake_args' from command line to 'None'
[0.154s] Level 5:colcon.colcon_core.verb:set package 'py_pubsub' build argument 'catkin_skip_building_tests' from command line to 'False'
[0.154s] DEBUG:colcon.colcon_core.verb:Building package 'py_pubsub' with the following arguments: {'ament_cmake_args': None, 'build_base': '/home/virkt/CS497F/ros-lab-2/build/py_pubsub', 'catkin_cmake_args': None, 'catkin_skip_building_tests': False, 'cmake_args': ['-DBUILD_TESTING=ON'], 'cmake_clean_cache': False, 'cmake_clean_first': False, 'cmake_force_configure': False, 'cmake_target': None, 'cmake_target_skip_unavailable': False, 'install_base': '/home/virkt/CS497F/ros-lab-2/install/py_pubsub', 'merge_install': False, 'path': '/home/virkt/CS497F/ros-lab-2/py_pubsub', 'symlink_install': False, 'test_result_base': None}
[0.154s] Level 5:colcon.colcon_core.verb:set package 'ros_gz_app' build argument 'cmake_args' from command line to '['-DBUILD_TESTING=ON']'
[0.154s] Level 5:colcon.colcon_core.verb:set package 'ros_gz_app' build argument 'cmake_target' from command line to 'None'
[0.155s] Level 5:colcon.colcon_core.verb:set package 'ros_gz_app' build argument 'cmake_target_skip_unavailable' from command line to 'False'
[0.155s] Level 5:colcon.colcon_core.verb:set package 'ros_gz_app' build argument 'cmake_clean_cache' from command line to 'False'
[0.155s] Level 5:colcon.colcon_core.verb:set package 'ros_gz_app' build argument 'cmake_clean_first' from command line to 'False'
[0.155s] Level 5:colcon.colcon_core.verb:set package 'ros_gz_app' build argument 'cmake_force_configure' from command line to 'False'
[0.155s] Level 5:colcon.colcon_core.verb:set package 'ros_gz_app' build argument 'ament_cmake_args' from command line to 'None'
[0.155s] Level 5:colcon.colcon_core.verb:set package 'ros_gz_app' build argument 'catkin_cmake_args' from command line to 'None'
[0.155s] Level 5:colcon.colcon_core.verb:set package 'ros_gz_app' build argument 'catkin_skip_building_tests' from command line to 'False'
[0.155s] DEBUG:colcon.colcon_core.verb:Building package 'ros_gz_app' with the following arguments: {'ament_cmake_args': None, 'build_base': '/home/virkt/CS497F/ros-lab-2/build/ros_gz_app', 'catkin_cmake_args': None, 'catkin_skip_building_tests': False, 'cmake_args': ['-DBUILD_TESTING=ON'], 'cmake_clean_cache': False, 'cmake_clean_first': False, 'cmake_force_configure': False, 'cmake_target': None, 'cmake_target_skip_unavailable': False, 'install_base': '/home/virkt/CS497F/ros-lab-2/install/ros_gz_app', 'merge_install': False, 'path': '/home/virkt/CS497F/ros-lab-2/ros_gz_app', 'symlink_install': False, 'test_result_base': None}
[0.155s] Level 5:colcon.colcon_core.verb:set package 'ros_gz_description' build argument 'cmake_args' from command line to '['-DBUILD_TESTING=ON']'
[0.155s] Level 5:colcon.colcon_core.verb:set package 'ros_gz_description' build argument 'cmake_target' from command line to 'None'
[0.155s] Level 5:colcon.colcon_core.verb:set package 'ros_gz_description' build argument 'cmake_target_skip_unavailable' from command line to 'False'
[0.155s] Level 5:colcon.colcon_core.verb:set package 'ros_gz_description' build argument 'cmake_clean_cache' from command line to 'False'
[0.155s] Level 5:colcon.colcon_core.verb:set package 'ros_gz_description' build argument 'cmake_clean_first' from command line to 'False'
[0.155s] Level 5:colcon.colcon_core.verb:set package 'ros_gz_description' build argument 'cmake_force_configure' from command line to 'False'
[0.155s] Level 5:colcon.colcon_core.verb:set package 'ros_gz_description' build argument 'ament_cmake_args' from command line to 'None'
[0.155s] Level 5:colcon.colcon_core.verb:set package 'ros_gz_description' build argument 'catkin_cmake_args' from command line to 'None'
[0.155s] Level 5:colcon.colcon_core.verb:set package 'ros_gz_description' build argument 'catkin_skip_building_tests' from command line to 'False'
[0.155s] DEBUG:colcon.colcon_core.verb:Building package 'ros_gz_description' with the following arguments: {'ament_cmake_args': None, 'build_base': '/home/virkt/CS497F/ros-lab-2/build/ros_gz_description', 'catkin_cmake_args': None, 'catkin_skip_building_tests': False, 'cmake_args': ['-DBUILD_TESTING=ON'], 'cmake_clean_cache': False, 'cmake_clean_first': False, 'cmake_force_configure': False, 'cmake_target': None, 'cmake_target_skip_unavailable': False, 'install_base': '/home/virkt/CS497F/ros-lab-2/install/ros_gz_description', 'merge_install': False, 'path': '/home/virkt/CS497F/ros-lab-2/ros_gz_description', 'symlink_install': False, 'test_result_base': None}
[0.155s] Level 5:colcon.colcon_core.verb:set package 'ros_gz_gazebo' build argument 'cmake_args' from command line to '['-DBUILD_TESTING=ON']'
[0.155s] Level 5:colcon.colcon_core.verb:set package 'ros_gz_gazebo' build argument 'cmake_target' from command line to 'None'
[0.155s] Level 5:colcon.colcon_core.verb:set package 'ros_gz_gazebo' build argument 'cmake_target_skip_unavailable' from command line to 'False'
[0.155s] Level 5:colcon.colcon_core.verb:set package 'ros_gz_gazebo' build argument 'cmake_clean_cache' from command line to 'False'
[0.155s] Level 5:colcon.colcon_core.verb:set package 'ros_gz_gazebo' build argument 'cmake_clean_first' from command line to 'False'
[0.155s] Level 5:colcon.colcon_core.verb:set package 'ros_gz_gazebo' build argument 'cmake_force_configure' from command line to 'False'
[0.155s] Level 5:colcon.colcon_core.verb:set package 'ros_gz_gazebo' build argument 'ament_cmake_args' from command line to 'None'
[0.155s] Level 5:colcon.colcon_core.verb:set package 'ros_gz_gazebo' build argument 'catkin_cmake_args' from command line to 'None'
[0.155s] Level 5:colcon.colcon_core.verb:set package 'ros_gz_gazebo' build argument 'catkin_skip_building_tests' from command line to 'False'
[0.155s] DEBUG:colcon.colcon_core.verb:Building package 'ros_gz_gazebo' with the following arguments: {'ament_cmake_args': None, 'build_base': '/home/virkt/CS497F/ros-lab-2/build/ros_gz_gazebo', 'catkin_cmake_args': None, 'catkin_skip_building_tests': False, 'cmake_args': ['-DBUILD_TESTING=ON'], 'cmake_clean_cache': False, 'cmake_clean_first': False, 'cmake_force_configure': False, 'cmake_target': None, 'cmake_target_skip_unavailable': False, 'install_base': '/home/virkt/CS497F/ros-lab-2/install/ros_gz_gazebo', 'merge_install': False, 'path': '/home/virkt/CS497F/ros-lab-2/ros_gz_gazebo', 'symlink_install': False, 'test_result_base': None}
[0.155s] Level 5:colcon.colcon_core.verb:set package 'ros_gz_bringup' build argument 'cmake_args' from command line to '['-DBUILD_TESTING=ON']'
[0.155s] Level 5:colcon.colcon_core.verb:set package 'ros_gz_bringup' build argument 'cmake_target' from command line to 'None'
[0.155s] Level 5:colcon.colcon_core.verb:set package 'ros_gz_bringup' build argument 'cmake_target_skip_unavailable' from command line to 'False'
[0.155s] Level 5:colcon.colcon_core.verb:set package 'ros_gz_bringup' build argument 'cmake_clean_cache' from command line to 'False'
[0.155s] Level 5:colcon.colcon_core.verb:set package 'ros_gz_bringup' build argument 'cmake_clean_first' from command line to 'False'
[0.155s] Level 5:colcon.colcon_core.verb:set package 'ros_gz_bringup' build argument 'cmake_force_configure' from command line to 'False'
[0.155s] Level 5:colcon.colcon_core.verb:set package 'ros_gz_bringup' build argument 'ament_cmake_args' from command line to 'None'
[0.155s] Level 5:colcon.colcon_core.verb:set package 'ros_gz_bringup' build argument 'catkin_cmake_args' from command line to 'None'
[0.155s] Level 5:colcon.colcon_core.verb:set package 'ros_gz_bringup' build argument 'catkin_skip_building_tests' from command line to 'False'
[0.155s] DEBUG:colcon.colcon_core.verb:Building package 'ros_gz_bringup' with the following arguments: {'ament_cmake_args': None, 'build_base': '/home/virkt/CS497F/ros-lab-2/build/ros_gz_bringup', 'catkin_cmake_args': None, 'catkin_skip_building_tests': False, 'cmake_args': ['-DBUILD_TESTING=ON'], 'cmake_clean_cache': False, 'cmake_clean_first': False, 'cmake_force_configure': False, 'cmake_target': None, 'cmake_target_skip_unavailable': False, 'install_base': '/home/virkt/CS497F/ros-lab-2/install/ros_gz_bringup', 'merge_install': False, 'path': '/home/virkt/CS497F/ros-lab-2/ros_gz_bringup', 'symlink_install': False, 'test_result_base': None}
[0.155s] INFO:colcon.colcon_core.executor:Executing jobs using 'parallel' executor
[0.156s] DEBUG:colcon.colcon_parallel_executor.executor.parallel:run_until_complete
[0.156s] INFO:colcon.colcon_ros.task.ament_cmake.build:Building ROS package in '/home/virkt/CS497F/ros-lab-2/ros_gz_description' with build type 'ament_cmake'
[0.156s] INFO:colcon.colcon_cmake.task.cmake.build:Building CMake package in '/home/virkt/CS497F/ros-lab-2/ros_gz_description'
[0.157s] INFO:colcon.colcon_core.plugin_system:Skipping extension 'colcon_core.shell.bat': Not used on non-Windows systems
[0.158s] INFO:colcon.colcon_core.shell:Skip shell extension 'powershell' for command environment: Not usable outside of PowerShell
[0.158s] DEBUG:colcon.colcon_core.shell:Skip shell extension 'dsv' for command environment
[0.164s] INFO:colcon.colcon_ros.task.ament_python.build:Building ROS package in '/home/virkt/CS497F/ros-lab-2/py_pubsub' with build type 'ament_python'
[0.164s] Level 1:colcon.colcon_core.shell:create_environment_hook('py_pubsub', 'ament_prefix_path')
[0.164s] INFO:colcon.colcon_core.shell:Creating environment hook '/home/virkt/CS497F/ros-lab-2/install/py_pubsub/share/py_pubsub/hook/ament_prefix_path.ps1'
[0.167s] INFO:colcon.colcon_core.shell:Creating environment descriptor '/home/virkt/CS497F/ros-lab-2/install/py_pubsub/share/py_pubsub/hook/ament_prefix_path.dsv'
[0.168s] INFO:colcon.colcon_core.shell:Creating environment hook '/home/virkt/CS497F/ros-lab-2/install/py_pubsub/share/py_pubsub/hook/ament_prefix_path.sh'
[0.171s] INFO:colcon.colcon_core.shell:Skip shell extension 'powershell' for command environment: Not usable outside of PowerShell
[0.171s] DEBUG:colcon.colcon_core.shell:Skip shell extension 'dsv' for command environment
[0.177s] INFO:colcon.colcon_ros.task.ament_cmake.build:Building ROS package in '/home/virkt/CS497F/ros-lab-2/ros_gz_app' with build type 'ament_cmake'
[0.177s] INFO:colcon.colcon_cmake.task.cmake.build:Building CMake package in '/home/virkt/CS497F/ros-lab-2/ros_gz_app'
[0.177s] INFO:colcon.colcon_core.shell:Skip shell extension 'powershell' for command environment: Not usable outside of PowerShell
[0.177s] DEBUG:colcon.colcon_core.shell:Skip shell extension 'dsv' for command environment
[0.195s] DEBUG:colcon.colcon_core.event_handler.log_command:Invoking command in '/home/virkt/CS497F/ros-lab-2/build/ros_gz_description': CMAKE_PREFIX_PATH=${CMAKE_PREFIX_PATH}:/home/virkt/CS497F/ros-lab-2/install/py_pubsub:/opt/ros/jazzy PS1=<ROS2-Jazzy>[\u@\h \W]$ /usr/bin/cmake --build /home/virkt/CS497F/ros-lab-2/build/ros_gz_description -- -j28 -l28
[0.319s] INFO:colcon.colcon_core.task.python.build:Building Python package in '/home/virkt/CS497F/ros-lab-2/py_pubsub'
[0.319s] INFO:colcon.colcon_core.shell:Skip shell extension 'powershell' for command environment: Not usable outside of PowerShell
[0.319s] DEBUG:colcon.colcon_core.shell:Skip shell extension 'dsv' for command environment
[0.337s] DEBUG:colcon.colcon_core.event_handler.log_command:Invoking command in '/home/virkt/CS497F/ros-lab-2/build/ros_gz_app': CMAKE_PREFIX_PATH=${CMAKE_PREFIX_PATH}:/home/virkt/CS497F/ros-lab-2/install/py_pubsub:/opt/ros/jazzy PS1=<ROS2-Jazzy>[\u@\h \W]$ /usr/bin/cmake --build /home/virkt/CS497F/ros-lab-2/build/ros_gz_app -- -j28 -l28
[0.337s] DEBUG:colcon.colcon_core.event_handler.log_command:Invoked command in '/home/virkt/CS497F/ros-lab-2/build/ros_gz_description' returned '0': CMAKE_PREFIX_PATH=${CMAKE_PREFIX_PATH}:/home/virkt/CS497F/ros-lab-2/install/py_pubsub:/opt/ros/jazzy PS1=<ROS2-Jazzy>[\u@\h \W]$ /usr/bin/cmake --build /home/virkt/CS497F/ros-lab-2/build/ros_gz_description -- -j28 -l28
[0.347s] DEBUG:colcon.colcon_core.event_handler.log_command:Invoking command in '/home/virkt/CS497F/ros-lab-2/build/ros_gz_description': CMAKE_PREFIX_PATH=${CMAKE_PREFIX_PATH}:/home/virkt/CS497F/ros-lab-2/install/py_pubsub:/opt/ros/jazzy PS1=<ROS2-Jazzy>[\u@\h \W]$ /usr/bin/cmake --install /home/virkt/CS497F/ros-lab-2/build/ros_gz_description
[0.385s] DEBUG:colcon.colcon_core.event_handler.log_command:Invoked command in '/home/virkt/CS497F/ros-lab-2/build/ros_gz_app' returned '0': CMAKE_PREFIX_PATH=${CMAKE_PREFIX_PATH}:/home/virkt/CS497F/ros-lab-2/install/py_pubsub:/opt/ros/jazzy PS1=<ROS2-Jazzy>[\u@\h \W]$ /usr/bin/cmake --build /home/virkt/CS497F/ros-lab-2/build/ros_gz_app -- -j28 -l28
[0.387s] DEBUG:colcon.colcon_core.event_handler.log_command:Invoking command in '/home/virkt/CS497F/ros-lab-2/build/ros_gz_app': CMAKE_PREFIX_PATH=${CMAKE_PREFIX_PATH}:/home/virkt/CS497F/ros-lab-2/install/py_pubsub:/opt/ros/jazzy PS1=<ROS2-Jazzy>[\u@\h \W]$ /usr/bin/cmake --install /home/virkt/CS497F/ros-lab-2/build/ros_gz_app
[0.396s] Level 1:colcon.colcon_core.environment:create_environment_scripts_only(ros_gz_description)
[0.396s] DEBUG:colcon.colcon_core.event_handler.log_command:Invoked command in '/home/virkt/CS497F/ros-lab-2/build/ros_gz_description' returned '0': CMAKE_PREFIX_PATH=${CMAKE_PREFIX_PATH}:/home/virkt/CS497F/ros-lab-2/install/py_pubsub:/opt/ros/jazzy PS1=<ROS2-Jazzy>[\u@\h \W]$ /usr/bin/cmake --install /home/virkt/CS497F/ros-lab-2/build/ros_gz_description
[0.398s] Level 1:colcon.colcon_core.environment:checking '/home/virkt/CS497F/ros-lab-2/install/ros_gz_description' for CMake module files
[0.399s] Level 1:colcon.colcon_core.environment:checking '/home/virkt/CS497F/ros-lab-2/install/ros_gz_description' for CMake config files
[0.401s] Level 1:colcon.colcon_core.shell:create_environment_hook('ros_gz_description', 'cmake_prefix_path')
[0.401s] INFO:colcon.colcon_core.shell:Creating environment hook '/home/virkt/CS497F/ros-lab-2/install/ros_gz_description/share/ros_gz_description/hook/cmake_prefix_path.ps1'
[0.403s] INFO:colcon.colcon_core.shell:Creating environment descriptor '/home/virkt/CS497F/ros-lab-2/install/ros_gz_description/share/ros_gz_description/hook/cmake_prefix_path.dsv'
[0.404s] INFO:colcon.colcon_core.shell:Creating environment hook '/home/virkt/CS497F/ros-lab-2/install/ros_gz_description/share/ros_gz_description/hook/cmake_prefix_path.sh'
[0.406s] Level 1:colcon.colcon_core.environment:checking '/home/virkt/CS497F/ros-lab-2/install/ros_gz_description/bin'
[0.406s] Level 1:colcon.colcon_core.environment:checking '/home/virkt/CS497F/ros-lab-2/install/ros_gz_description/lib/pkgconfig/ros_gz_description.pc'
[0.407s] Level 1:colcon.colcon_core.environment:checking '/home/virkt/CS497F/ros-lab-2/install/ros_gz_description/lib/python3.12/site-packages'
[0.407s] Level 1:colcon.colcon_core.environment:checking '/home/virkt/CS497F/ros-lab-2/install/ros_gz_description/bin'
[0.407s] INFO:colcon.colcon_core.shell:Creating package script '/home/virkt/CS497F/ros-lab-2/install/ros_gz_description/share/ros_gz_description/package.ps1'
[0.409s] INFO:colcon.colcon_core.shell:Creating package descriptor '/home/virkt/CS497F/ros-lab-2/install/ros_gz_description/share/ros_gz_description/package.dsv'
[0.410s] INFO:colcon.colcon_core.shell:Creating package script '/home/virkt/CS497F/ros-lab-2/install/ros_gz_description/share/ros_gz_description/package.sh'
[0.412s] INFO:colcon.colcon_core.shell:Creating package script '/home/virkt/CS497F/ros-lab-2/install/ros_gz_description/share/ros_gz_description/package.bash'
[0.413s] INFO:colcon.colcon_core.shell:Creating package script '/home/virkt/CS497F/ros-lab-2/install/ros_gz_description/share/ros_gz_description/package.zsh'
[0.415s] Level 1:colcon.colcon_core.environment:create_file_with_runtime_dependencies(/home/virkt/CS497F/ros-lab-2/install/ros_gz_description/share/colcon-core/packages/ros_gz_description)
[0.416s] Level 1:colcon.colcon_core.environment:create_environment_scripts_only(ros_gz_description)
[0.416s] Level 1:colcon.colcon_core.environment:checking '/home/virkt/CS497F/ros-lab-2/install/ros_gz_description' for CMake module files
[0.417s] Level 1:colcon.colcon_core.environment:checking '/home/virkt/CS497F/ros-lab-2/install/ros_gz_description' for CMake config files
[0.419s] Level 1:colcon.colcon_core.shell:create_environment_hook('ros_gz_description', 'cmake_prefix_path')
[0.419s] INFO:colcon.colcon_core.shell:Creating environment hook '/home/virkt/CS497F/ros-lab-2/install/ros_gz_description/share/ros_gz_description/hook/cmake_prefix_path.ps1'
[0.421s] INFO:colcon.colcon_core.shell:Creating environment descriptor '/home/virkt/CS497F/ros-lab-2/install/ros_gz_description/share/ros_gz_description/hook/cmake_prefix_path.dsv'
[0.422s] INFO:colcon.colcon_core.shell:Creating environment hook '/home/virkt/CS497F/ros-lab-2/install/ros_gz_description/share/ros_gz_description/hook/cmake_prefix_path.sh'
[0.424s] Level 1:colcon.colcon_core.environment:checking '/home/virkt/CS497F/ros-lab-2/install/ros_gz_description/bin'
[0.424s] Level 1:colcon.colcon_core.environment:checking '/home/virkt/CS497F/ros-lab-2/install/ros_gz_description/lib/pkgconfig/ros_gz_description.pc'
[0.424s] Level 1:colcon.colcon_core.environment:checking '/home/virkt/CS497F/ros-lab-2/install/ros_gz_description/lib/python3.12/site-packages'
[0.424s] Level 1:colcon.colcon_core.environment:checking '/home/virkt/CS497F/ros-lab-2/install/ros_gz_description/bin'
[0.424s] INFO:colcon.colcon_core.shell:Creating package script '/home/virkt/CS497F/ros-lab-2/install/ros_gz_description/share/ros_gz_description/package.ps1'
[0.426s] INFO:colcon.colcon_core.shell:Creating package descriptor '/home/virkt/CS497F/ros-lab-2/install/ros_gz_description/share/ros_gz_description/package.dsv'
[0.428s] INFO:colcon.colcon_core.shell:Creating package script '/home/virkt/CS497F/ros-lab-2/install/ros_gz_description/share/ros_gz_description/package.sh'
[0.429s] INFO:colcon.colcon_core.shell:Creating package script '/home/virkt/CS497F/ros-lab-2/install/ros_gz_description/share/ros_gz_description/package.bash'
[0.431s] INFO:colcon.colcon_core.shell:Creating package script '/home/virkt/CS497F/ros-lab-2/install/ros_gz_description/share/ros_gz_description/package.zsh'
[0.432s] Level 1:colcon.colcon_core.environment:create_file_with_runtime_dependencies(/home/virkt/CS497F/ros-lab-2/install/ros_gz_description/share/colcon-core/packages/ros_gz_description)
[0.433s] INFO:colcon.colcon_ros.task.ament_cmake.build:Building ROS package in '/home/virkt/CS497F/ros-lab-2/ros_gz_gazebo' with build type 'ament_cmake'
[0.433s] INFO:colcon.colcon_cmake.task.cmake.build:Building CMake package in '/home/virkt/CS497F/ros-lab-2/ros_gz_gazebo'
[0.433s] INFO:colcon.colcon_core.shell:Skip shell extension 'powershell' for command environment: Not usable outside of PowerShell
[0.433s] DEBUG:colcon.colcon_core.shell:Skip shell extension 'dsv' for command environment
[0.440s] Level 1:colcon.colcon_core.environment:create_environment_scripts_only(ros_gz_app)
[0.440s] Level 1:colcon.colcon_core.environment:checking '/home/virkt/CS497F/ros-lab-2/install/ros_gz_app' for CMake module files
[0.441s] DEBUG:colcon.colcon_core.event_handler.log_command:Invoked command in '/home/virkt/CS497F/ros-lab-2/build/ros_gz_app' returned '0': CMAKE_PREFIX_PATH=${CMAKE_PREFIX_PATH}:/home/virkt/CS497F/ros-lab-2/install/py_pubsub:/opt/ros/jazzy PS1=<ROS2-Jazzy>[\u@\h \W]$ /usr/bin/cmake --install /home/virkt/CS497F/ros-lab-2/build/ros_gz_app
[0.441s] Level 1:colcon.colcon_core.environment:checking '/home/virkt/CS497F/ros-lab-2/install/ros_gz_app' for CMake config files
[0.444s] Level 1:colcon.colcon_core.shell:create_environment_hook('ros_gz_app', 'cmake_prefix_path')
[0.444s] INFO:colcon.colcon_core.shell:Creating environment hook '/home/virkt/CS497F/ros-lab-2/install/ros_gz_app/share/ros_gz_app/hook/cmake_prefix_path.ps1'
[0.446s] INFO:colcon.colcon_core.shell:Creating environment descriptor '/home/virkt/CS497F/ros-lab-2/install/ros_gz_app/share/ros_gz_app/hook/cmake_prefix_path.dsv'
[0.447s] INFO:colcon.colcon_core.shell:Creating environment hook '/home/virkt/CS497F/ros-lab-2/install/ros_gz_app/share/ros_gz_app/hook/cmake_prefix_path.sh'
[0.449s] Level 1:colcon.colcon_core.environment:checking '/home/virkt/CS497F/ros-lab-2/install/ros_gz_app/bin'
[0.449s] Level 1:colcon.colcon_core.environment:checking '/home/virkt/CS497F/ros-lab-2/install/ros_gz_app/lib/pkgconfig/ros_gz_app.pc'
[0.449s] Level 1:colcon.colcon_core.environment:checking '/home/virkt/CS497F/ros-lab-2/install/ros_gz_app/lib/python3.12/site-packages'
[0.449s] Level 1:colcon.colcon_core.environment:checking '/home/virkt/CS497F/ros-lab-2/install/ros_gz_app/bin'
[0.449s] INFO:colcon.colcon_core.shell:Creating package script '/home/virkt/CS497F/ros-lab-2/install/ros_gz_app/share/ros_gz_app/package.ps1'
[0.451s] INFO:colcon.colcon_core.shell:Creating package descriptor '/home/virkt/CS497F/ros-lab-2/install/ros_gz_app/share/ros_gz_app/package.dsv'
[0.452s] INFO:colcon.colcon_core.shell:Creating package script '/home/virkt/CS497F/ros-lab-2/install/ros_gz_app/share/ros_gz_app/package.sh'
[0.454s] INFO:colcon.colcon_core.shell:Creating package script '/home/virkt/CS497F/ros-lab-2/install/ros_gz_app/share/ros_gz_app/package.bash'
[0.456s] INFO:colcon.colcon_core.shell:Creating package script '/home/virkt/CS497F/ros-lab-2/install/ros_gz_app/share/ros_gz_app/package.zsh'
[0.457s] Level 1:colcon.colcon_core.environment:create_file_with_runtime_dependencies(/home/virkt/CS497F/ros-lab-2/install/ros_gz_app/share/colcon-core/packages/ros_gz_app)
[0.458s] Level 1:colcon.colcon_core.environment:create_environment_scripts_only(ros_gz_app)
[0.458s] Level 1:colcon.colcon_core.environment:checking '/home/virkt/CS497F/ros-lab-2/install/ros_gz_app' for CMake module files
[0.459s] Level 1:colcon.colcon_core.environment:checking '/home/virkt/CS497F/ros-lab-2/install/ros_gz_app' for CMake config files
[0.461s] Level 1:colcon.colcon_core.shell:create_environment_hook('ros_gz_app', 'cmake_prefix_path')
[0.461s] INFO:colcon.colcon_core.shell:Creating environment hook '/home/virkt/CS497F/ros-lab-2/install/ros_gz_app/share/ros_gz_app/hook/cmake_prefix_path.ps1'
[0.463s] INFO:colcon.colcon_core.shell:Creating environment descriptor '/home/virkt/CS497F/ros-lab-2/install/ros_gz_app/share/ros_gz_app/hook/cmake_prefix_path.dsv'
[0.465s] INFO:colcon.colcon_core.shell:Creating environment hook '/home/virkt/CS497F/ros-lab-2/install/ros_gz_app/share/ros_gz_app/hook/cmake_prefix_path.sh'
[0.467s] Level 1:colcon.colcon_core.environment:checking '/home/virkt/CS497F/ros-lab-2/install/ros_gz_app/bin'
[0.467s] Level 1:colcon.colcon_core.environment:checking '/home/virkt/CS497F/ros-lab-2/install/ros_gz_app/lib/pkgconfig/ros_gz_app.pc'
[0.467s] Level 1:colcon.colcon_core.environment:checking '/home/virkt/CS497F/ros-lab-2/install/ros_gz_app/lib/python3.12/site-packages'
[0.467s] Level 1:colcon.colcon_core.environment:checking '/home/virkt/CS497F/ros-lab-2/install/ros_gz_app/bin'
[0.467s] INFO:colcon.colcon_core.shell:Creating package script '/home/virkt/CS497F/ros-lab-2/install/ros_gz_app/share/ros_gz_app/package.ps1'
[0.469s] INFO:colcon.colcon_core.shell:Creating package descriptor '/home/virkt/CS497F/ros-lab-2/install/ros_gz_app/share/ros_gz_app/package.dsv'
[0.470s] INFO:colcon.colcon_core.shell:Creating package script '/home/virkt/CS497F/ros-lab-2/install/ros_gz_app/share/ros_gz_app/package.sh'
[0.472s] INFO:colcon.colcon_core.shell:Creating package script '/home/virkt/CS497F/ros-lab-2/install/ros_gz_app/share/ros_gz_app/package.bash'
[0.473s] INFO:colcon.colcon_core.shell:Creating package script '/home/virkt/CS497F/ros-lab-2/install/ros_gz_app/share/ros_gz_app/package.zsh'
[0.475s] Level 1:colcon.colcon_core.environment:create_file_with_runtime_dependencies(/home/virkt/CS497F/ros-lab-2/install/ros_gz_app/share/colcon-core/packages/ros_gz_app)
[0.485s] DEBUG:colcon.colcon_core.event_handler.log_command:Invoking command in '/home/virkt/CS497F/ros-lab-2/build/ros_gz_gazebo': CMAKE_PREFIX_PATH=/home/virkt/CS497F/ros-lab-2/install/ros_gz_description:/home/virkt/CS497F/ros-lab-2/install/ros_gz_bringup:/home/virkt/CS497F/ros-lab-2/install/ros_gz_gazebo:/home/virkt/CS497F/ros-lab-2/install/ros_gz_app:/opt/ros/jazzy/opt/gz_sim_vendor:/opt/ros/jazzy/opt/gz_sensors_vendor:/opt/ros/jazzy/opt/gz_physics_vendor:/opt/ros/jazzy/opt/sdformat_vendor:/opt/ros/jazzy/opt/gz_gui_vendor:/opt/ros/jazzy/opt/gz_transport_vendor:/opt/ros/jazzy/opt/gz_rendering_vendor:/opt/ros/jazzy/opt/gz_plugin_vendor:/opt/ros/jazzy/opt/gz_fuel_tools_vendor:/opt/ros/jazzy/opt/gz_msgs_vendor:/opt/ros/jazzy/opt/gz_common_vendor:/opt/ros/jazzy/opt/gz_math_vendor:/opt/ros/jazzy/opt/gz_utils_vendor:/opt/ros/jazzy/opt/gz_tools_vendor:/opt/ros/jazzy/opt/gz_ogre_next_vendor:/opt/ros/jazzy/opt/gz_dartsim_vendor:/opt/ros/jazzy/opt/gz_cmake_vendor:/home/virkt/CS497F/ros-lab-2/install/py_pubsub:/opt/ros/jazzy PS1=<ROS2-Jazzy>[\u@\h \W]$ /usr/bin/cmake --build /home/virkt/CS497F/ros-lab-2/build/ros_gz_gazebo -- -j28 -l28
[0.551s] DEBUG:colcon.colcon_core.event_handler.log_command:Invoked command in '/home/virkt/CS497F/ros-lab-2/build/ros_gz_gazebo' returned '0': CMAKE_PREFIX_PATH=/home/virkt/CS497F/ros-lab-2/install/ros_gz_description:/home/virkt/CS497F/ros-lab-2/install/ros_gz_bringup:/home/virkt/CS497F/ros-lab-2/install/ros_gz_gazebo:/home/virkt/CS497F/ros-lab-2/install/ros_gz_app:/opt/ros/jazzy/opt/gz_sim_vendor:/opt/ros/jazzy/opt/gz_sensors_vendor:/opt/ros/jazzy/opt/gz_physics_vendor:/opt/ros/jazzy/opt/sdformat_vendor:/opt/ros/jazzy/opt/gz_gui_vendor:/opt/ros/jazzy/opt/gz_transport_vendor:/opt/ros/jazzy/opt/gz_rendering_vendor:/opt/ros/jazzy/opt/gz_plugin_vendor:/opt/ros/jazzy/opt/gz_fuel_tools_vendor:/opt/ros/jazzy/opt/gz_msgs_vendor:/opt/ros/jazzy/opt/gz_common_vendor:/opt/ros/jazzy/opt/gz_math_vendor:/opt/ros/jazzy/opt/gz_utils_vendor:/opt/ros/jazzy/opt/gz_tools_vendor:/opt/ros/jazzy/opt/gz_ogre_next_vendor:/opt/ros/jazzy/opt/gz_dartsim_vendor:/opt/ros/jazzy/opt/gz_cmake_vendor:/home/virkt/CS497F/ros-lab-2/install/py_pubsub:/opt/ros/jazzy PS1=<ROS2-Jazzy>[\u@\h \W]$ /usr/bin/cmake --build /home/virkt/CS497F/ros-lab-2/build/ros_gz_gazebo -- -j28 -l28
[0.553s] DEBUG:colcon.colcon_core.event_handler.log_command:Invoking command in '/home/virkt/CS497F/ros-lab-2/build/ros_gz_gazebo': CMAKE_PREFIX_PATH=/home/virkt/CS497F/ros-lab-2/install/ros_gz_description:/home/virkt/CS497F/ros-lab-2/install/ros_gz_bringup:/home/virkt/CS497F/ros-lab-2/install/ros_gz_gazebo:/home/virkt/CS497F/ros-lab-2/install/ros_gz_app:/opt/ros/jazzy/opt/gz_sim_vendor:/opt/ros/jazzy/opt/gz_sensors_vendor:/opt/ros/jazzy/opt/gz_physics_vendor:/opt/ros/jazzy/opt/sdformat_vendor:/opt/ros/jazzy/opt/gz_gui_vendor:/opt/ros/jazzy/opt/gz_transport_vendor:/opt/ros/jazzy/opt/gz_rendering_vendor:/opt/ros/jazzy/opt/gz_plugin_vendor:/opt/ros/jazzy/opt/gz_fuel_tools_vendor:/opt/ros/jazzy/opt/gz_msgs_vendor:/opt/ros/jazzy/opt/gz_common_vendor:/opt/ros/jazzy/opt/gz_math_vendor:/opt/ros/jazzy/opt/gz_utils_vendor:/opt/ros/jazzy/opt/gz_tools_vendor:/opt/ros/jazzy/opt/gz_ogre_next_vendor:/opt/ros/jazzy/opt/gz_dartsim_vendor:/opt/ros/jazzy/opt/gz_cmake_vendor:/home/virkt/CS497F/ros-lab-2/install/py_pubsub:/opt/ros/jazzy PS1=<ROS2-Jazzy>[\u@\h \W]$ /usr/bin/cmake --install /home/virkt/CS497F/ros-lab-2/build/ros_gz_gazebo
[0.591s] Level 1:colcon.colcon_core.environment:create_environment_scripts_only(ros_gz_gazebo)
[0.591s] Level 1:colcon.colcon_core.environment:checking '/home/virkt/CS497F/ros-lab-2/install/ros_gz_gazebo' for CMake module files
[0.591s] DEBUG:colcon.colcon_core.event_handler.log_command:Invoked command in '/home/virkt/CS497F/ros-lab-2/build/ros_gz_gazebo' returned '0': CMAKE_PREFIX_PATH=/home/virkt/CS497F/ros-lab-2/install/ros_gz_description:/home/virkt/CS497F/ros-lab-2/install/ros_gz_bringup:/home/virkt/CS497F/ros-lab-2/install/ros_gz_gazebo:/home/virkt/CS497F/ros-lab-2/install/ros_gz_app:/opt/ros/jazzy/opt/gz_sim_vendor:/opt/ros/jazzy/opt/gz_sensors_vendor:/opt/ros/jazzy/opt/gz_physics_vendor:/opt/ros/jazzy/opt/sdformat_vendor:/opt/ros/jazzy/opt/gz_gui_vendor:/opt/ros/jazzy/opt/gz_transport_vendor:/opt/ros/jazzy/opt/gz_rendering_vendor:/opt/ros/jazzy/opt/gz_plugin_vendor:/opt/ros/jazzy/opt/gz_fuel_tools_vendor:/opt/ros/jazzy/opt/gz_msgs_vendor:/opt/ros/jazzy/opt/gz_common_vendor:/opt/ros/jazzy/opt/gz_math_vendor:/opt/ros/jazzy/opt/gz_utils_vendor:/opt/ros/jazzy/opt/gz_tools_vendor:/opt/ros/jazzy/opt/gz_ogre_next_vendor:/opt/ros/jazzy/opt/gz_dartsim_vendor:/opt/ros/jazzy/opt/gz_cmake_vendor:/home/virkt/CS497F/ros-lab-2/install/py_pubsub:/opt/ros/jazzy PS1=<ROS2-Jazzy>[\u@\h \W]$ /usr/bin/cmake --install /home/virkt/CS497F/ros-lab-2/build/ros_gz_gazebo
[0.593s] Level 1:colcon.colcon_core.environment:checking '/home/virkt/CS497F/ros-lab-2/install/ros_gz_gazebo' for CMake config files
[0.595s] Level 1:colcon.colcon_core.shell:create_environment_hook('ros_gz_gazebo', 'cmake_prefix_path')
[0.595s] INFO:colcon.colcon_core.shell:Creating environment hook '/home/virkt/CS497F/ros-lab-2/install/ros_gz_gazebo/share/ros_gz_gazebo/hook/cmake_prefix_path.ps1'
[0.597s] INFO:colcon.colcon_core.shell:Creating environment descriptor '/home/virkt/CS497F/ros-lab-2/install/ros_gz_gazebo/share/ros_gz_gazebo/hook/cmake_prefix_path.dsv'
[0.599s] INFO:colcon.colcon_core.shell:Creating environment hook '/home/virkt/CS497F/ros-lab-2/install/ros_gz_gazebo/share/ros_gz_gazebo/hook/cmake_prefix_path.sh'
[0.601s] Level 1:colcon.colcon_core.environment:checking '/home/virkt/CS497F/ros-lab-2/install/ros_gz_gazebo/lib'
[0.602s] Level 1:colcon.colcon_core.environment:checking '/home/virkt/CS497F/ros-lab-2/install/ros_gz_gazebo/bin'
[0.602s] Level 1:colcon.colcon_core.environment:checking '/home/virkt/CS497F/ros-lab-2/install/ros_gz_gazebo/lib/pkgconfig/ros_gz_gazebo.pc'
[0.602s] Level 1:colcon.colcon_core.environment:checking '/home/virkt/CS497F/ros-lab-2/install/ros_gz_gazebo/lib/python3.12/site-packages'
[0.602s] Level 1:colcon.colcon_core.environment:checking '/home/virkt/CS497F/ros-lab-2/install/ros_gz_gazebo/bin'
[0.602s] INFO:colcon.colcon_core.shell:Creating package script '/home/virkt/CS497F/ros-lab-2/install/ros_gz_gazebo/share/ros_gz_gazebo/package.ps1'
[0.604s] INFO:colcon.colcon_core.shell:Creating package descriptor '/home/virkt/CS497F/ros-lab-2/install/ros_gz_gazebo/share/ros_gz_gazebo/package.dsv'
[0.606s] INFO:colcon.colcon_core.shell:Creating package script '/home/virkt/CS497F/ros-lab-2/install/ros_gz_gazebo/share/ros_gz_gazebo/package.sh'
[0.608s] INFO:colcon.colcon_core.shell:Creating package script '/home/virkt/CS497F/ros-lab-2/install/ros_gz_gazebo/share/ros_gz_gazebo/package.bash'
[0.610s] INFO:colcon.colcon_core.shell:Creating package script '/home/virkt/CS497F/ros-lab-2/install/ros_gz_gazebo/share/ros_gz_gazebo/package.zsh'
[0.612s] Level 1:colcon.colcon_core.environment:create_file_with_runtime_dependencies(/home/virkt/CS497F/ros-lab-2/install/ros_gz_gazebo/share/colcon-core/packages/ros_gz_gazebo)
[0.614s] Level 1:colcon.colcon_core.environment:create_environment_scripts_only(ros_gz_gazebo)
[0.614s] Level 1:colcon.colcon_core.environment:checking '/home/virkt/CS497F/ros-lab-2/install/ros_gz_gazebo' for CMake module files
[0.615s] Level 1:colcon.colcon_core.environment:checking '/home/virkt/CS497F/ros-lab-2/install/ros_gz_gazebo' for CMake config files
[0.617s] Level 1:colcon.colcon_core.shell:create_environment_hook('ros_gz_gazebo', 'cmake_prefix_path')
[0.617s] INFO:colcon.colcon_core.shell:Creating environment hook '/home/virkt/CS497F/ros-lab-2/install/ros_gz_gazebo/share/ros_gz_gazebo/hook/cmake_prefix_path.ps1'
[0.620s] INFO:colcon.colcon_core.shell:Creating environment descriptor '/home/virkt/CS497F/ros-lab-2/install/ros_gz_gazebo/share/ros_gz_gazebo/hook/cmake_prefix_path.dsv'
[0.622s] INFO:colcon.colcon_core.shell:Creating environment hook '/home/virkt/CS497F/ros-lab-2/install/ros_gz_gazebo/share/ros_gz_gazebo/hook/cmake_prefix_path.sh'
[0.624s] Level 1:colcon.colcon_core.environment:checking '/home/virkt/CS497F/ros-lab-2/install/ros_gz_gazebo/lib'
[0.624s] Level 1:colcon.colcon_core.environment:checking '/home/virkt/CS497F/ros-lab-2/install/ros_gz_gazebo/bin'
[0.624s] Level 1:colcon.colcon_core.environment:checking '/home/virkt/CS497F/ros-lab-2/install/ros_gz_gazebo/lib/pkgconfig/ros_gz_gazebo.pc'
[0.624s] Level 1:colcon.colcon_core.environment:checking '/home/virkt/CS497F/ros-lab-2/install/ros_gz_gazebo/lib/python3.12/site-packages'
[0.624s] Level 1:colcon.colcon_core.environment:checking '/home/virkt/CS497F/ros-lab-2/install/ros_gz_gazebo/bin'
[0.624s] INFO:colcon.colcon_core.shell:Creating package script '/home/virkt/CS497F/ros-lab-2/install/ros_gz_gazebo/share/ros_gz_gazebo/package.ps1'
[0.627s] INFO:colcon.colcon_core.shell:Creating package descriptor '/home/virkt/CS497F/ros-lab-2/install/ros_gz_gazebo/share/ros_gz_gazebo/package.dsv'
[0.629s] INFO:colcon.colcon_core.shell:Creating package script '/home/virkt/CS497F/ros-lab-2/install/ros_gz_gazebo/share/ros_gz_gazebo/package.sh'
[0.631s] INFO:colcon.colcon_core.shell:Creating package script '/home/virkt/CS497F/ros-lab-2/install/ros_gz_gazebo/share/ros_gz_gazebo/package.bash'
[0.633s] INFO:colcon.colcon_core.shell:Creating package script '/home/virkt/CS497F/ros-lab-2/install/ros_gz_gazebo/share/ros_gz_gazebo/package.zsh'
[0.635s] Level 1:colcon.colcon_core.environment:create_file_with_runtime_dependencies(/home/virkt/CS497F/ros-lab-2/install/ros_gz_gazebo/share/colcon-core/packages/ros_gz_gazebo)
[0.637s] INFO:colcon.colcon_ros.task.ament_cmake.build:Building ROS package in '/home/virkt/CS497F/ros-lab-2/ros_gz_bringup' with build type 'ament_cmake'
[0.637s] INFO:colcon.colcon_cmake.task.cmake.build:Building CMake package in '/home/virkt/CS497F/ros-lab-2/ros_gz_bringup'
[0.637s] INFO:colcon.colcon_core.shell:Skip shell extension 'powershell' for command environment: Not usable outside of PowerShell
[0.637s] DEBUG:colcon.colcon_core.shell:Skip shell extension 'dsv' for command environment
[0.650s] DEBUG:colcon.colcon_core.event_handler.log_command:Invoking command in '/home/virkt/CS497F/ros-lab-2/py_pubsub': PS1=<ROS2-Jazzy>[\u@\h \W]$ PYTHONPATH=/home/virkt/CS497F/ros-lab-2/build/py_pubsub/prefix_override:/usr/lib/python3/dist-packages/colcon_core/task/python/colcon_distutils_commands:/home/virkt/CS497F/ros-lab-2/install/py_pubsub/lib/python3.12/site-packages:${PYTHONPATH} /usr/bin/python3 -W ignore:setup.py install is deprecated -W ignore:easy_install command is deprecated setup.py egg_info --egg-base ../build/py_pubsub build --build-base /home/virkt/CS497F/ros-lab-2/build/py_pubsub/build install --record /home/virkt/CS497F/ros-lab-2/build/py_pubsub/install.log --single-version-externally-managed install_data
[0.658s] DEBUG:colcon.colcon_core.event_handler.log_command:Invoking command in '/home/virkt/CS497F/ros-lab-2/build/ros_gz_bringup': CMAKE_PREFIX_PATH=/home/virkt/CS497F/ros-lab-2/install/ros_gz_gazebo:/home/virkt/CS497F/ros-lab-2/install/ros_gz_description:/home/virkt/CS497F/ros-lab-2/install/ros_gz_bringup:/home/virkt/CS497F/ros-lab-2/install/ros_gz_app:/opt/ros/jazzy/opt/gz_sim_vendor:/opt/ros/jazzy/opt/gz_sensors_vendor:/opt/ros/jazzy/opt/gz_physics_vendor:/opt/ros/jazzy/opt/sdformat_vendor:/opt/ros/jazzy/opt/gz_gui_vendor:/opt/ros/jazzy/opt/gz_transport_vendor:/opt/ros/jazzy/opt/gz_rendering_vendor:/opt/ros/jazzy/opt/gz_plugin_vendor:/opt/ros/jazzy/opt/gz_fuel_tools_vendor:/opt/ros/jazzy/opt/gz_msgs_vendor:/opt/ros/jazzy/opt/gz_common_vendor:/opt/ros/jazzy/opt/gz_math_vendor:/opt/ros/jazzy/opt/gz_utils_vendor:/opt/ros/jazzy/opt/gz_tools_vendor:/opt/ros/jazzy/opt/gz_ogre_next_vendor:/opt/ros/jazzy/opt/gz_dartsim_vendor:/opt/ros/jazzy/opt/gz_cmake_vendor:/home/virkt/CS497F/ros-lab-2/install/py_pubsub:/opt/ros/jazzy GZ_SIM_PLUGIN_PATH=/home/virkt/CS497F/ros-lab-2/install/ros_gz_gazebo/lib/ros_gz_gazebo PS1=<ROS2-Jazzy>[\u@\h \W]$ /usr/bin/cmake --build /home/virkt/CS497F/ros-lab-2/build/ros_gz_bringup -- -j28 -l28
[0.695s] DEBUG:colcon.colcon_core.event_handler.log_command:Invoked command in '/home/virkt/CS497F/ros-lab-2/build/ros_gz_bringup' returned '0': CMAKE_PREFIX_PATH=/home/virkt/CS497F/ros-lab-2/install/ros_gz_gazebo:/home/virkt/CS497F/ros-lab-2/install/ros_gz_description:/home/virkt/CS497F/ros-lab-2/install/ros_gz_bringup:/home/virkt/CS497F/ros-lab-2/install/ros_gz_app:/opt/ros/jazzy/opt/gz_sim_vendor:/opt/ros/jazzy/opt/gz_sensors_vendor:/opt/ros/jazzy/opt/gz_physics_vendor:/opt/ros/jazzy/opt/sdformat_vendor:/opt/ros/jazzy/opt/gz_gui_vendor:/opt/ros/jazzy/opt/gz_transport_vendor:/opt/ros/jazzy/opt/gz_rendering_vendor:/opt/ros/jazzy/opt/gz_plugin_vendor:/opt/ros/jazzy/opt/gz_fuel_tools_vendor:/opt/ros/jazzy/opt/gz_msgs_vendor:/opt/ros/jazzy/opt/gz_common_vendor:/opt/ros/jazzy/opt/gz_math_vendor:/opt/ros/jazzy/opt/gz_utils_vendor:/opt/ros/jazzy/opt/gz_tools_vendor:/opt/ros/jazzy/opt/gz_ogre_next_vendor:/opt/ros/jazzy/opt/gz_dartsim_vendor:/opt/ros/jazzy/opt/gz_cmake_vendor:/home/virkt/CS497F/ros-lab-2/install/py_pubsub:/opt/ros/jazzy GZ_SIM_PLUGIN_PATH=/home/virkt/CS497F/ros-lab-2/install/ros_gz_gazebo/lib/ros_gz_gazebo PS1=<ROS2-Jazzy>[\u@\h \W]$ /usr/bin/cmake --build /home/virkt/CS497F/ros-lab-2/build/ros_gz_bringup -- -j28 -l28
[0.697s] DEBUG:colcon.colcon_core.event_handler.log_command:Invoking command in '/home/virkt/CS497F/ros-lab-2/build/ros_gz_bringup': CMAKE_PREFIX_PATH=/home/virkt/CS497F/ros-lab-2/install/ros_gz_gazebo:/home/virkt/CS497F/ros-lab-2/install/ros_gz_description:/home/virkt/CS497F/ros-lab-2/install/ros_gz_bringup:/home/virkt/CS497F/ros-lab-2/install/ros_gz_app:/opt/ros/jazzy/opt/gz_sim_vendor:/opt/ros/jazzy/opt/gz_sensors_vendor:/opt/ros/jazzy/opt/gz_physics_vendor:/opt/ros/jazzy/opt/sdformat_vendor:/opt/ros/jazzy/opt/gz_gui_vendor:/opt/ros/jazzy/opt/gz_transport_vendor:/opt/ros/jazzy/opt/gz_rendering_vendor:/opt/ros/jazzy/opt/gz_plugin_vendor:/opt/ros/jazzy/opt/gz_fuel_tools_vendor:/opt/ros/jazzy/opt/gz_msgs_vendor:/opt/ros/jazzy/opt/gz_common_vendor:/opt/ros/jazzy/opt/gz_math_vendor:/opt/ros/jazzy/opt/gz_utils_vendor:/opt/ros/jazzy/opt/gz_tools_vendor:/opt/ros/jazzy/opt/gz_ogre_next_vendor:/opt/ros/jazzy/opt/gz_dartsim_vendor:/opt/ros/jazzy/opt/gz_cmake_vendor:/home/virkt/CS497F/ros-lab-2/install/py_pubsub:/opt/ros/jazzy GZ_SIM_PLUGIN_PATH=/home/virkt/CS497F/ros-lab-2/install/ros_gz_gazebo/lib/ros_gz_gazebo PS1=<ROS2-Jazzy>[\u@\h \W]$ /usr/bin/cmake --install /home/virkt/CS497F/ros-lab-2/build/ros_gz_bringup
[0.726s] Level 1:colcon.colcon_core.environment:create_environment_scripts_only(ros_gz_bringup)
[0.726s] Level 1:colcon.colcon_core.environment:checking '/home/virkt/CS497F/ros-lab-2/install/ros_gz_bringup' for CMake module files
[0.726s] DEBUG:colcon.colcon_core.event_handler.log_command:Invoked command in '/home/virkt/CS497F/ros-lab-2/build/ros_gz_bringup' returned '0': CMAKE_PREFIX_PATH=/home/virkt/CS497F/ros-lab-2/install/ros_gz_gazebo:/home/virkt/CS497F/ros-lab-2/install/ros_gz_description:/home/virkt/CS497F/ros-lab-2/install/ros_gz_bringup:/home/virkt/CS497F/ros-lab-2/install/ros_gz_app:/opt/ros/jazzy/opt/gz_sim_vendor:/opt/ros/jazzy/opt/gz_sensors_vendor:/opt/ros/jazzy/opt/gz_physics_vendor:/opt/ros/jazzy/opt/sdformat_vendor:/opt/ros/jazzy/opt/gz_gui_vendor:/opt/ros/jazzy/opt/gz_transport_vendor:/opt/ros/jazzy/opt/gz_rendering_vendor:/opt/ros/jazzy/opt/gz_plugin_vendor:/opt/ros/jazzy/opt/gz_fuel_tools_vendor:/opt/ros/jazzy/opt/gz_msgs_vendor:/opt/ros/jazzy/opt/gz_common_vendor:/opt/ros/jazzy/opt/gz_math_vendor:/opt/ros/jazzy/opt/gz_utils_vendor:/opt/ros/jazzy/opt/gz_tools_vendor:/opt/ros/jazzy/opt/gz_ogre_next_vendor:/opt/ros/jazzy/opt/gz_dartsim_vendor:/opt/ros/jazzy/opt/gz_cmake_vendor:/home/virkt/CS497F/ros-lab-2/install/py_pubsub:/opt/ros/jazzy GZ_SIM_PLUGIN_PATH=/home/virkt/CS497F/ros-lab-2/install/ros_gz_gazebo/lib/ros_gz_gazebo PS1=<ROS2-Jazzy>[\u@\h \W]$ /usr/bin/cmake --install /home/virkt/CS497F/ros-lab-2/build/ros_gz_bringup
[0.727s] Level 1:colcon.colcon_core.environment:checking '/home/virkt/CS497F/ros-lab-2/install/ros_gz_bringup' for CMake config files
[0.732s] Level 1:colcon.colcon_core.shell:create_environment_hook('ros_gz_bringup', 'cmake_prefix_path')
[0.732s] INFO:colcon.colcon_core.shell:Creating environment hook '/home/virkt/CS497F/ros-lab-2/install/ros_gz_bringup/share/ros_gz_bringup/hook/cmake_prefix_path.ps1'
[0.734s] INFO:colcon.colcon_core.shell:Creating environment descriptor '/home/virkt/CS497F/ros-lab-2/install/ros_gz_bringup/share/ros_gz_bringup/hook/cmake_prefix_path.dsv'
[0.735s] INFO:colcon.colcon_core.shell:Creating environment hook '/home/virkt/CS497F/ros-lab-2/install/ros_gz_bringup/share/ros_gz_bringup/hook/cmake_prefix_path.sh'
[0.738s] Level 1:colcon.colcon_core.environment:checking '/home/virkt/CS497F/ros-lab-2/install/ros_gz_bringup/bin'
[0.738s] Level 1:colcon.colcon_core.environment:checking '/home/virkt/CS497F/ros-lab-2/install/ros_gz_bringup/lib/pkgconfig/ros_gz_bringup.pc'
[0.738s] Level 1:colcon.colcon_core.environment:checking '/home/virkt/CS497F/ros-lab-2/install/ros_gz_bringup/lib/python3.12/site-packages'
[0.738s] Level 1:colcon.colcon_core.environment:checking '/home/virkt/CS497F/ros-lab-2/install/ros_gz_bringup/bin'
[0.738s] INFO:colcon.colcon_core.shell:Creating package script '/home/virkt/CS497F/ros-lab-2/install/ros_gz_bringup/share/ros_gz_bringup/package.ps1'
[0.740s] INFO:colcon.colcon_core.shell:Creating package descriptor '/home/virkt/CS497F/ros-lab-2/install/ros_gz_bringup/share/ros_gz_bringup/package.dsv'
[0.741s] INFO:colcon.colcon_core.shell:Creating package script '/home/virkt/CS497F/ros-lab-2/install/ros_gz_bringup/share/ros_gz_bringup/package.sh'
[0.743s] INFO:colcon.colcon_core.shell:Creating package script '/home/virkt/CS497F/ros-lab-2/install/ros_gz_bringup/share/ros_gz_bringup/package.bash'
[0.745s] INFO:colcon.colcon_core.shell:Creating package script '/home/virkt/CS497F/ros-lab-2/install/ros_gz_bringup/share/ros_gz_bringup/package.zsh'
[0.747s] Level 1:colcon.colcon_core.environment:create_file_with_runtime_dependencies(/home/virkt/CS497F/ros-lab-2/install/ros_gz_bringup/share/colcon-core/packages/ros_gz_bringup)
[0.748s] Level 1:colcon.colcon_core.environment:create_environment_scripts_only(ros_gz_bringup)
[0.748s] Level 1:colcon.colcon_core.environment:checking '/home/virkt/CS497F/ros-lab-2/install/ros_gz_bringup' for CMake module files
[0.749s] Level 1:colcon.colcon_core.environment:checking '/home/virkt/CS497F/ros-lab-2/install/ros_gz_bringup' for CMake config files
[0.752s] Level 1:colcon.colcon_core.shell:create_environment_hook('ros_gz_bringup', 'cmake_prefix_path')
[0.752s] INFO:colcon.colcon_core.shell:Creating environment hook '/home/virkt/CS497F/ros-lab-2/install/ros_gz_bringup/share/ros_gz_bringup/hook/cmake_prefix_path.ps1'
[0.754s] INFO:colcon.colcon_core.shell:Creating environment descriptor '/home/virkt/CS497F/ros-lab-2/install/ros_gz_bringup/share/ros_gz_bringup/hook/cmake_prefix_path.dsv'
[0.755s] INFO:colcon.colcon_core.shell:Creating environment hook '/home/virkt/CS497F/ros-lab-2/install/ros_gz_bringup/share/ros_gz_bringup/hook/cmake_prefix_path.sh'
[0.757s] Level 1:colcon.colcon_core.environment:checking '/home/virkt/CS497F/ros-lab-2/install/ros_gz_bringup/bin'
[0.757s] Level 1:colcon.colcon_core.environment:checking '/home/virkt/CS497F/ros-lab-2/install/ros_gz_bringup/lib/pkgconfig/ros_gz_bringup.pc'
[0.758s] Level 1:colcon.colcon_core.environment:checking '/home/virkt/CS497F/ros-lab-2/install/ros_gz_bringup/lib/python3.12/site-packages'
[0.758s] Level 1:colcon.colcon_core.environment:checking '/home/virkt/CS497F/ros-lab-2/install/ros_gz_bringup/bin'
[0.758s] INFO:colcon.colcon_core.shell:Creating package script '/home/virkt/CS497F/ros-lab-2/install/ros_gz_bringup/share/ros_gz_bringup/package.ps1'
[0.759s] INFO:colcon.colcon_core.shell:Creating package descriptor '/home/virkt/CS497F/ros-lab-2/install/ros_gz_bringup/share/ros_gz_bringup/package.dsv'
[0.761s] INFO:colcon.colcon_core.shell:Creating package script '/home/virkt/CS497F/ros-lab-2/install/ros_gz_bringup/share/ros_gz_bringup/package.sh'
[0.762s] INFO:colcon.colcon_core.shell:Creating package script '/home/virkt/CS497F/ros-lab-2/install/ros_gz_bringup/share/ros_gz_bringup/package.bash'
[0.764s] INFO:colcon.colcon_core.shell:Creating package script '/home/virkt/CS497F/ros-lab-2/install/ros_gz_bringup/share/ros_gz_bringup/package.zsh'
[0.766s] Level 1:colcon.colcon_core.environment:create_file_with_runtime_dependencies(/home/virkt/CS497F/ros-lab-2/install/ros_gz_bringup/share/colcon-core/packages/ros_gz_bringup)
[0.982s] Level 1:colcon.colcon_core.environment:checking '/home/virkt/CS497F/ros-lab-2/install/py_pubsub' for CMake module files
[0.982s] DEBUG:colcon.colcon_core.event_handler.log_command:Invoked command in '/home/virkt/CS497F/ros-lab-2/py_pubsub' returned '0': PS1=<ROS2-Jazzy>[\u@\h \W]$ PYTHONPATH=/home/virkt/CS497F/ros-lab-2/build/py_pubsub/prefix_override:/usr/lib/python3/dist-packages/colcon_core/task/python/colcon_distutils_commands:/home/virkt/CS497F/ros-lab-2/install/py_pubsub/lib/python3.12/site-packages:${PYTHONPATH} /usr/bin/python3 -W ignore:setup.py install is deprecated -W ignore:easy_install command is deprecated setup.py egg_info --egg-base ../build/py_pubsub build --build-base /home/virkt/CS497F/ros-lab-2/build/py_pubsub/build install --record /home/virkt/CS497F/ros-lab-2/build/py_pubsub/install.log --single-version-externally-managed install_data
[0.984s] Level 1:colcon.colcon_core.environment:checking '/home/virkt/CS497F/ros-lab-2/install/py_pubsub' for CMake config files
[0.988s] Level 1:colcon.colcon_core.environment:checking '/home/virkt/CS497F/ros-lab-2/install/py_pubsub/lib'
[0.988s] Level 1:colcon.colcon_core.environment:checking '/home/virkt/CS497F/ros-lab-2/install/py_pubsub/bin'
[0.989s] Level 1:colcon.colcon_core.environment:checking '/home/virkt/CS497F/ros-lab-2/install/py_pubsub/lib/pkgconfig/py_pubsub.pc'
[0.989s] Level 1:colcon.colcon_core.environment:checking '/home/virkt/CS497F/ros-lab-2/install/py_pubsub/lib/python3.12/site-packages'
[0.989s] Level 1:colcon.colcon_core.shell:create_environment_hook('py_pubsub', 'pythonpath')
[0.989s] INFO:colcon.colcon_core.shell:Creating environment hook '/home/virkt/CS497F/ros-lab-2/install/py_pubsub/share/py_pubsub/hook/pythonpath.ps1'
[0.991s] INFO:colcon.colcon_core.shell:Creating environment descriptor '/home/virkt/CS497F/ros-lab-2/install/py_pubsub/share/py_pubsub/hook/pythonpath.dsv'
[0.993s] INFO:colcon.colcon_core.shell:Creating environment hook '/home/virkt/CS497F/ros-lab-2/install/py_pubsub/share/py_pubsub/hook/pythonpath.sh'
[0.995s] Level 1:colcon.colcon_core.environment:checking '/home/virkt/CS497F/ros-lab-2/install/py_pubsub/bin'
[0.995s] Level 1:colcon.colcon_core.environment:create_environment_scripts_only(py_pubsub)
[0.995s] INFO:colcon.colcon_core.shell:Creating package script '/home/virkt/CS497F/ros-lab-2/install/py_pubsub/share/py_pubsub/package.ps1'
[0.997s] INFO:colcon.colcon_core.shell:Creating package descriptor '/home/virkt/CS497F/ros-lab-2/install/py_pubsub/share/py_pubsub/package.dsv'
[0.999s] INFO:colcon.colcon_core.shell:Creating package script '/home/virkt/CS497F/ros-lab-2/install/py_pubsub/share/py_pubsub/package.sh'
[1.000s] INFO:colcon.colcon_core.shell:Creating package script '/home/virkt/CS497F/ros-lab-2/install/py_pubsub/share/py_pubsub/package.bash'
[1.002s] INFO:colcon.colcon_core.shell:Creating package script '/home/virkt/CS497F/ros-lab-2/install/py_pubsub/share/py_pubsub/package.zsh'
[1.004s] Level 1:colcon.colcon_core.environment:create_file_with_runtime_dependencies(/home/virkt/CS497F/ros-lab-2/install/py_pubsub/share/colcon-core/packages/py_pubsub)
[1.006s] DEBUG:colcon.colcon_parallel_executor.executor.parallel:closing loop
[1.006s] DEBUG:colcon.colcon_parallel_executor.executor.parallel:loop closed
[1.006s] DEBUG:colcon.colcon_parallel_executor.executor.parallel:run_until_complete finished with '0'
[1.006s] DEBUG:colcon.colcon_core.event_reactor:joining thread
[1.022s] INFO:colcon.colcon_core.plugin_system:Skipping extension 'colcon_notification.desktop_notification.notify_send': Could not find 'notify-send'
[1.022s] INFO:colcon.colcon_core.plugin_system:Skipping extension 'colcon_notification.desktop_notification.terminal_notifier': Not used on non-Darwin systems
[1.022s] INFO:colcon.colcon_core.plugin_system:Skipping extension 'colcon_notification.desktop_notification.win32': Not used on non-Windows systems
[1.023s] INFO:colcon.colcon_notification.desktop_notification:Sending desktop notification using 'notify2'
[1.038s] DEBUG:colcon.colcon_core.event_reactor:joined thread
[1.038s] INFO:colcon.colcon_core.shell:Creating prefix script '/home/virkt/CS497F/ros-lab-2/install/local_setup.ps1'
[1.042s] INFO:colcon.colcon_core.shell:Creating prefix util module '/home/virkt/CS497F/ros-lab-2/install/_local_setup_util_ps1.py'
[1.046s] INFO:colcon.colcon_core.shell:Creating prefix chain script '/home/virkt/CS497F/ros-lab-2/install/setup.ps1'
[1.051s] INFO:colcon.colcon_core.shell:Creating prefix script '/home/virkt/CS497F/ros-lab-2/install/local_setup.sh'
[1.054s] INFO:colcon.colcon_core.shell:Creating prefix util module '/home/virkt/CS497F/ros-lab-2/install/_local_setup_util_sh.py'
[1.057s] INFO:colcon.colcon_core.shell:Creating prefix chain script '/home/virkt/CS497F/ros-lab-2/install/setup.sh'
[1.062s] INFO:colcon.colcon_core.shell:Creating prefix script '/home/virkt/CS497F/ros-lab-2/install/local_setup.bash'
[1.065s] INFO:colcon.colcon_core.shell:Creating prefix chain script '/home/virkt/CS497F/ros-lab-2/install/setup.bash'
[1.070s] INFO:colcon.colcon_core.shell:Creating prefix script '/home/virkt/CS497F/ros-lab-2/install/local_setup.zsh'
[1.073s] INFO:colcon.colcon_core.shell:Creating prefix chain script '/home/virkt/CS497F/ros-lab-2/install/setup.zsh'
