[0.604s] Invoking command in '/home/virkt/CS497F/ros-lab-2/py_pubsub': PS1=<ROS2-Jazzy>[\u@\h \W]$ PYTHONPATH=/home/virkt/CS497F/ros-lab-2/build/py_pubsub/prefix_override:/usr/lib/python3/dist-packages/colcon_core/task/python/colcon_distutils_commands:/home/virkt/CS497F/ros-lab-2/install/py_pubsub/lib/python3.12/site-packages:${PYTHONPATH} /usr/bin/python3 -W ignore:setup.py install is deprecated -W ignore:easy_install command is deprecated setup.py egg_info --egg-base ../build/py_pubsub build --build-base /home/virkt/CS497F/ros-lab-2/build/py_pubsub/build install --record /home/virkt/CS497F/ros-lab-2/build/py_pubsub/install.log --single-version-externally-managed install_data
[0.746s] running egg_info
[0.755s] writing ../build/py_pubsub/py_pubsub.egg-info/PKG-INFO
[0.758s] writing dependency_links to ../build/py_pubsub/py_pubsub.egg-info/dependency_links.txt
[0.760s] writing entry points to ../build/py_pubsub/py_pubsub.egg-info/entry_points.txt
[0.762s] writing requirements to ../build/py_pubsub/py_pubsub.egg-info/requires.txt
[0.763s] writing top-level names to ../build/py_pubsub/py_pubsub.egg-info/top_level.txt
[0.788s] reading manifest file '../build/py_pubsub/py_pubsub.egg-info/SOURCES.txt'
[0.790s] adding license file 'LICENSE'
[0.790s] writing manifest file '../build/py_pubsub/py_pubsub.egg-info/SOURCES.txt'
[0.792s] running build
[0.792s] running build_py
[0.794s] copying py_pubsub/publisher_member_function.py -> /home/virkt/CS497F/ros-lab-2/build/py_pubsub/build/lib/py_pubsub
[0.797s] running install
[0.800s] running install_lib
[0.812s] copying /home/virkt/CS497F/ros-lab-2/build/py_pubsub/build/lib/py_pubsub/publisher_member_function.py -> /home/virkt/CS497F/ros-lab-2/install/py_pubsub/lib/python3.12/site-packages/py_pubsub
[0.817s] byte-compiling /home/virkt/CS497F/ros-lab-2/install/py_pubsub/lib/python3.12/site-packages/py_pubsub/publisher_member_function.py to publisher_member_function.cpython-312.pyc
[0.821s] running install_data
[0.822s] running install_egg_info
[0.862s] removing '/home/virkt/CS497F/ros-lab-2/install/py_pubsub/lib/python3.12/site-packages/py_pubsub-0.0.0-py3.12.egg-info' (and everything under it)
[0.869s] Copying ../build/py_pubsub/py_pubsub.egg-info to /home/virkt/CS497F/ros-lab-2/install/py_pubsub/lib/python3.12/site-packages/py_pubsub-0.0.0-py3.12.egg-info
[0.904s] running install_scripts
[1.110s] Installing publisher_member_function script to /home/virkt/CS497F/ros-lab-2/install/py_pubsub/lib/py_pubsub
[1.114s] writing list of installed files to '/home/virkt/CS497F/ros-lab-2/build/py_pubsub/install.log'
[1.132s] Invoked command in '/home/virkt/CS497F/ros-lab-2/py_pubsub' returned '0': PS1=<ROS2-Jazzy>[\u@\h \W]$ PYTHONPATH=/home/virkt/CS497F/ros-lab-2/build/py_pubsub/prefix_override:/usr/lib/python3/dist-packages/colcon_core/task/python/colcon_distutils_commands:/home/virkt/CS497F/ros-lab-2/install/py_pubsub/lib/python3.12/site-packages:${PYTHONPATH} /usr/bin/python3 -W ignore:setup.py install is deprecated -W ignore:easy_install command is deprecated setup.py egg_info --egg-base ../build/py_pubsub build --build-base /home/virkt/CS497F/ros-lab-2/build/py_pubsub/build install --record /home/virkt/CS497F/ros-lab-2/build/py_pubsub/install.log --single-version-externally-managed install_data
