[0.040s] Invoking command in '/home/virkt/CS497F/ros-lab-2/build/ros_gz_description': CMAKE_PREFIX_PATH=${CMAKE_PREFIX_PATH}:/home/virkt/CS497F/ros-lab-2/install/py_pubsub:/opt/ros/jazzy PS1=<ROS2-Jazzy>[\u@\h \W]$ /usr/bin/cmake --build /home/virkt/CS497F/ros-lab-2/build/ros_gz_description -- -j28 -l28
[0.196s] Invoked command in '/home/virkt/CS497F/ros-lab-2/build/ros_gz_description' returned '0': CMAKE_PREFIX_PATH=${CMAKE_PREFIX_PATH}:/home/virkt/CS497F/ros-lab-2/install/py_pubsub:/opt/ros/jazzy PS1=<ROS2-Jazzy>[\u@\h \W]$ /usr/bin/cmake --build /home/virkt/CS497F/ros-lab-2/build/ros_gz_description -- -j28 -l28
[0.203s] Invoking command in '/home/virkt/CS497F/ros-lab-2/build/ros_gz_description': CMAKE_PREFIX_PATH=${CMAKE_PREFIX_PATH}:/home/virkt/CS497F/ros-lab-2/install/py_pubsub:/opt/ros/jazzy PS1=<ROS2-Jazzy>[\u@\h \W]$ /usr/bin/cmake --install /home/virkt/CS497F/ros-lab-2/build/ros_gz_description
[0.217s] -- Install configuration: ""
[0.218s] -- Up-to-date: /home/virkt/CS497F/ros-lab-2/install/ros_gz_description/share/ros_gz_description/models
[0.219s] -- Up-to-date: /home/virkt/CS497F/ros-lab-2/install/ros_gz_description/share/ros_gz_description/models/diff_drive
[0.220s] -- Installing: /home/virkt/CS497F/ros-lab-2/install/ros_gz_description/share/ros_gz_description/models/diff_drive/model.sdf
[0.225s] -- Up-to-date: /home/virkt/CS497F/ros-lab-2/install/ros_gz_description/share/ros_gz_description/models/diff_drive/model.config
[0.226s] -- Up-to-date: /home/virkt/CS497F/ros-lab-2/install/ros_gz_description/share/ros_gz_description/environment/ros_gz_description.dsv
[0.226s] -- Up-to-date: /home/virkt/CS497F/ros-lab-2/install/ros_gz_description/share/ros_gz_description/environment/ros_gz_description.sh
[0.227s] -- Up-to-date: /home/virkt/CS497F/ros-lab-2/install/ros_gz_description/share/ament_index/resource_index/package_run_dependencies/ros_gz_description
[0.229s] -- Up-to-date: /home/virkt/CS497F/ros-lab-2/install/ros_gz_description/share/ament_index/resource_index/parent_prefix_path/ros_gz_description
[0.230s] -- Up-to-date: /home/virkt/CS497F/ros-lab-2/install/ros_gz_description/share/ros_gz_description/environment/ament_prefix_path.sh
[0.230s] -- Up-to-date: /home/virkt/CS497F/ros-lab-2/install/ros_gz_description/share/ros_gz_description/environment/ament_prefix_path.dsv
[0.231s] -- Up-to-date: /home/virkt/CS497F/ros-lab-2/install/ros_gz_description/share/ros_gz_description/environment/path.sh
[0.231s] -- Up-to-date: /home/virkt/CS497F/ros-lab-2/install/ros_gz_description/share/ros_gz_description/environment/path.dsv
[0.232s] -- Up-to-date: /home/virkt/CS497F/ros-lab-2/install/ros_gz_description/share/ros_gz_description/local_setup.bash
[0.233s] -- Up-to-date: /home/virkt/CS497F/ros-lab-2/install/ros_gz_description/share/ros_gz_description/local_setup.sh
[0.234s] -- Up-to-date: /home/virkt/CS497F/ros-lab-2/install/ros_gz_description/share/ros_gz_description/local_setup.zsh
[0.235s] -- Up-to-date: /home/virkt/CS497F/ros-lab-2/install/ros_gz_description/share/ros_gz_description/local_setup.dsv
[0.235s] -- Installing: /home/virkt/CS497F/ros-lab-2/install/ros_gz_description/share/ros_gz_description/package.dsv
[0.242s] -- Up-to-date: /home/virkt/CS497F/ros-lab-2/install/ros_gz_description/share/ament_index/resource_index/packages/ros_gz_description
[0.243s] -- Up-to-date: /home/virkt/CS497F/ros-lab-2/install/ros_gz_description/share/ros_gz_description/cmake/ros_gz_descriptionConfig.cmake
[0.244s] -- Up-to-date: /home/virkt/CS497F/ros-lab-2/install/ros_gz_description/share/ros_gz_description/cmake/ros_gz_descriptionConfig-version.cmake
[0.245s] -- Up-to-date: /home/virkt/CS497F/ros-lab-2/install/ros_gz_description/share/ros_gz_description/package.xml
[0.249s] Invoked command in '/home/virkt/CS497F/ros-lab-2/build/ros_gz_description' returned '0': CMAKE_PREFIX_PATH=${CMAKE_PREFIX_PATH}:/home/virkt/CS497F/ros-lab-2/install/py_pubsub:/opt/ros/jazzy PS1=<ROS2-Jazzy>[\u@\h \W]$ /usr/bin/cmake --install /home/virkt/CS497F/ros-lab-2/build/ros_gz_description
