[0.179s] Invoking command in '/home/virkt/CS497F/ros-lab-2/build/ros_gz_app': CMAKE_PREFIX_PATH=${CMAKE_PREFIX_PATH}:/opt/ros/jazzy PS1=<ROS2-Jazzy>[\u@\h \W]$ /usr/bin/cmake --build /home/virkt/CS497F/ros-lab-2/build/ros_gz_app -- -j28 -l28
[0.329s] Invoked command in '/home/virkt/CS497F/ros-lab-2/build/ros_gz_app' returned '0': CMAKE_PREFIX_PATH=${CMAKE_PREFIX_PATH}:/opt/ros/jazzy PS1=<ROS2-Jazzy>[\u@\h \W]$ /usr/bin/cmake --build /home/virkt/CS497F/ros-lab-2/build/ros_gz_app -- -j28 -l28
[0.332s] Invoking command in '/home/virkt/CS497F/ros-lab-2/build/ros_gz_app': CMAKE_PREFIX_PATH=${CMAKE_PREFIX_PATH}:/opt/ros/jazzy PS1=<ROS2-Jazzy>[\u@\h \W]$ /usr/bin/cmake --install /home/virkt/CS497F/ros-lab-2/build/ros_gz_app
[0.342s] -- Install configuration: ""
[0.344s] -- Up-to-date: /home/virkt/CS497F/ros-lab-2/install/ros_gz_app/share/ament_index/resource_index/package_run_dependencies/ros_gz_app
[0.345s] -- Up-to-date: /home/virkt/CS497F/ros-lab-2/install/ros_gz_app/share/ament_index/resource_index/parent_prefix_path/ros_gz_app
[0.346s] -- Up-to-date: /home/virkt/CS497F/ros-lab-2/install/ros_gz_app/share/ros_gz_app/environment/ament_prefix_path.sh
[0.349s] -- Up-to-date: /home/virkt/CS497F/ros-lab-2/install/ros_gz_app/share/ros_gz_app/environment/ament_prefix_path.dsv
[0.350s] -- Up-to-date: /home/virkt/CS497F/ros-lab-2/install/ros_gz_app/share/ros_gz_app/environment/path.sh
[0.351s] -- Up-to-date: /home/virkt/CS497F/ros-lab-2/install/ros_gz_app/share/ros_gz_app/environment/path.dsv
[0.352s] -- Up-to-date: /home/virkt/CS497F/ros-lab-2/install/ros_gz_app/share/ros_gz_app/local_setup.bash
[0.352s] -- Up-to-date: /home/virkt/CS497F/ros-lab-2/install/ros_gz_app/share/ros_gz_app/local_setup.sh
[0.353s] -- Up-to-date: /home/virkt/CS497F/ros-lab-2/install/ros_gz_app/share/ros_gz_app/local_setup.zsh
[0.354s] -- Up-to-date: /home/virkt/CS497F/ros-lab-2/install/ros_gz_app/share/ros_gz_app/local_setup.dsv
[0.355s] -- Installing: /home/virkt/CS497F/ros-lab-2/install/ros_gz_app/share/ros_gz_app/package.dsv
[0.361s] -- Up-to-date: /home/virkt/CS497F/ros-lab-2/install/ros_gz_app/share/ament_index/resource_index/packages/ros_gz_app
[0.362s] -- Up-to-date: /home/virkt/CS497F/ros-lab-2/install/ros_gz_app/share/ros_gz_app/cmake/ros_gz_appConfig.cmake
[0.362s] -- Up-to-date: /home/virkt/CS497F/ros-lab-2/install/ros_gz_app/share/ros_gz_app/cmake/ros_gz_appConfig-version.cmake
[0.363s] -- Up-to-date: /home/virkt/CS497F/ros-lab-2/install/ros_gz_app/share/ros_gz_app/package.xml
[0.366s] Invoked command in '/home/virkt/CS497F/ros-lab-2/build/ros_gz_app' returned '0': CMAKE_PREFIX_PATH=${CMAKE_PREFIX_PATH}:/opt/ros/jazzy PS1=<ROS2-Jazzy>[\u@\h \W]$ /usr/bin/cmake --install /home/virkt/CS497F/ros-lab-2/build/ros_gz_app
