[0.134s] DEBUG:colcon:Command line arguments: ['/usr/bin/colcon', 'build', '--cmake-args', '-DBUILD_TESTING=ON']
[0.135s] DEBUG:colcon:Parsed command line arguments: Namespace(log_base=None, log_level=None, verb_name='build', build_base='build', install_base='install', merge_install=False, symlink_install=False, test_result_base=None, continue_on_error=False, executor='parallel', parallel_workers=28, event_handlers=None, ignore_user_meta=False, metas=['./colcon.meta'], base_paths=['.'], packages_ignore=None, packages_ignore_regex=None, paths=None, packages_up_to=None, packages_up_to_regex=None, packages_above=None, packages_above_and_dependencies=None, packages_above_depth=None, packages_select_by_dep=None, packages_skip_by_dep=None, packages_skip_up_to=None, packages_select_build_failed=False, packages_skip_build_finished=False, packages_select_test_failures=False, packages_skip_test_passed=False, packages_select=None, packages_skip=None, packages_select_regex=None, packages_skip_regex=None, packages_start=None, packages_end=None, allow_overriding=[], cmake_args=['-DBUILD_TESTING=ON'], cmake_target=None, cmake_target_skip_unavailable=False, cmake_clean_cache=False, cmake_clean_first=False, cmake_force_configure=False, ament_cmake_args=None, catkin_cmake_args=None, catkin_skip_building_tests=False, mixin_files=None, mixin=None, verb_parser=<colcon_mixin.mixin.mixin_argument.MixinArgumentDecorator object at 0x7f5340292d50>, verb_extension=<colcon_core.verb.build.BuildVerb object at 0x7f5340407440>, main=<bound method BuildVerb.main of <colcon_core.verb.build.BuildVerb object at 0x7f5340407440>>, mixin_verb=('build',))
[0.167s] Level 1:colcon.colcon_core.package_discovery:discover_packages(colcon_meta) check parameters
[0.167s] Level 1:colcon.colcon_core.package_discovery:discover_packages(recursive) check parameters
[0.167s] Level 1:colcon.colcon_core.package_discovery:discover_packages(ignore) check parameters
[0.167s] Level 1:colcon.colcon_core.package_discovery:discover_packages(path) check parameters
[0.167s] Level 1:colcon.colcon_core.package_discovery:discover_packages(colcon_meta) discover
[0.167s] Level 1:colcon.colcon_core.package_discovery:discover_packages(recursive) discover
[0.167s] INFO:colcon.colcon_core.package_discovery:Crawling recursively for packages in '/home/virkt/CS497F/ros-lab-2'
[0.168s] Level 1:colcon.colcon_core.package_identification:_identify(.) by extensions ['ignore', 'ignore_ament_install']
[0.168s] Level 1:colcon.colcon_core.package_identification:_identify(.) by extension 'ignore'
[0.168s] Level 1:colcon.colcon_core.package_identification:_identify(.) by extension 'ignore_ament_install'
[0.168s] Level 1:colcon.colcon_core.package_identification:_identify(.) by extensions ['colcon_pkg']
[0.168s] Level 1:colcon.colcon_core.package_identification:_identify(.) by extension 'colcon_pkg'
[0.168s] Level 1:colcon.colcon_core.package_identification:_identify(.) by extensions ['colcon_meta']
[0.168s] Level 1:colcon.colcon_core.package_identification:_identify(.) by extension 'colcon_meta'
[0.168s] Level 1:colcon.colcon_core.package_identification:_identify(.) by extensions ['ros']
[0.168s] Level 1:colcon.colcon_core.package_identification:_identify(.) by extension 'ros'
[0.186s] Level 1:colcon.colcon_core.package_identification:_identify(.) by extensions ['cmake', 'python']
[0.186s] Level 1:colcon.colcon_core.package_identification:_identify(.) by extension 'cmake'
[0.186s] Level 1:colcon.colcon_core.package_identification:_identify(.) by extension 'python'
[0.186s] Level 1:colcon.colcon_core.package_identification:_identify(.) by extensions ['python_setup_py']
[0.186s] Level 1:colcon.colcon_core.package_identification:_identify(.) by extension 'python_setup_py'
[0.186s] Level 1:colcon.colcon_core.package_identification:_identify(build) by extensions ['ignore', 'ignore_ament_install']
[0.186s] Level 1:colcon.colcon_core.package_identification:_identify(build) by extension 'ignore'
[0.187s] Level 1:colcon.colcon_core.package_identification:_identify(build) ignored
[0.187s] Level 1:colcon.colcon_core.package_identification:_identify(figs) by extensions ['ignore', 'ignore_ament_install']
[0.187s] Level 1:colcon.colcon_core.package_identification:_identify(figs) by extension 'ignore'
[0.187s] Level 1:colcon.colcon_core.package_identification:_identify(figs) by extension 'ignore_ament_install'
[0.187s] Level 1:colcon.colcon_core.package_identification:_identify(figs) by extensions ['colcon_pkg']
[0.187s] Level 1:colcon.colcon_core.package_identification:_identify(figs) by extension 'colcon_pkg'
[0.187s] Level 1:colcon.colcon_core.package_identification:_identify(figs) by extensions ['colcon_meta']
[0.187s] Level 1:colcon.colcon_core.package_identification:_identify(figs) by extension 'colcon_meta'
[0.187s] Level 1:colcon.colcon_core.package_identification:_identify(figs) by extensions ['ros']
[0.187s] Level 1:colcon.colcon_core.package_identification:_identify(figs) by extension 'ros'
[0.187s] Level 1:colcon.colcon_core.package_identification:_identify(figs) by extensions ['cmake', 'python']
[0.187s] Level 1:colcon.colcon_core.package_identification:_identify(figs) by extension 'cmake'
[0.187s] Level 1:colcon.colcon_core.package_identification:_identify(figs) by extension 'python'
[0.187s] Level 1:colcon.colcon_core.package_identification:_identify(figs) by extensions ['python_setup_py']
[0.187s] Level 1:colcon.colcon_core.package_identification:_identify(figs) by extension 'python_setup_py'
[0.187s] Level 1:colcon.colcon_core.package_identification:_identify(install) by extensions ['ignore', 'ignore_ament_install']
[0.187s] Level 1:colcon.colcon_core.package_identification:_identify(install) by extension 'ignore'
[0.187s] Level 1:colcon.colcon_core.package_identification:_identify(install) ignored
[0.189s] Level 1:colcon.colcon_core.package_identification:_identify(log) by extensions ['ignore', 'ignore_ament_install']
[0.189s] Level 1:colcon.colcon_core.package_identification:_identify(log) by extension 'ignore'
[0.189s] Level 1:colcon.colcon_core.package_identification:_identify(log) ignored
[0.189s] Level 1:colcon.colcon_core.package_identification:_identify(py_pubsub) by extensions ['ignore', 'ignore_ament_install']
[0.189s] Level 1:colcon.colcon_core.package_identification:_identify(py_pubsub) by extension 'ignore'
[0.189s] Level 1:colcon.colcon_core.package_identification:_identify(py_pubsub) by extension 'ignore_ament_install'
[0.189s] Level 1:colcon.colcon_core.package_identification:_identify(py_pubsub) by extensions ['colcon_pkg']
[0.189s] Level 1:colcon.colcon_core.package_identification:_identify(py_pubsub) by extension 'colcon_pkg'
[0.189s] Level 1:colcon.colcon_core.package_identification:_identify(py_pubsub) by extensions ['colcon_meta']
[0.189s] Level 1:colcon.colcon_core.package_identification:_identify(py_pubsub) by extension 'colcon_meta'
[0.189s] Level 1:colcon.colcon_core.package_identification:_identify(py_pubsub) by extensions ['ros']
[0.189s] Level 1:colcon.colcon_core.package_identification:_identify(py_pubsub) by extension 'ros'
[0.191s] DEBUG:colcon.colcon_core.package_identification:Package 'py_pubsub' with type 'ros.ament_python' and name 'py_pubsub'
[0.191s] Level 1:colcon.colcon_core.package_identification:_identify(ros_gz_app) by extensions ['ignore', 'ignore_ament_install']
[0.191s] Level 1:colcon.colcon_core.package_identification:_identify(ros_gz_app) by extension 'ignore'
[0.191s] Level 1:colcon.colcon_core.package_identification:_identify(ros_gz_app) by extension 'ignore_ament_install'
[0.191s] Level 1:colcon.colcon_core.package_identification:_identify(ros_gz_app) by extensions ['colcon_pkg']
[0.191s] Level 1:colcon.colcon_core.package_identification:_identify(ros_gz_app) by extension 'colcon_pkg'
[0.191s] Level 1:colcon.colcon_core.package_identification:_identify(ros_gz_app) by extensions ['colcon_meta']
[0.191s] Level 1:colcon.colcon_core.package_identification:_identify(ros_gz_app) by extension 'colcon_meta'
[0.191s] Level 1:colcon.colcon_core.package_identification:_identify(ros_gz_app) by extensions ['ros']
[0.191s] Level 1:colcon.colcon_core.package_identification:_identify(ros_gz_app) by extension 'ros'
[0.192s] DEBUG:colcon.colcon_core.package_identification:Package 'ros_gz_app' with type 'ros.ament_cmake' and name 'ros_gz_app'
[0.192s] Level 1:colcon.colcon_core.package_identification:_identify(ros_gz_bringup) by extensions ['ignore', 'ignore_ament_install']
[0.192s] Level 1:colcon.colcon_core.package_identification:_identify(ros_gz_bringup) by extension 'ignore'
[0.192s] Level 1:colcon.colcon_core.package_identification:_identify(ros_gz_bringup) by extension 'ignore_ament_install'
[0.192s] Level 1:colcon.colcon_core.package_identification:_identify(ros_gz_bringup) by extensions ['colcon_pkg']
[0.192s] Level 1:colcon.colcon_core.package_identification:_identify(ros_gz_bringup) by extension 'colcon_pkg'
[0.192s] Level 1:colcon.colcon_core.package_identification:_identify(ros_gz_bringup) by extensions ['colcon_meta']
[0.192s] Level 1:colcon.colcon_core.package_identification:_identify(ros_gz_bringup) by extension 'colcon_meta'
[0.192s] Level 1:colcon.colcon_core.package_identification:_identify(ros_gz_bringup) by extensions ['ros']
[0.192s] Level 1:colcon.colcon_core.package_identification:_identify(ros_gz_bringup) by extension 'ros'
[0.192s] DEBUG:colcon.colcon_core.package_identification:Package 'ros_gz_bringup' with type 'ros.ament_cmake' and name 'ros_gz_bringup'
[0.193s] Level 1:colcon.colcon_core.package_identification:_identify(ros_gz_description) by extensions ['ignore', 'ignore_ament_install']
[0.193s] Level 1:colcon.colcon_core.package_identification:_identify(ros_gz_description) by extension 'ignore'
[0.193s] Level 1:colcon.colcon_core.package_identification:_identify(ros_gz_description) by extension 'ignore_ament_install'
[0.193s] Level 1:colcon.colcon_core.package_identification:_identify(ros_gz_description) by extensions ['colcon_pkg']
[0.193s] Level 1:colcon.colcon_core.package_identification:_identify(ros_gz_description) by extension 'colcon_pkg'
[0.193s] Level 1:colcon.colcon_core.package_identification:_identify(ros_gz_description) by extensions ['colcon_meta']
[0.193s] Level 1:colcon.colcon_core.package_identification:_identify(ros_gz_description) by extension 'colcon_meta'
[0.193s] Level 1:colcon.colcon_core.package_identification:_identify(ros_gz_description) by extensions ['ros']
[0.193s] Level 1:colcon.colcon_core.package_identification:_identify(ros_gz_description) by extension 'ros'
[0.193s] DEBUG:colcon.colcon_core.package_identification:Package 'ros_gz_description' with type 'ros.ament_cmake' and name 'ros_gz_description'
[0.194s] Level 1:colcon.colcon_core.package_identification:_identify(ros_gz_gazebo) by extensions ['ignore', 'ignore_ament_install']
[0.194s] Level 1:colcon.colcon_core.package_identification:_identify(ros_gz_gazebo) by extension 'ignore'
[0.194s] Level 1:colcon.colcon_core.package_identification:_identify(ros_gz_gazebo) by extension 'ignore_ament_install'
[0.194s] Level 1:colcon.colcon_core.package_identification:_identify(ros_gz_gazebo) by extensions ['colcon_pkg']
[0.194s] Level 1:colcon.colcon_core.package_identification:_identify(ros_gz_gazebo) by extension 'colcon_pkg'
[0.194s] Level 1:colcon.colcon_core.package_identification:_identify(ros_gz_gazebo) by extensions ['colcon_meta']
[0.194s] Level 1:colcon.colcon_core.package_identification:_identify(ros_gz_gazebo) by extension 'colcon_meta'
[0.194s] Level 1:colcon.colcon_core.package_identification:_identify(ros_gz_gazebo) by extensions ['ros']
[0.194s] Level 1:colcon.colcon_core.package_identification:_identify(ros_gz_gazebo) by extension 'ros'
[0.194s] DEBUG:colcon.colcon_core.package_identification:Package 'ros_gz_gazebo' with type 'ros.ament_cmake' and name 'ros_gz_gazebo'
[0.194s] Level 1:colcon.colcon_core.package_discovery:discover_packages(recursive) using defaults
[0.194s] Level 1:colcon.colcon_core.package_discovery:discover_packages(ignore) discover
[0.194s] Level 1:colcon.colcon_core.package_discovery:discover_packages(ignore) using defaults
[0.194s] Level 1:colcon.colcon_core.package_discovery:discover_packages(path) discover
[0.194s] Level 1:colcon.colcon_core.package_discovery:discover_packages(path) using defaults
[0.210s] Level 1:colcon.colcon_core.package_discovery:discover_packages(prefix_path) check parameters
[0.210s] Level 1:colcon.colcon_core.package_discovery:discover_packages(prefix_path) discover
[0.213s] DEBUG:colcon.colcon_installed_package_information.package_discovery:Found 317 installed packages in /opt/ros/jazzy
[0.213s] Level 1:colcon.colcon_core.package_discovery:discover_packages(prefix_path) using defaults
[0.233s] Level 5:colcon.colcon_core.verb:set package 'py_pubsub' build argument 'cmake_args' from command line to '['-DBUILD_TESTING=ON']'
[0.233s] Level 5:colcon.colcon_core.verb:set package 'py_pubsub' build argument 'cmake_target' from command line to 'None'
[0.233s] Level 5:colcon.colcon_core.verb:set package 'py_pubsub' build argument 'cmake_target_skip_unavailable' from command line to 'False'
[0.233s] Level 5:colcon.colcon_core.verb:set package 'py_pubsub' build argument 'cmake_clean_cache' from command line to 'False'
[0.233s] Level 5:colcon.colcon_core.verb:set package 'py_pubsub' build argument 'cmake_clean_first' from command line to 'False'
[0.233s] Level 5:colcon.colcon_core.verb:set package 'py_pubsub' build argument 'cmake_force_configure' from command line to 'False'
[0.233s] Level 5:colcon.colcon_core.verb:set package 'py_pubsub' build argument 'ament_cmake_args' from command line to 'None'
[0.233s] Level 5:colcon.colcon_core.verb:set package 'py_pubsub' build argument 'catkin_cmake_args' from command line to 'None'
[0.233s] Level 5:colcon.colcon_core.verb:set package 'py_pubsub' build argument 'catkin_skip_building_tests' from command line to 'False'
[0.233s] DEBUG:colcon.colcon_core.verb:Building package 'py_pubsub' with the following arguments: {'ament_cmake_args': None, 'build_base': '/home/virkt/CS497F/ros-lab-2/build/py_pubsub', 'catkin_cmake_args': None, 'catkin_skip_building_tests': False, 'cmake_args': ['-DBUILD_TESTING=ON'], 'cmake_clean_cache': False, 'cmake_clean_first': False, 'cmake_force_configure': False, 'cmake_target': None, 'cmake_target_skip_unavailable': False, 'install_base': '/home/virkt/CS497F/ros-lab-2/install/py_pubsub', 'merge_install': False, 'path': '/home/virkt/CS497F/ros-lab-2/py_pubsub', 'symlink_install': False, 'test_result_base': None}
[0.233s] Level 5:colcon.colcon_core.verb:set package 'ros_gz_app' build argument 'cmake_args' from command line to '['-DBUILD_TESTING=ON']'
[0.234s] Level 5:colcon.colcon_core.verb:set package 'ros_gz_app' build argument 'cmake_target' from command line to 'None'
[0.234s] Level 5:colcon.colcon_core.verb:set package 'ros_gz_app' build argument 'cmake_target_skip_unavailable' from command line to 'False'
[0.234s] Level 5:colcon.colcon_core.verb:set package 'ros_gz_app' build argument 'cmake_clean_cache' from command line to 'False'
[0.234s] Level 5:colcon.colcon_core.verb:set package 'ros_gz_app' build argument 'cmake_clean_first' from command line to 'False'
[0.234s] Level 5:colcon.colcon_core.verb:set package 'ros_gz_app' build argument 'cmake_force_configure' from command line to 'False'
[0.234s] Level 5:colcon.colcon_core.verb:set package 'ros_gz_app' build argument 'ament_cmake_args' from command line to 'None'
[0.234s] Level 5:colcon.colcon_core.verb:set package 'ros_gz_app' build argument 'catkin_cmake_args' from command line to 'None'
[0.234s] Level 5:colcon.colcon_core.verb:set package 'ros_gz_app' build argument 'catkin_skip_building_tests' from command line to 'False'
[0.234s] DEBUG:colcon.colcon_core.verb:Building package 'ros_gz_app' with the following arguments: {'ament_cmake_args': None, 'build_base': '/home/virkt/CS497F/ros-lab-2/build/ros_gz_app', 'catkin_cmake_args': None, 'catkin_skip_building_tests': False, 'cmake_args': ['-DBUILD_TESTING=ON'], 'cmake_clean_cache': False, 'cmake_clean_first': False, 'cmake_force_configure': False, 'cmake_target': None, 'cmake_target_skip_unavailable': False, 'install_base': '/home/virkt/CS497F/ros-lab-2/install/ros_gz_app', 'merge_install': False, 'path': '/home/virkt/CS497F/ros-lab-2/ros_gz_app', 'symlink_install': False, 'test_result_base': None}
[0.234s] Level 5:colcon.colcon_core.verb:set package 'ros_gz_description' build argument 'cmake_args' from command line to '['-DBUILD_TESTING=ON']'
[0.234s] Level 5:colcon.colcon_core.verb:set package 'ros_gz_description' build argument 'cmake_target' from command line to 'None'
[0.234s] Level 5:colcon.colcon_core.verb:set package 'ros_gz_description' build argument 'cmake_target_skip_unavailable' from command line to 'False'
[0.234s] Level 5:colcon.colcon_core.verb:set package 'ros_gz_description' build argument 'cmake_clean_cache' from command line to 'False'
[0.234s] Level 5:colcon.colcon_core.verb:set package 'ros_gz_description' build argument 'cmake_clean_first' from command line to 'False'
[0.234s] Level 5:colcon.colcon_core.verb:set package 'ros_gz_description' build argument 'cmake_force_configure' from command line to 'False'
[0.234s] Level 5:colcon.colcon_core.verb:set package 'ros_gz_description' build argument 'ament_cmake_args' from command line to 'None'
[0.234s] Level 5:colcon.colcon_core.verb:set package 'ros_gz_description' build argument 'catkin_cmake_args' from command line to 'None'
[0.234s] Level 5:colcon.colcon_core.verb:set package 'ros_gz_description' build argument 'catkin_skip_building_tests' from command line to 'False'
[0.234s] DEBUG:colcon.colcon_core.verb:Building package 'ros_gz_description' with the following arguments: {'ament_cmake_args': None, 'build_base': '/home/virkt/CS497F/ros-lab-2/build/ros_gz_description', 'catkin_cmake_args': None, 'catkin_skip_building_tests': False, 'cmake_args': ['-DBUILD_TESTING=ON'], 'cmake_clean_cache': False, 'cmake_clean_first': False, 'cmake_force_configure': False, 'cmake_target': None, 'cmake_target_skip_unavailable': False, 'install_base': '/home/virkt/CS497F/ros-lab-2/install/ros_gz_description', 'merge_install': False, 'path': '/home/virkt/CS497F/ros-lab-2/ros_gz_description', 'symlink_install': False, 'test_result_base': None}
[0.234s] Level 5:colcon.colcon_core.verb:set package 'ros_gz_gazebo' build argument 'cmake_args' from command line to '['-DBUILD_TESTING=ON']'
[0.234s] Level 5:colcon.colcon_core.verb:set package 'ros_gz_gazebo' build argument 'cmake_target' from command line to 'None'
[0.234s] Level 5:colcon.colcon_core.verb:set package 'ros_gz_gazebo' build argument 'cmake_target_skip_unavailable' from command line to 'False'
[0.234s] Level 5:colcon.colcon_core.verb:set package 'ros_gz_gazebo' build argument 'cmake_clean_cache' from command line to 'False'
[0.234s] Level 5:colcon.colcon_core.verb:set package 'ros_gz_gazebo' build argument 'cmake_clean_first' from command line to 'False'
[0.234s] Level 5:colcon.colcon_core.verb:set package 'ros_gz_gazebo' build argument 'cmake_force_configure' from command line to 'False'
[0.234s] Level 5:colcon.colcon_core.verb:set package 'ros_gz_gazebo' build argument 'ament_cmake_args' from command line to 'None'
[0.234s] Level 5:colcon.colcon_core.verb:set package 'ros_gz_gazebo' build argument 'catkin_cmake_args' from command line to 'None'
[0.234s] Level 5:colcon.colcon_core.verb:set package 'ros_gz_gazebo' build argument 'catkin_skip_building_tests' from command line to 'False'
[0.234s] DEBUG:colcon.colcon_core.verb:Building package 'ros_gz_gazebo' with the following arguments: {'ament_cmake_args': None, 'build_base': '/home/virkt/CS497F/ros-lab-2/build/ros_gz_gazebo', 'catkin_cmake_args': None, 'catkin_skip_building_tests': False, 'cmake_args': ['-DBUILD_TESTING=ON'], 'cmake_clean_cache': False, 'cmake_clean_first': False, 'cmake_force_configure': False, 'cmake_target': None, 'cmake_target_skip_unavailable': False, 'install_base': '/home/virkt/CS497F/ros-lab-2/install/ros_gz_gazebo', 'merge_install': False, 'path': '/home/virkt/CS497F/ros-lab-2/ros_gz_gazebo', 'symlink_install': False, 'test_result_base': None}
[0.234s] Level 5:colcon.colcon_core.verb:set package 'ros_gz_bringup' build argument 'cmake_args' from command line to '['-DBUILD_TESTING=ON']'
[0.234s] Level 5:colcon.colcon_core.verb:set package 'ros_gz_bringup' build argument 'cmake_target' from command line to 'None'
[0.234s] Level 5:colcon.colcon_core.verb:set package 'ros_gz_bringup' build argument 'cmake_target_skip_unavailable' from command line to 'False'
[0.234s] Level 5:colcon.colcon_core.verb:set package 'ros_gz_bringup' build argument 'cmake_clean_cache' from command line to 'False'
[0.234s] Level 5:colcon.colcon_core.verb:set package 'ros_gz_bringup' build argument 'cmake_clean_first' from command line to 'False'
[0.234s] Level 5:colcon.colcon_core.verb:set package 'ros_gz_bringup' build argument 'cmake_force_configure' from command line to 'False'
[0.234s] Level 5:colcon.colcon_core.verb:set package 'ros_gz_bringup' build argument 'ament_cmake_args' from command line to 'None'
[0.234s] Level 5:colcon.colcon_core.verb:set package 'ros_gz_bringup' build argument 'catkin_cmake_args' from command line to 'None'
[0.234s] Level 5:colcon.colcon_core.verb:set package 'ros_gz_bringup' build argument 'catkin_skip_building_tests' from command line to 'False'
[0.234s] DEBUG:colcon.colcon_core.verb:Building package 'ros_gz_bringup' with the following arguments: {'ament_cmake_args': None, 'build_base': '/home/virkt/CS497F/ros-lab-2/build/ros_gz_bringup', 'catkin_cmake_args': None, 'catkin_skip_building_tests': False, 'cmake_args': ['-DBUILD_TESTING=ON'], 'cmake_clean_cache': False, 'cmake_clean_first': False, 'cmake_force_configure': False, 'cmake_target': None, 'cmake_target_skip_unavailable': False, 'install_base': '/home/virkt/CS497F/ros-lab-2/install/ros_gz_bringup', 'merge_install': False, 'path': '/home/virkt/CS497F/ros-lab-2/ros_gz_bringup', 'symlink_install': False, 'test_result_base': None}
[0.234s] INFO:colcon.colcon_core.executor:Executing jobs using 'parallel' executor
[0.235s] DEBUG:colcon.colcon_parallel_executor.executor.parallel:run_until_complete
[0.235s] INFO:colcon.colcon_ros.task.ament_cmake.build:Building ROS package in '/home/virkt/CS497F/ros-lab-2/ros_gz_description' with build type 'ament_cmake'
[0.235s] INFO:colcon.colcon_cmake.task.cmake.build:Building CMake package in '/home/virkt/CS497F/ros-lab-2/ros_gz_description'
[0.237s] INFO:colcon.colcon_core.plugin_system:Skipping extension 'colcon_core.shell.bat': Not used on non-Windows systems
[0.237s] INFO:colcon.colcon_core.shell:Skip shell extension 'powershell' for command environment: Not usable outside of PowerShell
[0.238s] DEBUG:colcon.colcon_core.shell:Skip shell extension 'dsv' for command environment
[0.244s] INFO:colcon.colcon_ros.task.ament_python.build:Building ROS package in '/home/virkt/CS497F/ros-lab-2/py_pubsub' with build type 'ament_python'
[0.244s] Level 1:colcon.colcon_core.shell:create_environment_hook('py_pubsub', 'ament_prefix_path')
[0.244s] INFO:colcon.colcon_core.shell:Creating environment hook '/home/virkt/CS497F/ros-lab-2/install/py_pubsub/share/py_pubsub/hook/ament_prefix_path.ps1'
[0.247s] INFO:colcon.colcon_core.shell:Creating environment descriptor '/home/virkt/CS497F/ros-lab-2/install/py_pubsub/share/py_pubsub/hook/ament_prefix_path.dsv'
[0.249s] INFO:colcon.colcon_core.shell:Creating environment hook '/home/virkt/CS497F/ros-lab-2/install/py_pubsub/share/py_pubsub/hook/ament_prefix_path.sh'
[0.252s] INFO:colcon.colcon_core.shell:Skip shell extension 'powershell' for command environment: Not usable outside of PowerShell
[0.252s] DEBUG:colcon.colcon_core.shell:Skip shell extension 'dsv' for command environment
[0.257s] INFO:colcon.colcon_ros.task.ament_cmake.build:Building ROS package in '/home/virkt/CS497F/ros-lab-2/ros_gz_app' with build type 'ament_cmake'
[0.257s] INFO:colcon.colcon_cmake.task.cmake.build:Building CMake package in '/home/virkt/CS497F/ros-lab-2/ros_gz_app'
[0.257s] INFO:colcon.colcon_core.shell:Skip shell extension 'powershell' for command environment: Not usable outside of PowerShell
[0.257s] DEBUG:colcon.colcon_core.shell:Skip shell extension 'dsv' for command environment
[0.274s] DEBUG:colcon.colcon_core.event_handler.log_command:Invoking command in '/home/virkt/CS497F/ros-lab-2/build/ros_gz_description': CMAKE_PREFIX_PATH=${CMAKE_PREFIX_PATH}:/opt/ros/jazzy PS1=<ROS2-Jazzy>[\u@\h \W]$ /usr/bin/cmake --build /home/virkt/CS497F/ros-lab-2/build/ros_gz_description -- -j28 -l28
[0.409s] INFO:colcon.colcon_core.task.python.build:Building Python package in '/home/virkt/CS497F/ros-lab-2/py_pubsub'
[0.409s] INFO:colcon.colcon_core.shell:Skip shell extension 'powershell' for command environment: Not usable outside of PowerShell
[0.409s] DEBUG:colcon.colcon_core.shell:Skip shell extension 'dsv' for command environment
[0.427s] DEBUG:colcon.colcon_core.event_handler.log_command:Invoking command in '/home/virkt/CS497F/ros-lab-2/build/ros_gz_app': CMAKE_PREFIX_PATH=${CMAKE_PREFIX_PATH}:/opt/ros/jazzy PS1=<ROS2-Jazzy>[\u@\h \W]$ /usr/bin/cmake --build /home/virkt/CS497F/ros-lab-2/build/ros_gz_app -- -j28 -l28
[0.433s] DEBUG:colcon.colcon_core.event_handler.log_command:Invoked command in '/home/virkt/CS497F/ros-lab-2/build/ros_gz_description' returned '0': CMAKE_PREFIX_PATH=${CMAKE_PREFIX_PATH}:/opt/ros/jazzy PS1=<ROS2-Jazzy>[\u@\h \W]$ /usr/bin/cmake --build /home/virkt/CS497F/ros-lab-2/build/ros_gz_description -- -j28 -l28
[0.444s] DEBUG:colcon.colcon_core.event_handler.log_command:Invoking command in '/home/virkt/CS497F/ros-lab-2/build/ros_gz_description': CMAKE_PREFIX_PATH=${CMAKE_PREFIX_PATH}:/opt/ros/jazzy PS1=<ROS2-Jazzy>[\u@\h \W]$ /usr/bin/cmake --install /home/virkt/CS497F/ros-lab-2/build/ros_gz_description
[0.460s] DEBUG:colcon.colcon_core.event_handler.log_command:Invoked command in '/home/virkt/CS497F/ros-lab-2/build/ros_gz_app' returned '0': CMAKE_PREFIX_PATH=${CMAKE_PREFIX_PATH}:/opt/ros/jazzy PS1=<ROS2-Jazzy>[\u@\h \W]$ /usr/bin/cmake --build /home/virkt/CS497F/ros-lab-2/build/ros_gz_app -- -j28 -l28
[0.462s] DEBUG:colcon.colcon_core.event_handler.log_command:Invoking command in '/home/virkt/CS497F/ros-lab-2/build/ros_gz_app': CMAKE_PREFIX_PATH=${CMAKE_PREFIX_PATH}:/opt/ros/jazzy PS1=<ROS2-Jazzy>[\u@\h \W]$ /usr/bin/cmake --install /home/virkt/CS497F/ros-lab-2/build/ros_gz_app
[0.484s] Level 1:colcon.colcon_core.environment:create_environment_scripts_only(ros_gz_description)
[0.484s] DEBUG:colcon.colcon_core.event_handler.log_command:Invoked command in '/home/virkt/CS497F/ros-lab-2/build/ros_gz_description' returned '0': CMAKE_PREFIX_PATH=${CMAKE_PREFIX_PATH}:/opt/ros/jazzy PS1=<ROS2-Jazzy>[\u@\h \W]$ /usr/bin/cmake --install /home/virkt/CS497F/ros-lab-2/build/ros_gz_description
[0.487s] Level 1:colcon.colcon_core.environment:checking '/home/virkt/CS497F/ros-lab-2/install/ros_gz_description' for CMake module files
[0.488s] Level 1:colcon.colcon_core.environment:checking '/home/virkt/CS497F/ros-lab-2/install/ros_gz_description' for CMake config files
[0.491s] Level 1:colcon.colcon_core.shell:create_environment_hook('ros_gz_description', 'cmake_prefix_path')
[0.491s] INFO:colcon.colcon_core.shell:Creating environment hook '/home/virkt/CS497F/ros-lab-2/install/ros_gz_description/share/ros_gz_description/hook/cmake_prefix_path.ps1'
[0.493s] INFO:colcon.colcon_core.shell:Creating environment descriptor '/home/virkt/CS497F/ros-lab-2/install/ros_gz_description/share/ros_gz_description/hook/cmake_prefix_path.dsv'
[0.495s] INFO:colcon.colcon_core.shell:Creating environment hook '/home/virkt/CS497F/ros-lab-2/install/ros_gz_description/share/ros_gz_description/hook/cmake_prefix_path.sh'
[0.498s] Level 1:colcon.colcon_core.environment:checking '/home/virkt/CS497F/ros-lab-2/install/ros_gz_description/bin'
[0.498s] Level 1:colcon.colcon_core.environment:checking '/home/virkt/CS497F/ros-lab-2/install/ros_gz_description/lib/pkgconfig/ros_gz_description.pc'
[0.498s] Level 1:colcon.colcon_core.environment:checking '/home/virkt/CS497F/ros-lab-2/install/ros_gz_description/lib/python3.12/site-packages'
[0.498s] Level 1:colcon.colcon_core.environment:checking '/home/virkt/CS497F/ros-lab-2/install/ros_gz_description/bin'
[0.498s] INFO:colcon.colcon_core.shell:Creating package script '/home/virkt/CS497F/ros-lab-2/install/ros_gz_description/share/ros_gz_description/package.ps1'
[0.501s] INFO:colcon.colcon_core.shell:Creating package descriptor '/home/virkt/CS497F/ros-lab-2/install/ros_gz_description/share/ros_gz_description/package.dsv'
[0.503s] INFO:colcon.colcon_core.shell:Creating package script '/home/virkt/CS497F/ros-lab-2/install/ros_gz_description/share/ros_gz_description/package.sh'
[0.505s] INFO:colcon.colcon_core.shell:Creating package script '/home/virkt/CS497F/ros-lab-2/install/ros_gz_description/share/ros_gz_description/package.bash'
[0.507s] INFO:colcon.colcon_core.shell:Creating package script '/home/virkt/CS497F/ros-lab-2/install/ros_gz_description/share/ros_gz_description/package.zsh'
[0.510s] Level 1:colcon.colcon_core.environment:create_file_with_runtime_dependencies(/home/virkt/CS497F/ros-lab-2/install/ros_gz_description/share/colcon-core/packages/ros_gz_description)
[0.511s] Level 1:colcon.colcon_core.environment:create_environment_scripts_only(ros_gz_description)
[0.511s] Level 1:colcon.colcon_core.environment:checking '/home/virkt/CS497F/ros-lab-2/install/ros_gz_description' for CMake module files
[0.513s] Level 1:colcon.colcon_core.environment:checking '/home/virkt/CS497F/ros-lab-2/install/ros_gz_description' for CMake config files
[0.514s] Level 1:colcon.colcon_core.shell:create_environment_hook('ros_gz_description', 'cmake_prefix_path')
[0.514s] INFO:colcon.colcon_core.shell:Creating environment hook '/home/virkt/CS497F/ros-lab-2/install/ros_gz_description/share/ros_gz_description/hook/cmake_prefix_path.ps1'
[0.516s] INFO:colcon.colcon_core.shell:Creating environment descriptor '/home/virkt/CS497F/ros-lab-2/install/ros_gz_description/share/ros_gz_description/hook/cmake_prefix_path.dsv'
[0.518s] INFO:colcon.colcon_core.shell:Creating environment hook '/home/virkt/CS497F/ros-lab-2/install/ros_gz_description/share/ros_gz_description/hook/cmake_prefix_path.sh'
[0.520s] Level 1:colcon.colcon_core.environment:checking '/home/virkt/CS497F/ros-lab-2/install/ros_gz_description/bin'
[0.521s] Level 1:colcon.colcon_core.environment:checking '/home/virkt/CS497F/ros-lab-2/install/ros_gz_description/lib/pkgconfig/ros_gz_description.pc'
[0.521s] Level 1:colcon.colcon_core.environment:checking '/home/virkt/CS497F/ros-lab-2/install/ros_gz_description/lib/python3.12/site-packages'
[0.521s] Level 1:colcon.colcon_core.environment:checking '/home/virkt/CS497F/ros-lab-2/install/ros_gz_description/bin'
[0.521s] INFO:colcon.colcon_core.shell:Creating package script '/home/virkt/CS497F/ros-lab-2/install/ros_gz_description/share/ros_gz_description/package.ps1'
[0.523s] INFO:colcon.colcon_core.shell:Creating package descriptor '/home/virkt/CS497F/ros-lab-2/install/ros_gz_description/share/ros_gz_description/package.dsv'
[0.525s] INFO:colcon.colcon_core.shell:Creating package script '/home/virkt/CS497F/ros-lab-2/install/ros_gz_description/share/ros_gz_description/package.sh'
[0.527s] INFO:colcon.colcon_core.shell:Creating package script '/home/virkt/CS497F/ros-lab-2/install/ros_gz_description/share/ros_gz_description/package.bash'
[0.529s] INFO:colcon.colcon_core.shell:Creating package script '/home/virkt/CS497F/ros-lab-2/install/ros_gz_description/share/ros_gz_description/package.zsh'
[0.531s] Level 1:colcon.colcon_core.environment:create_file_with_runtime_dependencies(/home/virkt/CS497F/ros-lab-2/install/ros_gz_description/share/colcon-core/packages/ros_gz_description)
[0.532s] INFO:colcon.colcon_ros.task.ament_cmake.build:Building ROS package in '/home/virkt/CS497F/ros-lab-2/ros_gz_gazebo' with build type 'ament_cmake'
[0.532s] INFO:colcon.colcon_cmake.task.cmake.build:Building CMake package in '/home/virkt/CS497F/ros-lab-2/ros_gz_gazebo'
[0.532s] INFO:colcon.colcon_core.shell:Skip shell extension 'powershell' for command environment: Not usable outside of PowerShell
[0.532s] DEBUG:colcon.colcon_core.shell:Skip shell extension 'dsv' for command environment
[0.539s] Level 1:colcon.colcon_core.environment:create_environment_scripts_only(ros_gz_app)
[0.539s] Level 1:colcon.colcon_core.environment:checking '/home/virkt/CS497F/ros-lab-2/install/ros_gz_app' for CMake module files
[0.539s] DEBUG:colcon.colcon_core.event_handler.log_command:Invoked command in '/home/virkt/CS497F/ros-lab-2/build/ros_gz_app' returned '0': CMAKE_PREFIX_PATH=${CMAKE_PREFIX_PATH}:/opt/ros/jazzy PS1=<ROS2-Jazzy>[\u@\h \W]$ /usr/bin/cmake --install /home/virkt/CS497F/ros-lab-2/build/ros_gz_app
[0.540s] Level 1:colcon.colcon_core.environment:checking '/home/virkt/CS497F/ros-lab-2/install/ros_gz_app' for CMake config files
[0.543s] Level 1:colcon.colcon_core.shell:create_environment_hook('ros_gz_app', 'cmake_prefix_path')
[0.543s] INFO:colcon.colcon_core.shell:Creating environment hook '/home/virkt/CS497F/ros-lab-2/install/ros_gz_app/share/ros_gz_app/hook/cmake_prefix_path.ps1'
[0.546s] INFO:colcon.colcon_core.shell:Creating environment descriptor '/home/virkt/CS497F/ros-lab-2/install/ros_gz_app/share/ros_gz_app/hook/cmake_prefix_path.dsv'
[0.548s] INFO:colcon.colcon_core.shell:Creating environment hook '/home/virkt/CS497F/ros-lab-2/install/ros_gz_app/share/ros_gz_app/hook/cmake_prefix_path.sh'
[0.551s] Level 1:colcon.colcon_core.environment:checking '/home/virkt/CS497F/ros-lab-2/install/ros_gz_app/bin'
[0.551s] Level 1:colcon.colcon_core.environment:checking '/home/virkt/CS497F/ros-lab-2/install/ros_gz_app/lib/pkgconfig/ros_gz_app.pc'
[0.551s] Level 1:colcon.colcon_core.environment:checking '/home/virkt/CS497F/ros-lab-2/install/ros_gz_app/lib/python3.12/site-packages'
[0.551s] Level 1:colcon.colcon_core.environment:checking '/home/virkt/CS497F/ros-lab-2/install/ros_gz_app/bin'
[0.552s] INFO:colcon.colcon_core.shell:Creating package script '/home/virkt/CS497F/ros-lab-2/install/ros_gz_app/share/ros_gz_app/package.ps1'
[0.554s] INFO:colcon.colcon_core.shell:Creating package descriptor '/home/virkt/CS497F/ros-lab-2/install/ros_gz_app/share/ros_gz_app/package.dsv'
[0.556s] INFO:colcon.colcon_core.shell:Creating package script '/home/virkt/CS497F/ros-lab-2/install/ros_gz_app/share/ros_gz_app/package.sh'
[0.559s] INFO:colcon.colcon_core.shell:Creating package script '/home/virkt/CS497F/ros-lab-2/install/ros_gz_app/share/ros_gz_app/package.bash'
[0.561s] INFO:colcon.colcon_core.shell:Creating package script '/home/virkt/CS497F/ros-lab-2/install/ros_gz_app/share/ros_gz_app/package.zsh'
[0.563s] Level 1:colcon.colcon_core.environment:create_file_with_runtime_dependencies(/home/virkt/CS497F/ros-lab-2/install/ros_gz_app/share/colcon-core/packages/ros_gz_app)
[0.564s] Level 1:colcon.colcon_core.environment:create_environment_scripts_only(ros_gz_app)
[0.564s] Level 1:colcon.colcon_core.environment:checking '/home/virkt/CS497F/ros-lab-2/install/ros_gz_app' for CMake module files
[0.565s] Level 1:colcon.colcon_core.environment:checking '/home/virkt/CS497F/ros-lab-2/install/ros_gz_app' for CMake config files
[0.568s] Level 1:colcon.colcon_core.shell:create_environment_hook('ros_gz_app', 'cmake_prefix_path')
[0.568s] INFO:colcon.colcon_core.shell:Creating environment hook '/home/virkt/CS497F/ros-lab-2/install/ros_gz_app/share/ros_gz_app/hook/cmake_prefix_path.ps1'
[0.571s] INFO:colcon.colcon_core.shell:Creating environment descriptor '/home/virkt/CS497F/ros-lab-2/install/ros_gz_app/share/ros_gz_app/hook/cmake_prefix_path.dsv'
[0.573s] INFO:colcon.colcon_core.shell:Creating environment hook '/home/virkt/CS497F/ros-lab-2/install/ros_gz_app/share/ros_gz_app/hook/cmake_prefix_path.sh'
[0.575s] Level 1:colcon.colcon_core.environment:checking '/home/virkt/CS497F/ros-lab-2/install/ros_gz_app/bin'
[0.575s] Level 1:colcon.colcon_core.environment:checking '/home/virkt/CS497F/ros-lab-2/install/ros_gz_app/lib/pkgconfig/ros_gz_app.pc'
[0.575s] Level 1:colcon.colcon_core.environment:checking '/home/virkt/CS497F/ros-lab-2/install/ros_gz_app/lib/python3.12/site-packages'
[0.575s] Level 1:colcon.colcon_core.environment:checking '/home/virkt/CS497F/ros-lab-2/install/ros_gz_app/bin'
[0.575s] INFO:colcon.colcon_core.shell:Creating package script '/home/virkt/CS497F/ros-lab-2/install/ros_gz_app/share/ros_gz_app/package.ps1'
[0.578s] INFO:colcon.colcon_core.shell:Creating package descriptor '/home/virkt/CS497F/ros-lab-2/install/ros_gz_app/share/ros_gz_app/package.dsv'
[0.580s] INFO:colcon.colcon_core.shell:Creating package script '/home/virkt/CS497F/ros-lab-2/install/ros_gz_app/share/ros_gz_app/package.sh'
[0.582s] INFO:colcon.colcon_core.shell:Creating package script '/home/virkt/CS497F/ros-lab-2/install/ros_gz_app/share/ros_gz_app/package.bash'
[0.585s] INFO:colcon.colcon_core.shell:Creating package script '/home/virkt/CS497F/ros-lab-2/install/ros_gz_app/share/ros_gz_app/package.zsh'
[0.588s] Level 1:colcon.colcon_core.environment:create_file_with_runtime_dependencies(/home/virkt/CS497F/ros-lab-2/install/ros_gz_app/share/colcon-core/packages/ros_gz_app)
[0.600s] DEBUG:colcon.colcon_core.event_handler.log_command:Invoking command in '/home/virkt/CS497F/ros-lab-2/build/ros_gz_gazebo': CMAKE_PREFIX_PATH=/home/virkt/CS497F/ros-lab-2/install/ros_gz_description:/opt/ros/jazzy/opt/gz_sim_vendor:/opt/ros/jazzy/opt/gz_sensors_vendor:/opt/ros/jazzy/opt/gz_physics_vendor:/opt/ros/jazzy/opt/sdformat_vendor:/opt/ros/jazzy/opt/gz_gui_vendor:/opt/ros/jazzy/opt/gz_transport_vendor:/opt/ros/jazzy/opt/gz_rendering_vendor:/opt/ros/jazzy/opt/gz_plugin_vendor:/opt/ros/jazzy/opt/gz_fuel_tools_vendor:/opt/ros/jazzy/opt/gz_msgs_vendor:/opt/ros/jazzy/opt/gz_common_vendor:/opt/ros/jazzy/opt/gz_math_vendor:/opt/ros/jazzy/opt/gz_utils_vendor:/opt/ros/jazzy/opt/gz_tools_vendor:/opt/ros/jazzy/opt/gz_ogre_next_vendor:/opt/ros/jazzy/opt/gz_dartsim_vendor:/opt/ros/jazzy/opt/gz_cmake_vendor:/opt/ros/jazzy PS1=<ROS2-Jazzy>[\u@\h \W]$ /usr/bin/cmake --build /home/virkt/CS497F/ros-lab-2/build/ros_gz_gazebo -- -j28 -l28
[0.703s] DEBUG:colcon.colcon_core.event_handler.log_command:Invoked command in '/home/virkt/CS497F/ros-lab-2/build/ros_gz_gazebo' returned '0': CMAKE_PREFIX_PATH=/home/virkt/CS497F/ros-lab-2/install/ros_gz_description:/opt/ros/jazzy/opt/gz_sim_vendor:/opt/ros/jazzy/opt/gz_sensors_vendor:/opt/ros/jazzy/opt/gz_physics_vendor:/opt/ros/jazzy/opt/sdformat_vendor:/opt/ros/jazzy/opt/gz_gui_vendor:/opt/ros/jazzy/opt/gz_transport_vendor:/opt/ros/jazzy/opt/gz_rendering_vendor:/opt/ros/jazzy/opt/gz_plugin_vendor:/opt/ros/jazzy/opt/gz_fuel_tools_vendor:/opt/ros/jazzy/opt/gz_msgs_vendor:/opt/ros/jazzy/opt/gz_common_vendor:/opt/ros/jazzy/opt/gz_math_vendor:/opt/ros/jazzy/opt/gz_utils_vendor:/opt/ros/jazzy/opt/gz_tools_vendor:/opt/ros/jazzy/opt/gz_ogre_next_vendor:/opt/ros/jazzy/opt/gz_dartsim_vendor:/opt/ros/jazzy/opt/gz_cmake_vendor:/opt/ros/jazzy PS1=<ROS2-Jazzy>[\u@\h \W]$ /usr/bin/cmake --build /home/virkt/CS497F/ros-lab-2/build/ros_gz_gazebo -- -j28 -l28
[0.706s] DEBUG:colcon.colcon_core.event_handler.log_command:Invoking command in '/home/virkt/CS497F/ros-lab-2/build/ros_gz_gazebo': CMAKE_PREFIX_PATH=/home/virkt/CS497F/ros-lab-2/install/ros_gz_description:/opt/ros/jazzy/opt/gz_sim_vendor:/opt/ros/jazzy/opt/gz_sensors_vendor:/opt/ros/jazzy/opt/gz_physics_vendor:/opt/ros/jazzy/opt/sdformat_vendor:/opt/ros/jazzy/opt/gz_gui_vendor:/opt/ros/jazzy/opt/gz_transport_vendor:/opt/ros/jazzy/opt/gz_rendering_vendor:/opt/ros/jazzy/opt/gz_plugin_vendor:/opt/ros/jazzy/opt/gz_fuel_tools_vendor:/opt/ros/jazzy/opt/gz_msgs_vendor:/opt/ros/jazzy/opt/gz_common_vendor:/opt/ros/jazzy/opt/gz_math_vendor:/opt/ros/jazzy/opt/gz_utils_vendor:/opt/ros/jazzy/opt/gz_tools_vendor:/opt/ros/jazzy/opt/gz_ogre_next_vendor:/opt/ros/jazzy/opt/gz_dartsim_vendor:/opt/ros/jazzy/opt/gz_cmake_vendor:/opt/ros/jazzy PS1=<ROS2-Jazzy>[\u@\h \W]$ /usr/bin/cmake --install /home/virkt/CS497F/ros-lab-2/build/ros_gz_gazebo
[0.751s] Level 1:colcon.colcon_core.environment:create_environment_scripts_only(ros_gz_gazebo)
[0.752s] Level 1:colcon.colcon_core.environment:checking '/home/virkt/CS497F/ros-lab-2/install/ros_gz_gazebo' for CMake module files
[0.752s] DEBUG:colcon.colcon_core.event_handler.log_command:Invoked command in '/home/virkt/CS497F/ros-lab-2/build/ros_gz_gazebo' returned '0': CMAKE_PREFIX_PATH=/home/virkt/CS497F/ros-lab-2/install/ros_gz_description:/opt/ros/jazzy/opt/gz_sim_vendor:/opt/ros/jazzy/opt/gz_sensors_vendor:/opt/ros/jazzy/opt/gz_physics_vendor:/opt/ros/jazzy/opt/sdformat_vendor:/opt/ros/jazzy/opt/gz_gui_vendor:/opt/ros/jazzy/opt/gz_transport_vendor:/opt/ros/jazzy/opt/gz_rendering_vendor:/opt/ros/jazzy/opt/gz_plugin_vendor:/opt/ros/jazzy/opt/gz_fuel_tools_vendor:/opt/ros/jazzy/opt/gz_msgs_vendor:/opt/ros/jazzy/opt/gz_common_vendor:/opt/ros/jazzy/opt/gz_math_vendor:/opt/ros/jazzy/opt/gz_utils_vendor:/opt/ros/jazzy/opt/gz_tools_vendor:/opt/ros/jazzy/opt/gz_ogre_next_vendor:/opt/ros/jazzy/opt/gz_dartsim_vendor:/opt/ros/jazzy/opt/gz_cmake_vendor:/opt/ros/jazzy PS1=<ROS2-Jazzy>[\u@\h \W]$ /usr/bin/cmake --install /home/virkt/CS497F/ros-lab-2/build/ros_gz_gazebo
[0.753s] Level 1:colcon.colcon_core.environment:checking '/home/virkt/CS497F/ros-lab-2/install/ros_gz_gazebo' for CMake config files
[0.756s] Level 1:colcon.colcon_core.shell:create_environment_hook('ros_gz_gazebo', 'cmake_prefix_path')
[0.756s] INFO:colcon.colcon_core.shell:Creating environment hook '/home/virkt/CS497F/ros-lab-2/install/ros_gz_gazebo/share/ros_gz_gazebo/hook/cmake_prefix_path.ps1'
[0.759s] INFO:colcon.colcon_core.shell:Creating environment descriptor '/home/virkt/CS497F/ros-lab-2/install/ros_gz_gazebo/share/ros_gz_gazebo/hook/cmake_prefix_path.dsv'
[0.761s] INFO:colcon.colcon_core.shell:Creating environment hook '/home/virkt/CS497F/ros-lab-2/install/ros_gz_gazebo/share/ros_gz_gazebo/hook/cmake_prefix_path.sh'
[0.763s] Level 1:colcon.colcon_core.environment:checking '/home/virkt/CS497F/ros-lab-2/install/ros_gz_gazebo/lib'
[0.763s] Level 1:colcon.colcon_core.environment:checking '/home/virkt/CS497F/ros-lab-2/install/ros_gz_gazebo/bin'
[0.763s] Level 1:colcon.colcon_core.environment:checking '/home/virkt/CS497F/ros-lab-2/install/ros_gz_gazebo/lib/pkgconfig/ros_gz_gazebo.pc'
[0.764s] Level 1:colcon.colcon_core.environment:checking '/home/virkt/CS497F/ros-lab-2/install/ros_gz_gazebo/lib/python3.12/site-packages'
[0.764s] Level 1:colcon.colcon_core.environment:checking '/home/virkt/CS497F/ros-lab-2/install/ros_gz_gazebo/bin'
[0.764s] INFO:colcon.colcon_core.shell:Creating package script '/home/virkt/CS497F/ros-lab-2/install/ros_gz_gazebo/share/ros_gz_gazebo/package.ps1'
[0.766s] INFO:colcon.colcon_core.shell:Creating package descriptor '/home/virkt/CS497F/ros-lab-2/install/ros_gz_gazebo/share/ros_gz_gazebo/package.dsv'
[0.768s] INFO:colcon.colcon_core.shell:Creating package script '/home/virkt/CS497F/ros-lab-2/install/ros_gz_gazebo/share/ros_gz_gazebo/package.sh'
[0.770s] INFO:colcon.colcon_core.shell:Creating package script '/home/virkt/CS497F/ros-lab-2/install/ros_gz_gazebo/share/ros_gz_gazebo/package.bash'
[0.772s] INFO:colcon.colcon_core.shell:Creating package script '/home/virkt/CS497F/ros-lab-2/install/ros_gz_gazebo/share/ros_gz_gazebo/package.zsh'
[0.774s] Level 1:colcon.colcon_core.environment:create_file_with_runtime_dependencies(/home/virkt/CS497F/ros-lab-2/install/ros_gz_gazebo/share/colcon-core/packages/ros_gz_gazebo)
[0.777s] Level 1:colcon.colcon_core.environment:create_environment_scripts_only(ros_gz_gazebo)
[0.777s] Level 1:colcon.colcon_core.environment:checking '/home/virkt/CS497F/ros-lab-2/install/ros_gz_gazebo' for CMake module files
[0.778s] Level 1:colcon.colcon_core.environment:checking '/home/virkt/CS497F/ros-lab-2/install/ros_gz_gazebo' for CMake config files
[0.781s] Level 1:colcon.colcon_core.shell:create_environment_hook('ros_gz_gazebo', 'cmake_prefix_path')
[0.781s] INFO:colcon.colcon_core.shell:Creating environment hook '/home/virkt/CS497F/ros-lab-2/install/ros_gz_gazebo/share/ros_gz_gazebo/hook/cmake_prefix_path.ps1'
[0.783s] INFO:colcon.colcon_core.shell:Creating environment descriptor '/home/virkt/CS497F/ros-lab-2/install/ros_gz_gazebo/share/ros_gz_gazebo/hook/cmake_prefix_path.dsv'
[0.785s] INFO:colcon.colcon_core.shell:Creating environment hook '/home/virkt/CS497F/ros-lab-2/install/ros_gz_gazebo/share/ros_gz_gazebo/hook/cmake_prefix_path.sh'
[0.787s] Level 1:colcon.colcon_core.environment:checking '/home/virkt/CS497F/ros-lab-2/install/ros_gz_gazebo/lib'
[0.788s] Level 1:colcon.colcon_core.environment:checking '/home/virkt/CS497F/ros-lab-2/install/ros_gz_gazebo/bin'
[0.788s] Level 1:colcon.colcon_core.environment:checking '/home/virkt/CS497F/ros-lab-2/install/ros_gz_gazebo/lib/pkgconfig/ros_gz_gazebo.pc'
[0.788s] Level 1:colcon.colcon_core.environment:checking '/home/virkt/CS497F/ros-lab-2/install/ros_gz_gazebo/lib/python3.12/site-packages'
[0.788s] Level 1:colcon.colcon_core.environment:checking '/home/virkt/CS497F/ros-lab-2/install/ros_gz_gazebo/bin'
[0.788s] INFO:colcon.colcon_core.shell:Creating package script '/home/virkt/CS497F/ros-lab-2/install/ros_gz_gazebo/share/ros_gz_gazebo/package.ps1'
[0.790s] INFO:colcon.colcon_core.shell:Creating package descriptor '/home/virkt/CS497F/ros-lab-2/install/ros_gz_gazebo/share/ros_gz_gazebo/package.dsv'
[0.792s] INFO:colcon.colcon_core.shell:Creating package script '/home/virkt/CS497F/ros-lab-2/install/ros_gz_gazebo/share/ros_gz_gazebo/package.sh'
[0.794s] INFO:colcon.colcon_core.shell:Creating package script '/home/virkt/CS497F/ros-lab-2/install/ros_gz_gazebo/share/ros_gz_gazebo/package.bash'
[0.796s] INFO:colcon.colcon_core.shell:Creating package script '/home/virkt/CS497F/ros-lab-2/install/ros_gz_gazebo/share/ros_gz_gazebo/package.zsh'
[0.798s] Level 1:colcon.colcon_core.environment:create_file_with_runtime_dependencies(/home/virkt/CS497F/ros-lab-2/install/ros_gz_gazebo/share/colcon-core/packages/ros_gz_gazebo)
[0.801s] INFO:colcon.colcon_ros.task.ament_cmake.build:Building ROS package in '/home/virkt/CS497F/ros-lab-2/ros_gz_bringup' with build type 'ament_cmake'
[0.801s] INFO:colcon.colcon_cmake.task.cmake.build:Building CMake package in '/home/virkt/CS497F/ros-lab-2/ros_gz_bringup'
[0.801s] INFO:colcon.colcon_core.shell:Skip shell extension 'powershell' for command environment: Not usable outside of PowerShell
[0.801s] DEBUG:colcon.colcon_core.shell:Skip shell extension 'dsv' for command environment
[0.812s] DEBUG:colcon.colcon_core.event_handler.log_command:Invoking command in '/home/virkt/CS497F/ros-lab-2/py_pubsub': PS1=<ROS2-Jazzy>[\u@\h \W]$ PYTHONPATH=/home/virkt/CS497F/ros-lab-2/build/py_pubsub/prefix_override:/usr/lib/python3/dist-packages/colcon_core/task/python/colcon_distutils_commands:/home/virkt/CS497F/ros-lab-2/install/py_pubsub/lib/python3.12/site-packages:${PYTHONPATH} /usr/bin/python3 -W ignore:setup.py install is deprecated -W ignore:easy_install command is deprecated setup.py egg_info --egg-base ../build/py_pubsub build --build-base /home/virkt/CS497F/ros-lab-2/build/py_pubsub/build install --record /home/virkt/CS497F/ros-lab-2/build/py_pubsub/install.log --single-version-externally-managed install_data
[0.827s] DEBUG:colcon.colcon_core.event_handler.log_command:Invoking command in '/home/virkt/CS497F/ros-lab-2/build/ros_gz_bringup': AMENT_PREFIX_PATH=/home/virkt/CS497F/ros-lab-2/install/ros_gz_gazebo:${AMENT_PREFIX_PATH} CMAKE_PREFIX_PATH=/home/virkt/CS497F/ros-lab-2/install/ros_gz_gazebo:/home/virkt/CS497F/ros-lab-2/install/ros_gz_description:/opt/ros/jazzy/opt/gz_sim_vendor:/opt/ros/jazzy/opt/gz_sensors_vendor:/opt/ros/jazzy/opt/gz_physics_vendor:/opt/ros/jazzy/opt/sdformat_vendor:/opt/ros/jazzy/opt/gz_gui_vendor:/opt/ros/jazzy/opt/gz_transport_vendor:/opt/ros/jazzy/opt/gz_rendering_vendor:/opt/ros/jazzy/opt/gz_plugin_vendor:/opt/ros/jazzy/opt/gz_fuel_tools_vendor:/opt/ros/jazzy/opt/gz_msgs_vendor:/opt/ros/jazzy/opt/gz_common_vendor:/opt/ros/jazzy/opt/gz_math_vendor:/opt/ros/jazzy/opt/gz_utils_vendor:/opt/ros/jazzy/opt/gz_tools_vendor:/opt/ros/jazzy/opt/gz_ogre_next_vendor:/opt/ros/jazzy/opt/gz_dartsim_vendor:/opt/ros/jazzy/opt/gz_cmake_vendor:/opt/ros/jazzy GZ_SIM_PLUGIN_PATH=/home/virkt/CS497F/ros-lab-2/install/ros_gz_gazebo/lib/ros_gz_gazebo GZ_SIM_RESOURCE_PATH=/home/virkt/CS497F/ros-lab-2/install/ros_gz_gazebo/share/ros_gz_gazebo/worlds PS1=<ROS2-Jazzy>[\u@\h \W]$ /usr/bin/cmake --build /home/virkt/CS497F/ros-lab-2/build/ros_gz_bringup -- -j28 -l28
[0.872s] DEBUG:colcon.colcon_core.event_handler.log_command:Invoked command in '/home/virkt/CS497F/ros-lab-2/build/ros_gz_bringup' returned '0': AMENT_PREFIX_PATH=/home/virkt/CS497F/ros-lab-2/install/ros_gz_gazebo:${AMENT_PREFIX_PATH} CMAKE_PREFIX_PATH=/home/virkt/CS497F/ros-lab-2/install/ros_gz_gazebo:/home/virkt/CS497F/ros-lab-2/install/ros_gz_description:/opt/ros/jazzy/opt/gz_sim_vendor:/opt/ros/jazzy/opt/gz_sensors_vendor:/opt/ros/jazzy/opt/gz_physics_vendor:/opt/ros/jazzy/opt/sdformat_vendor:/opt/ros/jazzy/opt/gz_gui_vendor:/opt/ros/jazzy/opt/gz_transport_vendor:/opt/ros/jazzy/opt/gz_rendering_vendor:/opt/ros/jazzy/opt/gz_plugin_vendor:/opt/ros/jazzy/opt/gz_fuel_tools_vendor:/opt/ros/jazzy/opt/gz_msgs_vendor:/opt/ros/jazzy/opt/gz_common_vendor:/opt/ros/jazzy/opt/gz_math_vendor:/opt/ros/jazzy/opt/gz_utils_vendor:/opt/ros/jazzy/opt/gz_tools_vendor:/opt/ros/jazzy/opt/gz_ogre_next_vendor:/opt/ros/jazzy/opt/gz_dartsim_vendor:/opt/ros/jazzy/opt/gz_cmake_vendor:/opt/ros/jazzy GZ_SIM_PLUGIN_PATH=/home/virkt/CS497F/ros-lab-2/install/ros_gz_gazebo/lib/ros_gz_gazebo GZ_SIM_RESOURCE_PATH=/home/virkt/CS497F/ros-lab-2/install/ros_gz_gazebo/share/ros_gz_gazebo/worlds PS1=<ROS2-Jazzy>[\u@\h \W]$ /usr/bin/cmake --build /home/virkt/CS497F/ros-lab-2/build/ros_gz_bringup -- -j28 -l28
[0.874s] DEBUG:colcon.colcon_core.event_handler.log_command:Invoking command in '/home/virkt/CS497F/ros-lab-2/build/ros_gz_bringup': AMENT_PREFIX_PATH=/home/virkt/CS497F/ros-lab-2/install/ros_gz_gazebo:${AMENT_PREFIX_PATH} CMAKE_PREFIX_PATH=/home/virkt/CS497F/ros-lab-2/install/ros_gz_gazebo:/home/virkt/CS497F/ros-lab-2/install/ros_gz_description:/opt/ros/jazzy/opt/gz_sim_vendor:/opt/ros/jazzy/opt/gz_sensors_vendor:/opt/ros/jazzy/opt/gz_physics_vendor:/opt/ros/jazzy/opt/sdformat_vendor:/opt/ros/jazzy/opt/gz_gui_vendor:/opt/ros/jazzy/opt/gz_transport_vendor:/opt/ros/jazzy/opt/gz_rendering_vendor:/opt/ros/jazzy/opt/gz_plugin_vendor:/opt/ros/jazzy/opt/gz_fuel_tools_vendor:/opt/ros/jazzy/opt/gz_msgs_vendor:/opt/ros/jazzy/opt/gz_common_vendor:/opt/ros/jazzy/opt/gz_math_vendor:/opt/ros/jazzy/opt/gz_utils_vendor:/opt/ros/jazzy/opt/gz_tools_vendor:/opt/ros/jazzy/opt/gz_ogre_next_vendor:/opt/ros/jazzy/opt/gz_dartsim_vendor:/opt/ros/jazzy/opt/gz_cmake_vendor:/opt/ros/jazzy GZ_SIM_PLUGIN_PATH=/home/virkt/CS497F/ros-lab-2/install/ros_gz_gazebo/lib/ros_gz_gazebo GZ_SIM_RESOURCE_PATH=/home/virkt/CS497F/ros-lab-2/install/ros_gz_gazebo/share/ros_gz_gazebo/worlds PS1=<ROS2-Jazzy>[\u@\h \W]$ /usr/bin/cmake --install /home/virkt/CS497F/ros-lab-2/build/ros_gz_bringup
[0.910s] Level 1:colcon.colcon_core.environment:create_environment_scripts_only(ros_gz_bringup)
[0.910s] Level 1:colcon.colcon_core.environment:checking '/home/virkt/CS497F/ros-lab-2/install/ros_gz_bringup' for CMake module files
[0.910s] DEBUG:colcon.colcon_core.event_handler.log_command:Invoked command in '/home/virkt/CS497F/ros-lab-2/build/ros_gz_bringup' returned '0': AMENT_PREFIX_PATH=/home/virkt/CS497F/ros-lab-2/install/ros_gz_gazebo:${AMENT_PREFIX_PATH} CMAKE_PREFIX_PATH=/home/virkt/CS497F/ros-lab-2/install/ros_gz_gazebo:/home/virkt/CS497F/ros-lab-2/install/ros_gz_description:/opt/ros/jazzy/opt/gz_sim_vendor:/opt/ros/jazzy/opt/gz_sensors_vendor:/opt/ros/jazzy/opt/gz_physics_vendor:/opt/ros/jazzy/opt/sdformat_vendor:/opt/ros/jazzy/opt/gz_gui_vendor:/opt/ros/jazzy/opt/gz_transport_vendor:/opt/ros/jazzy/opt/gz_rendering_vendor:/opt/ros/jazzy/opt/gz_plugin_vendor:/opt/ros/jazzy/opt/gz_fuel_tools_vendor:/opt/ros/jazzy/opt/gz_msgs_vendor:/opt/ros/jazzy/opt/gz_common_vendor:/opt/ros/jazzy/opt/gz_math_vendor:/opt/ros/jazzy/opt/gz_utils_vendor:/opt/ros/jazzy/opt/gz_tools_vendor:/opt/ros/jazzy/opt/gz_ogre_next_vendor:/opt/ros/jazzy/opt/gz_dartsim_vendor:/opt/ros/jazzy/opt/gz_cmake_vendor:/opt/ros/jazzy GZ_SIM_PLUGIN_PATH=/home/virkt/CS497F/ros-lab-2/install/ros_gz_gazebo/lib/ros_gz_gazebo GZ_SIM_RESOURCE_PATH=/home/virkt/CS497F/ros-lab-2/install/ros_gz_gazebo/share/ros_gz_gazebo/worlds PS1=<ROS2-Jazzy>[\u@\h \W]$ /usr/bin/cmake --install /home/virkt/CS497F/ros-lab-2/build/ros_gz_bringup
[0.911s] Level 1:colcon.colcon_core.environment:checking '/home/virkt/CS497F/ros-lab-2/install/ros_gz_bringup' for CMake config files
[0.915s] Level 1:colcon.colcon_core.shell:create_environment_hook('ros_gz_bringup', 'cmake_prefix_path')
[0.916s] INFO:colcon.colcon_core.shell:Creating environment hook '/home/virkt/CS497F/ros-lab-2/install/ros_gz_bringup/share/ros_gz_bringup/hook/cmake_prefix_path.ps1'
[0.918s] INFO:colcon.colcon_core.shell:Creating environment descriptor '/home/virkt/CS497F/ros-lab-2/install/ros_gz_bringup/share/ros_gz_bringup/hook/cmake_prefix_path.dsv'
[0.921s] INFO:colcon.colcon_core.shell:Creating environment hook '/home/virkt/CS497F/ros-lab-2/install/ros_gz_bringup/share/ros_gz_bringup/hook/cmake_prefix_path.sh'
[0.923s] Level 1:colcon.colcon_core.environment:checking '/home/virkt/CS497F/ros-lab-2/install/ros_gz_bringup/bin'
[0.923s] Level 1:colcon.colcon_core.environment:checking '/home/virkt/CS497F/ros-lab-2/install/ros_gz_bringup/lib/pkgconfig/ros_gz_bringup.pc'
[0.924s] Level 1:colcon.colcon_core.environment:checking '/home/virkt/CS497F/ros-lab-2/install/ros_gz_bringup/lib/python3.12/site-packages'
[0.924s] Level 1:colcon.colcon_core.environment:checking '/home/virkt/CS497F/ros-lab-2/install/ros_gz_bringup/bin'
[0.924s] INFO:colcon.colcon_core.shell:Creating package script '/home/virkt/CS497F/ros-lab-2/install/ros_gz_bringup/share/ros_gz_bringup/package.ps1'
[0.926s] INFO:colcon.colcon_core.shell:Creating package descriptor '/home/virkt/CS497F/ros-lab-2/install/ros_gz_bringup/share/ros_gz_bringup/package.dsv'
[0.928s] INFO:colcon.colcon_core.shell:Creating package script '/home/virkt/CS497F/ros-lab-2/install/ros_gz_bringup/share/ros_gz_bringup/package.sh'
[0.930s] INFO:colcon.colcon_core.shell:Creating package script '/home/virkt/CS497F/ros-lab-2/install/ros_gz_bringup/share/ros_gz_bringup/package.bash'
[0.932s] INFO:colcon.colcon_core.shell:Creating package script '/home/virkt/CS497F/ros-lab-2/install/ros_gz_bringup/share/ros_gz_bringup/package.zsh'
[0.934s] Level 1:colcon.colcon_core.environment:create_file_with_runtime_dependencies(/home/virkt/CS497F/ros-lab-2/install/ros_gz_bringup/share/colcon-core/packages/ros_gz_bringup)
[0.936s] Level 1:colcon.colcon_core.environment:create_environment_scripts_only(ros_gz_bringup)
[0.936s] Level 1:colcon.colcon_core.environment:checking '/home/virkt/CS497F/ros-lab-2/install/ros_gz_bringup' for CMake module files
[0.937s] Level 1:colcon.colcon_core.environment:checking '/home/virkt/CS497F/ros-lab-2/install/ros_gz_bringup' for CMake config files
[0.941s] Level 1:colcon.colcon_core.shell:create_environment_hook('ros_gz_bringup', 'cmake_prefix_path')
[0.941s] INFO:colcon.colcon_core.shell:Creating environment hook '/home/virkt/CS497F/ros-lab-2/install/ros_gz_bringup/share/ros_gz_bringup/hook/cmake_prefix_path.ps1'
[0.943s] INFO:colcon.colcon_core.shell:Creating environment descriptor '/home/virkt/CS497F/ros-lab-2/install/ros_gz_bringup/share/ros_gz_bringup/hook/cmake_prefix_path.dsv'
[0.945s] INFO:colcon.colcon_core.shell:Creating environment hook '/home/virkt/CS497F/ros-lab-2/install/ros_gz_bringup/share/ros_gz_bringup/hook/cmake_prefix_path.sh'
[0.947s] Level 1:colcon.colcon_core.environment:checking '/home/virkt/CS497F/ros-lab-2/install/ros_gz_bringup/bin'
[0.947s] Level 1:colcon.colcon_core.environment:checking '/home/virkt/CS497F/ros-lab-2/install/ros_gz_bringup/lib/pkgconfig/ros_gz_bringup.pc'
[0.947s] Level 1:colcon.colcon_core.environment:checking '/home/virkt/CS497F/ros-lab-2/install/ros_gz_bringup/lib/python3.12/site-packages'
[0.947s] Level 1:colcon.colcon_core.environment:checking '/home/virkt/CS497F/ros-lab-2/install/ros_gz_bringup/bin'
[0.948s] INFO:colcon.colcon_core.shell:Creating package script '/home/virkt/CS497F/ros-lab-2/install/ros_gz_bringup/share/ros_gz_bringup/package.ps1'
[0.950s] INFO:colcon.colcon_core.shell:Creating package descriptor '/home/virkt/CS497F/ros-lab-2/install/ros_gz_bringup/share/ros_gz_bringup/package.dsv'
[0.952s] INFO:colcon.colcon_core.shell:Creating package script '/home/virkt/CS497F/ros-lab-2/install/ros_gz_bringup/share/ros_gz_bringup/package.sh'
[0.954s] INFO:colcon.colcon_core.shell:Creating package script '/home/virkt/CS497F/ros-lab-2/install/ros_gz_bringup/share/ros_gz_bringup/package.bash'
[0.956s] INFO:colcon.colcon_core.shell:Creating package script '/home/virkt/CS497F/ros-lab-2/install/ros_gz_bringup/share/ros_gz_bringup/package.zsh'
[0.958s] Level 1:colcon.colcon_core.environment:create_file_with_runtime_dependencies(/home/virkt/CS497F/ros-lab-2/install/ros_gz_bringup/share/colcon-core/packages/ros_gz_bringup)
[1.193s] Level 1:colcon.colcon_core.environment:checking '/home/virkt/CS497F/ros-lab-2/install/py_pubsub' for CMake module files
[1.194s] DEBUG:colcon.colcon_core.event_handler.log_command:Invoked command in '/home/virkt/CS497F/ros-lab-2/py_pubsub' returned '0': PS1=<ROS2-Jazzy>[\u@\h \W]$ PYTHONPATH=/home/virkt/CS497F/ros-lab-2/build/py_pubsub/prefix_override:/usr/lib/python3/dist-packages/colcon_core/task/python/colcon_distutils_commands:/home/virkt/CS497F/ros-lab-2/install/py_pubsub/lib/python3.12/site-packages:${PYTHONPATH} /usr/bin/python3 -W ignore:setup.py install is deprecated -W ignore:easy_install command is deprecated setup.py egg_info --egg-base ../build/py_pubsub build --build-base /home/virkt/CS497F/ros-lab-2/build/py_pubsub/build install --record /home/virkt/CS497F/ros-lab-2/build/py_pubsub/install.log --single-version-externally-managed install_data
[1.195s] Level 1:colcon.colcon_core.environment:checking '/home/virkt/CS497F/ros-lab-2/install/py_pubsub' for CMake config files
[1.198s] Level 1:colcon.colcon_core.environment:checking '/home/virkt/CS497F/ros-lab-2/install/py_pubsub/lib'
[1.199s] Level 1:colcon.colcon_core.environment:checking '/home/virkt/CS497F/ros-lab-2/install/py_pubsub/bin'
[1.199s] Level 1:colcon.colcon_core.environment:checking '/home/virkt/CS497F/ros-lab-2/install/py_pubsub/lib/pkgconfig/py_pubsub.pc'
[1.199s] Level 1:colcon.colcon_core.environment:checking '/home/virkt/CS497F/ros-lab-2/install/py_pubsub/lib/python3.12/site-packages'
[1.199s] Level 1:colcon.colcon_core.shell:create_environment_hook('py_pubsub', 'pythonpath')
[1.199s] INFO:colcon.colcon_core.shell:Creating environment hook '/home/virkt/CS497F/ros-lab-2/install/py_pubsub/share/py_pubsub/hook/pythonpath.ps1'
[1.201s] INFO:colcon.colcon_core.shell:Creating environment descriptor '/home/virkt/CS497F/ros-lab-2/install/py_pubsub/share/py_pubsub/hook/pythonpath.dsv'
[1.202s] INFO:colcon.colcon_core.shell:Creating environment hook '/home/virkt/CS497F/ros-lab-2/install/py_pubsub/share/py_pubsub/hook/pythonpath.sh'
[1.205s] Level 1:colcon.colcon_core.environment:checking '/home/virkt/CS497F/ros-lab-2/install/py_pubsub/bin'
[1.205s] Level 1:colcon.colcon_core.environment:create_environment_scripts_only(py_pubsub)
[1.205s] INFO:colcon.colcon_core.shell:Creating package script '/home/virkt/CS497F/ros-lab-2/install/py_pubsub/share/py_pubsub/package.ps1'
[1.207s] INFO:colcon.colcon_core.shell:Creating package descriptor '/home/virkt/CS497F/ros-lab-2/install/py_pubsub/share/py_pubsub/package.dsv'
[1.209s] INFO:colcon.colcon_core.shell:Creating package script '/home/virkt/CS497F/ros-lab-2/install/py_pubsub/share/py_pubsub/package.sh'
[1.211s] INFO:colcon.colcon_core.shell:Creating package script '/home/virkt/CS497F/ros-lab-2/install/py_pubsub/share/py_pubsub/package.bash'
[1.212s] INFO:colcon.colcon_core.shell:Creating package script '/home/virkt/CS497F/ros-lab-2/install/py_pubsub/share/py_pubsub/package.zsh'
[1.214s] Level 1:colcon.colcon_core.environment:create_file_with_runtime_dependencies(/home/virkt/CS497F/ros-lab-2/install/py_pubsub/share/colcon-core/packages/py_pubsub)
[1.216s] DEBUG:colcon.colcon_parallel_executor.executor.parallel:closing loop
[1.216s] DEBUG:colcon.colcon_parallel_executor.executor.parallel:loop closed
[1.216s] DEBUG:colcon.colcon_parallel_executor.executor.parallel:run_until_complete finished with '0'
[1.216s] DEBUG:colcon.colcon_core.event_reactor:joining thread
[1.271s] INFO:colcon.colcon_core.plugin_system:Skipping extension 'colcon_notification.desktop_notification.notify_send': Could not find 'notify-send'
[1.271s] INFO:colcon.colcon_core.plugin_system:Skipping extension 'colcon_notification.desktop_notification.terminal_notifier': Not used on non-Darwin systems
[1.272s] INFO:colcon.colcon_core.plugin_system:Skipping extension 'colcon_notification.desktop_notification.win32': Not used on non-Windows systems
[1.272s] INFO:colcon.colcon_notification.desktop_notification:Sending desktop notification using 'notify2'
[1.286s] DEBUG:colcon.colcon_core.event_reactor:joined thread
[1.287s] INFO:colcon.colcon_core.shell:Creating prefix script '/home/virkt/CS497F/ros-lab-2/install/local_setup.ps1'
[1.291s] INFO:colcon.colcon_core.shell:Creating prefix util module '/home/virkt/CS497F/ros-lab-2/install/_local_setup_util_ps1.py'
[1.296s] INFO:colcon.colcon_core.shell:Creating prefix chain script '/home/virkt/CS497F/ros-lab-2/install/setup.ps1'
[1.299s] INFO:colcon.colcon_core.shell:Creating prefix script '/home/virkt/CS497F/ros-lab-2/install/local_setup.sh'
[1.302s] INFO:colcon.colcon_core.shell:Creating prefix util module '/home/virkt/CS497F/ros-lab-2/install/_local_setup_util_sh.py'
[1.305s] INFO:colcon.colcon_core.shell:Creating prefix chain script '/home/virkt/CS497F/ros-lab-2/install/setup.sh'
[1.309s] INFO:colcon.colcon_core.shell:Creating prefix script '/home/virkt/CS497F/ros-lab-2/install/local_setup.bash'
[1.313s] INFO:colcon.colcon_core.shell:Creating prefix chain script '/home/virkt/CS497F/ros-lab-2/install/setup.bash'
[1.317s] INFO:colcon.colcon_core.shell:Creating prefix script '/home/virkt/CS497F/ros-lab-2/install/local_setup.zsh'
[1.319s] INFO:colcon.colcon_core.shell:Creating prefix chain script '/home/virkt/CS497F/ros-lab-2/install/setup.zsh'
